nohup: ignoring input
[2m2025-10-17T02:25:56.442555Z[0m [32m INFO[0m [2mlum_rust_ws::monitoring[0m[2m:[0m 🔍 Monitoring system initialized
[2m2025-10-17T02:25:56.442622Z[0m [32m INFO[0m [2mlum_rust_ws[0m[2m:[0m 🔍 Monitoring system initialized
[2m2025-10-17T02:25:56.442638Z[0m [32m INFO[0m [2mlum_rust_ws::optimization[0m[2m:[0m 🔧 Creating optimized database pool with 50 max connections
[2m2025-10-17T02:25:56.583052Z[0m [32m INFO[0m [2mlum_rust_ws::optimization[0m[2m:[0m ✅ Database pool created successfully
[2m2025-10-17T02:25:56.583098Z[0m [32m INFO[0m [2mlum_rust_ws::optimization[0m[2m:[0m 🔧 Creating optimized Redis client
[2m2025-10-17T02:25:56.583136Z[0m [32m INFO[0m [2mlum_rust_ws::optimization[0m[2m:[0m ✅ Redis client created successfully
[2m2025-10-17T02:25:56.642356Z[0m [32m INFO[0m [2mlum_rust_ws::domains::qr::service[0m[2m:[0m 🚀 Initializing optimized hybrid QR service (2-level cascade)
[2m2025-10-17T02:25:56.642477Z[0m [32m INFO[0m [2mlum_rust_ws::domains::qr::service[0m[2m:[0m 📊 Expected performance: 85% success with Rust (5-15ms), 12% with Python fallback (30-50ms)
[2m2025-10-17T02:25:56.642536Z[0m [32m INFO[0m [2mlum_rust_ws::shared::performance[0m[2m:[0m 🚀 Initializing PerformanceManager with advanced configuration
[2m2025-10-17T02:25:56.642563Z[0m [32m INFO[0m [2mlum_rust_ws::shared::performance[0m[2m:[0m 📊 QR Detection: 50 max concurrent
[2m2025-10-17T02:25:56.642585Z[0m [32m INFO[0m [2mlum_rust_ws::shared::performance[0m[2m:[0m 📊 OCR Processing: 20 max concurrent
[2m2025-10-17T02:25:56.642634Z[0m [32m INFO[0m [2mlum_rust_ws::shared::performance[0m[2m:[0m 📊 Webhook Processing: 100 max concurrent
[2m2025-10-17T02:25:56.642671Z[0m [32m INFO[0m [2mlum_rust_ws::shared::performance[0m[2m:[0m 📊 API Requests: 200 max concurrent
[2m2025-10-17T02:25:56.642727Z[0m [32m INFO[0m [2mlum_rust_ws::webhook::deduplication[0m[2m:[0m 🔄 MessageDeduplicator initialized with TTL: 300s, max_entries: 10000
[2m2025-10-17T02:25:56.642785Z[0m [32m INFO[0m [2mlum_rust_ws::shared::performance[0m[2m:[0m 🔥 Starting performance warm-up process...
[2m2025-10-17T02:25:56.643657Z[0m [32m INFO[0m [2mlum_rust_ws::shared::performance[0m[2m:[0m ✅ Database connection verified
[2m2025-10-17T02:25:56.643943Z[0m [32m INFO[0m [2mlum_rust_ws::shared::performance[0m[2m:[0m ✅ Redis connection verified
[2m2025-10-17T02:25:56.644036Z[0m [32m INFO[0m [2mlum_rust_ws::shared::performance[0m[2m:[0m 🔥 Performance warm-up completed
[2m2025-10-17T02:25:56.644072Z[0m [32m INFO[0m [2mlum_rust_ws::db::ws_pool[0m[2m:[0m 🔌 Connecting to WS database...
[2m2025-10-17T02:25:56.665025Z[0m [32m INFO[0m [2mlum_rust_ws::db::ws_pool[0m[2m:[0m ✅ WS database pool created successfully
[2m2025-10-17T02:25:56.665091Z[0m [32m INFO[0m [2mlum_rust_ws::state[0m[2m:[0m ✅ WS database pool initialized for ofertas
[2m2025-10-17T02:25:56.665121Z[0m [32m INFO[0m [2mlum_rust_ws[0m[2m:[0m 🚀 Application state initialized with optimized configuration
[2m2025-10-17T02:25:56.665166Z[0m [32m INFO[0m [2mlum_rust_ws::domains::qr::rust_qreader[0m[2m:[0m 🔧 Initializing RustQReader with ONNX: "models/qreader_detector_small.onnx"
[2m2025-10-17T02:25:56.678935Z[0m [32m INFO[0m [2mort::logging[0m[2m:[0m Session Options {  execution_mode:0 execution_order:DEFAULT enable_profiling:0 optimized_model_filepath:"" enable_mem_pattern:1 enable_mem_reuse:1 enable_cpu_mem_arena:1 profile_file_prefix:onnxruntime_profile_ session_logid: session_log_severity_level:-1 session_log_verbosity_level:0 max_num_graph_transformation_steps:10 graph_optimization_level:3 intra_op_param:OrtThreadPoolParams { thread_pool_size: 0 auto_set_affinity: 0 allow_spinning: 1 dynamic_block_base_: 0 stack_size: 0 affinity_str:  set_denormal_as_zero: 0 } inter_op_param:OrtThreadPoolParams { thread_pool_size: 0 auto_set_affinity: 0 allow_spinning: 1 dynamic_block_base_: 0 stack_size: 0 affinity_str:  set_denormal_as_zero: 0 } use_per_session_threads:1 thread_pool_allow_spinning:1 use_deterministic_compute:0 ep_selection_policy:0 config_options: {  } }
[2m2025-10-17T02:25:56.679034Z[0m [32m INFO[0m [2mort::logging[0m[2m:[0m Flush-to-zero and denormal-as-zero are off
[2m2025-10-17T02:25:56.679069Z[0m [32m INFO[0m [2mort::logging[0m[2m:[0m Creating and using per session threadpools since use_per_session_threads_ is true
[2m2025-10-17T02:25:56.679098Z[0m [32m INFO[0m [2mort::logging[0m[2m:[0m Dynamic block base set to 0
[2m2025-10-17T02:25:56.754940Z[0m [32m INFO[0m [2mort::logging[0m[2m:[0m Initializing session.
[2m2025-10-17T02:25:56.755084Z[0m [32m INFO[0m [2mort::logging[0m[2m:[0m Adding default CPU execution provider.
[2m2025-10-17T02:25:56.755140Z[0m [32m INFO[0m [2mort::logging[0m[2m:[0m Creating BFCArena for Cpu with following configs: initial_chunk_size_bytes: 1048576 max_dead_bytes_per_chunk: 134217728 initial_growth_chunk_size_bytes: 2097152 max_power_of_two_extend_bytes: 1073741824 memory limit: 18446744073709551615 arena_extend_strategy: 0
[2m2025-10-17T02:25:56.757469Z[0m [32m INFO[0m [2mort::logging[0m[2m:[0m This model does not have any local functions defined. AOT Inlining is not performed
[2m2025-10-17T02:25:56.757729Z[0m [32m INFO[0m [2mort::logging[0m[2m:[0m GraphTransformer EnsureUniqueDQForNodeUnit modified: 0 with status: OK
[2m2025-10-17T02:25:56.757983Z[0m [32m INFO[0m [2mort::logging[0m[2m:[0m GraphTransformer Level1_RuleBasedTransformer modified: 1 with status: OK
[2m2025-10-17T02:25:56.759945Z[0m [32m INFO[0m [2mort::logging[0m[2m:[0m Removing initializer '/model.22/Constant_61_output_0'. It is no longer used by any node.
[2m2025-10-17T02:25:56.760048Z[0m [32m INFO[0m [2mort::logging[0m[2m:[0m Removing initializer '/model.18/Constant_4_output_0'. It is no longer used by any node.
[2m2025-10-17T02:25:56.760112Z[0m [32m INFO[0m [2mort::logging[0m[2m:[0m Removing initializer '/model.12/Constant_4_output_0'. It is no longer used by any node.
[2m2025-10-17T02:25:56.760171Z[0m [32m INFO[0m [2mort::logging[0m[2m:[0m Removing initializer '/model.4/Constant_4_output_0'. It is no longer used by any node.
[2m2025-10-17T02:25:56.760216Z[0m [32m INFO[0m [2mort::logging[0m[2m:[0m Removing initializer '/model.2/Constant_4_output_0'. It is no longer used by any node.
[2m2025-10-17T02:25:56.760294Z[0m [32m INFO[0m [2mort::logging[0m[2m:[0m Removing initializer '/model.6/Constant_4_output_0'. It is no longer used by any node.
[2m2025-10-17T02:25:56.760348Z[0m [32m INFO[0m [2mort::logging[0m[2m:[0m Removing initializer '/model.8/Constant_4_output_0'. It is no longer used by any node.
[2m2025-10-17T02:25:56.760411Z[0m [32m INFO[0m [2mort::logging[0m[2m:[0m Removing initializer '/model.15/Constant_4_output_0'. It is no longer used by any node.
[2m2025-10-17T02:25:56.760471Z[0m [32m INFO[0m [2mort::logging[0m[2m:[0m Removing initializer '/model.21/Constant_4_output_0'. It is no longer used by any node.
[2m2025-10-17T02:25:56.760671Z[0m [32m INFO[0m [2mort::logging[0m[2m:[0m GraphTransformer DoubleQDQPairsRemover modified: 0 with status: OK
[2m2025-10-17T02:25:56.761057Z[0m [32m INFO[0m [2mort::logging[0m[2m:[0m Total shared scalar initializer count: 92
[2m2025-10-17T02:25:56.761158Z[0m [32m INFO[0m [2mort::logging[0m[2m:[0m GraphTransformer ConstantSharing modified: 1 with status: OK
[2m2025-10-17T02:25:56.763662Z[0m [32m INFO[0m [2mort::logging[0m[2m:[0m GraphTransformer CommonSubexpressionElimination modified: 1 with status: OK
[2m2025-10-17T02:25:56.765841Z[0m [32m INFO[0m [2mort::logging[0m[2m:[0m GraphTransformer ConstantFolding modified: 1 with status: OK
[2m2025-10-17T02:25:56.767553Z[0m [32m INFO[0m [2mort::logging[0m[2m:[0m Removing initializer '/model.22/Split_output_0'. It is no longer used by any node.
[2m2025-10-17T02:25:56.767631Z[0m [32m INFO[0m [2mort::logging[0m[2m:[0m Removing initializer '/model.22/Split_output_1'. It is no longer used by any node.
[2m2025-10-17T02:25:56.767713Z[0m [32m INFO[0m [2mort::logging[0m[2m:[0m Removing initializer '/model.22/Constant_14_output_0'. It is no longer used by any node.
[2m2025-10-17T02:25:56.767754Z[0m [32m INFO[0m [2mort::logging[0m[2m:[0m Removing initializer '/model.22/Split_output_2'. It is no longer used by any node.
[2m2025-10-17T02:25:56.767924Z[0m [32m INFO[0m [2mort::logging[0m[2m:[0m GraphTransformer MatMulAddFusion modified: 0 with status: OK
[2m2025-10-17T02:25:56.768069Z[0m [32m INFO[0m [2mort::logging[0m[2m:[0m Fused reshape node: /model.22/dfl/Reshape_output_0
[2m2025-10-17T02:25:56.768132Z[0m [32m INFO[0m [2mort::logging[0m[2m:[0m Fused reshape node: /model.22/Reshape_18_output_0
[2m2025-10-17T02:25:56.768173Z[0m [32m INFO[0m [2mort::logging[0m[2m:[0m Fused reshape node: /model.22/Reshape_19_output_0
[2m2025-10-17T02:25:56.768207Z[0m [32m INFO[0m [2mort::logging[0m[2m:[0m Fused reshape node: /model.22/Reshape_13_output_0
[2m2025-10-17T02:25:56.768282Z[0m [32m INFO[0m [2mort::logging[0m[2m:[0m Fused reshape node: /model.22/Reshape_14_output_0
[2m2025-10-17T02:25:56.768330Z[0m [32m INFO[0m [2mort::logging[0m[2m:[0m Fused reshape node: /model.22/Reshape_8_output_0
[2m2025-10-17T02:25:56.768382Z[0m [32m INFO[0m [2mort::logging[0m[2m:[0m Fused reshape node: /model.22/Reshape_9_output_0
[2m2025-10-17T02:25:56.768420Z[0m [32m INFO[0m [2mort::logging[0m[2m:[0m Total fused reshape node count: 7
[2m2025-10-17T02:25:56.768445Z[0m [32m INFO[0m [2mort::logging[0m[2m:[0m GraphTransformer ReshapeFusion modified: 1 with status: OK
[2m2025-10-17T02:25:56.770079Z[0m [32m INFO[0m [2mort::logging[0m[2m:[0m Removing initializer '/model.22/dfl/Constant_3_output_0'. It is no longer used by any node.
[2m2025-10-17T02:25:56.770194Z[0m [32m INFO[0m [2mort::logging[0m[2m:[0m GraphTransformer FreeDimensionOverrideTransformer modified: 0 with status: OK
[2m2025-10-17T02:25:56.770253Z[0m [32m INFO[0m [2mort::logging[0m[2m:[0m GraphTransformer GeluFusionL1 modified: 0 with status: OK
[2m2025-10-17T02:25:56.770298Z[0m [32m INFO[0m [2mort::logging[0m[2m:[0m GraphTransformer LayerNormFusionL1 modified: 0 with status: OK
[2m2025-10-17T02:25:56.770455Z[0m [32m INFO[0m [2mort::logging[0m[2m:[0m GraphTransformer QDQPropagationTransformer modified: 0 with status: OK
[2m2025-10-17T02:25:56.770628Z[0m [32m INFO[0m [2mort::logging[0m[2m:[0m GraphTransformer WeightBiasQuantization modified: 0 with status: OK
[2m2025-10-17T02:25:56.770811Z[0m [32m INFO[0m [2mort::logging[0m[2m:[0m GraphTransformer EnsureUniqueDQForNodeUnit modified: 0 with status: OK
[2m2025-10-17T02:25:56.770991Z[0m [32m INFO[0m [2mort::logging[0m[2m:[0m GraphTransformer RocmBlasAltImpl modified: 0 with status: OK
[2m2025-10-17T02:25:56.771616Z[0m [32m INFO[0m [2mort::logging[0m[2m:[0m GraphTransformer TransposeOptimizer modified: 0 with status: OK
[2m2025-10-17T02:25:56.771902Z[0m [32m INFO[0m [2mort::logging[0m[2m:[0m GraphTransformer Level1_RuleBasedTransformer modified: 0 with status: OK
[2m2025-10-17T02:25:56.772096Z[0m [32m INFO[0m [2mort::logging[0m[2m:[0m GraphTransformer DoubleQDQPairsRemover modified: 0 with status: OK
[2m2025-10-17T02:25:56.772712Z[0m [32m INFO[0m [2mort::logging[0m[2m:[0m GraphTransformer CommonSubexpressionElimination modified: 0 with status: OK
[2m2025-10-17T02:25:56.773013Z[0m [32m INFO[0m [2mort::logging[0m[2m:[0m GraphTransformer ConstantFolding modified: 0 with status: OK
[2m2025-10-17T02:25:56.773176Z[0m [32m INFO[0m [2mort::logging[0m[2m:[0m GraphTransformer MatMulAddFusion modified: 0 with status: OK
[2m2025-10-17T02:25:56.773310Z[0m [32m INFO[0m [2mort::logging[0m[2m:[0m GraphTransformer ReshapeFusion modified: 0 with status: OK
[2m2025-10-17T02:25:56.773325Z[0m [32m INFO[0m [2mort::logging[0m[2m:[0m GraphTransformer FreeDimensionOverrideTransformer modified: 0 with status: OK
[2m2025-10-17T02:25:56.773338Z[0m [32m INFO[0m [2mort::logging[0m[2m:[0m GraphTransformer GeluFusionL1 modified: 0 with status: OK
[2m2025-10-17T02:25:56.773343Z[0m [32m INFO[0m [2mort::logging[0m[2m:[0m GraphTransformer LayerNormFusionL1 modified: 0 with status: OK
[2m2025-10-17T02:25:56.773452Z[0m [32m INFO[0m [2mort::logging[0m[2m:[0m GraphTransformer QDQPropagationTransformer modified: 0 with status: OK
[2m2025-10-17T02:25:56.773590Z[0m [32m INFO[0m [2mort::logging[0m[2m:[0m GraphTransformer WeightBiasQuantization modified: 0 with status: OK
[2m2025-10-17T02:25:56.773722Z[0m [32m INFO[0m [2mort::logging[0m[2m:[0m GraphTransformer EnsureUniqueDQForNodeUnit modified: 0 with status: OK
[2m2025-10-17T02:25:56.773845Z[0m [32m INFO[0m [2mort::logging[0m[2m:[0m GraphTransformer RocmBlasAltImpl modified: 0 with status: OK
[2m2025-10-17T02:25:56.774716Z[0m [32m INFO[0m [2mort::logging[0m[2m:[0m GraphTransformer Level2_RuleBasedTransformer modified: 0 with status: OK
[2m2025-10-17T02:25:56.775109Z[0m [32m INFO[0m [2mort::logging[0m[2m:[0m GraphTransformer TransposeOptimizer_CPUExecutionProvider modified: 0 with status: OK
[2m2025-10-17T02:25:56.775221Z[0m [32m INFO[0m [2mort::logging[0m[2m:[0m GraphTransformer QDQS8ToU8Transformer modified: 0 with status: OK
[2m2025-10-17T02:25:56.775450Z[0m [32m INFO[0m [2mort::logging[0m[2m:[0m GraphTransformer QDQSelectorActionTransformer modified: 0 with status: OK
[2m2025-10-17T02:25:56.775543Z[0m [32m INFO[0m [2mort::logging[0m[2m:[0m GraphTransformer GemmActivationFusion modified: 0 with status: OK
[2m2025-10-17T02:25:56.775696Z[0m [32m INFO[0m [2mort::logging[0m[2m:[0m GraphTransformer MatMulIntegerToFloatFusion modified: 0 with status: OK
[2m2025-10-17T02:25:56.775807Z[0m [32m INFO[0m [2mort::logging[0m[2m:[0m GraphTransformer DynamicQuantizeMatMulFusion modified: 0 with status: OK
[2m2025-10-17T02:25:56.775966Z[0m [32m INFO[0m [2mort::logging[0m[2m:[0m GraphTransformer ConvActivationFusion modified: 0 with status: OK
[2m2025-10-17T02:25:56.776066Z[0m [32m INFO[0m [2mort::logging[0m[2m:[0m GraphTransformer GeluFusionL2 modified: 0 with status: OK
[2m2025-10-17T02:25:56.776159Z[0m [32m INFO[0m [2mort::logging[0m[2m:[0m GraphTransformer LayerNormFusionL2 modified: 0 with status: OK
[2m2025-10-17T02:25:56.776263Z[0m [32m INFO[0m [2mort::logging[0m[2m:[0m GraphTransformer SimplifiedLayerNormFusion modified: 0 with status: OK
[2m2025-10-17T02:25:56.776356Z[0m [32m INFO[0m [2mort::logging[0m[2m:[0m GraphTransformer AttentionFusion modified: 0 with status: OK
[2m2025-10-17T02:25:56.776444Z[0m [32m INFO[0m [2mort::logging[0m[2m:[0m GraphTransformer EmbedLayerNormFusion modified: 0 with status: OK
[2m2025-10-17T02:25:56.776456Z[0m [32m INFO[0m [2mort::logging[0m[2m:[0m GraphTransformer GatherSliceToSplitFusion modified: 0 with status: OK
[2m2025-10-17T02:25:56.776543Z[0m [32m INFO[0m [2mort::logging[0m[2m:[0m GraphTransformer GatherToSliceFusion modified: 0 with status: OK
[2m2025-10-17T02:25:56.776678Z[0m [32m INFO[0m [2mort::logging[0m[2m:[0m GraphTransformer MatmulTransposeFusion modified: 0 with status: OK
[2m2025-10-17T02:25:56.776797Z[0m [32m INFO[0m [2mort::logging[0m[2m:[0m GraphTransformer BiasGeluFusion modified: 0 with status: OK
[2m2025-10-17T02:25:56.776892Z[0m [32m INFO[0m [2mort::logging[0m[2m:[0m GraphTransformer GroupQueryAttentionFusion modified: 0 with status: OK
[2m2025-10-17T02:25:56.776983Z[0m [32m INFO[0m [2mort::logging[0m[2m:[0m GraphTransformer SkipLayerNormFusion modified: 0 with status: OK
[2m2025-10-17T02:25:56.777113Z[0m [32m INFO[0m [2mort::logging[0m[2m:[0m GraphTransformer FastGeluFusion modified: 0 with status: OK
[2m2025-10-17T02:25:56.777481Z[0m [32m INFO[0m [2mort::logging[0m[2m:[0m GraphTransformer QuickGeluFusion modified: 1 with status: OK
[2m2025-10-17T02:25:56.779263Z[0m [32m INFO[0m [2mort::logging[0m[2m:[0m GraphTransformer BiasSoftmaxFusion modified: 0 with status: OK
[2m2025-10-17T02:25:56.779379Z[0m [32m INFO[0m [2mort::logging[0m[2m:[0m GraphTransformer BiasDropoutFusion modified: 0 with status: OK
[2m2025-10-17T02:25:56.779486Z[0m [32m INFO[0m [2mort::logging[0m[2m:[0m GraphTransformer MatMulScaleFusion modified: 0 with status: OK
[2m2025-10-17T02:25:56.779954Z[0m [32m INFO[0m [2mort::logging[0m[2m:[0m GraphTransformer MatMulActivationFusion modified: 0 with status: OK
[2m2025-10-17T02:25:56.780098Z[0m [32m INFO[0m [2mort::logging[0m[2m:[0m GraphTransformer MatMulNBitsFusion modified: 0 with status: OK
[2m2025-10-17T02:25:56.780194Z[0m [32m INFO[0m [2mort::logging[0m[2m:[0m GraphTransformer QDQFinalCleanupTransformer modified: 0 with status: OK
[2m2025-10-17T02:25:56.780292Z[0m [32m INFO[0m [2mort::logging[0m[2m:[0m GraphTransformer Level2_RuleBasedTransformer modified: 0 with status: OK
[2m2025-10-17T02:25:56.780381Z[0m [32m INFO[0m [2mort::logging[0m[2m:[0m GraphTransformer QDQS8ToU8Transformer modified: 0 with status: OK
[2m2025-10-17T02:25:56.780547Z[0m [32m INFO[0m [2mort::logging[0m[2m:[0m GraphTransformer QDQSelectorActionTransformer modified: 0 with status: OK
[2m2025-10-17T02:25:56.780648Z[0m [32m INFO[0m [2mort::logging[0m[2m:[0m GraphTransformer GemmActivationFusion modified: 0 with status: OK
[2m2025-10-17T02:25:56.780741Z[0m [32m INFO[0m [2mort::logging[0m[2m:[0m GraphTransformer MatMulIntegerToFloatFusion modified: 0 with status: OK
[2m2025-10-17T02:25:56.780821Z[0m [32m INFO[0m [2mort::logging[0m[2m:[0m GraphTransformer DynamicQuantizeMatMulFusion modified: 0 with status: OK
[2m2025-10-17T02:25:56.780950Z[0m [32m INFO[0m [2mort::logging[0m[2m:[0m GraphTransformer ConvActivationFusion modified: 0 with status: OK
[2m2025-10-17T02:25:56.781259Z[0m [32m INFO[0m [2mort::logging[0m[2m:[0m GraphTransformer GeluFusionL2 modified: 0 with status: OK
[2m2025-10-17T02:25:56.781336Z[0m [32m INFO[0m [2mort::logging[0m[2m:[0m GraphTransformer LayerNormFusionL2 modified: 0 with status: OK
[2m2025-10-17T02:25:56.781402Z[0m [32m INFO[0m [2mort::logging[0m[2m:[0m GraphTransformer SimplifiedLayerNormFusion modified: 0 with status: OK
[2m2025-10-17T02:25:56.781467Z[0m [32m INFO[0m [2mort::logging[0m[2m:[0m GraphTransformer AttentionFusion modified: 0 with status: OK
[2m2025-10-17T02:25:56.781528Z[0m [32m INFO[0m [2mort::logging[0m[2m:[0m GraphTransformer EmbedLayerNormFusion modified: 0 with status: OK
[2m2025-10-17T02:25:56.781539Z[0m [32m INFO[0m [2mort::logging[0m[2m:[0m GraphTransformer GatherSliceToSplitFusion modified: 0 with status: OK
[2m2025-10-17T02:25:56.781614Z[0m [32m INFO[0m [2mort::logging[0m[2m:[0m GraphTransformer GatherToSliceFusion modified: 0 with status: OK
[2m2025-10-17T02:25:56.781686Z[0m [32m INFO[0m [2mort::logging[0m[2m:[0m GraphTransformer MatmulTransposeFusion modified: 0 with status: OK
[2m2025-10-17T02:25:56.781760Z[0m [32m INFO[0m [2mort::logging[0m[2m:[0m GraphTransformer BiasGeluFusion modified: 0 with status: OK
[2m2025-10-17T02:25:56.781828Z[0m [32m INFO[0m [2mort::logging[0m[2m:[0m GraphTransformer GroupQueryAttentionFusion modified: 0 with status: OK
[2m2025-10-17T02:25:56.781889Z[0m [32m INFO[0m [2mort::logging[0m[2m:[0m GraphTransformer SkipLayerNormFusion modified: 0 with status: OK
[2m2025-10-17T02:25:56.781961Z[0m [32m INFO[0m [2mort::logging[0m[2m:[0m GraphTransformer FastGeluFusion modified: 0 with status: OK
[2m2025-10-17T02:25:56.782036Z[0m [32m INFO[0m [2mort::logging[0m[2m:[0m GraphTransformer QuickGeluFusion modified: 0 with status: OK
[2m2025-10-17T02:25:56.782102Z[0m [32m INFO[0m [2mort::logging[0m[2m:[0m GraphTransformer BiasSoftmaxFusion modified: 0 with status: OK
[2m2025-10-17T02:25:56.782167Z[0m [32m INFO[0m [2mort::logging[0m[2m:[0m GraphTransformer BiasDropoutFusion modified: 0 with status: OK
[2m2025-10-17T02:25:56.782253Z[0m [32m INFO[0m [2mort::logging[0m[2m:[0m GraphTransformer MatMulScaleFusion modified: 0 with status: OK
[2m2025-10-17T02:25:56.782327Z[0m [32m INFO[0m [2mort::logging[0m[2m:[0m GraphTransformer MatMulActivationFusion modified: 0 with status: OK
[2m2025-10-17T02:25:56.782417Z[0m [32m INFO[0m [2mort::logging[0m[2m:[0m GraphTransformer MatMulNBitsFusion modified: 0 with status: OK
[2m2025-10-17T02:25:56.782487Z[0m [32m INFO[0m [2mort::logging[0m[2m:[0m GraphTransformer QDQFinalCleanupTransformer modified: 0 with status: OK
[2m2025-10-17T02:25:56.838567Z[0m [32m INFO[0m [2mort::logging[0m[2m:[0m GraphTransformer NchwcTransformer modified: 1 with status: OK
[2m2025-10-17T02:25:56.841456Z[0m [32m INFO[0m [2mort::logging[0m[2m:[0m Removing initializer 'onnx::Conv_1144'. It is no longer used by any node.
[2m2025-10-17T02:25:56.841482Z[0m [32m INFO[0m [2mort::logging[0m[2m:[0m Removing initializer 'onnx::Conv_1210'. It is no longer used by any node.
[2m2025-10-17T02:25:56.841489Z[0m [32m INFO[0m [2mort::logging[0m[2m:[0m Removing initializer 'onnx::Conv_1198'. It is no longer used by any node.
[2m2025-10-17T02:25:56.841494Z[0m [32m INFO[0m [2mort::logging[0m[2m:[0m Removing initializer 'onnx::Conv_1207'. It is no longer used by any node.
[2m2025-10-17T02:25:56.841499Z[0m [32m INFO[0m [2mort::logging[0m[2m:[0m Removing initializer 'onnx::Conv_1258'. It is no longer used by any node.
[2m2025-10-17T02:25:56.841504Z[0m [32m INFO[0m [2mort::logging[0m[2m:[0m Removing initializer 'onnx::Conv_1228'. It is no longer used by any node.
[2m2025-10-17T02:25:56.841509Z[0m [32m INFO[0m [2mort::logging[0m[2m:[0m Removing initializer 'onnx::Conv_1168'. It is no longer used by any node.
[2m2025-10-17T02:25:56.841514Z[0m [32m INFO[0m [2mort::logging[0m[2m:[0m Removing initializer 'onnx::Conv_1156'. It is no longer used by any node.
[2m2025-10-17T02:25:56.841520Z[0m [32m INFO[0m [2mort::logging[0m[2m:[0m Removing initializer 'onnx::Conv_1141'. It is no longer used by any node.
[2m2025-10-17T02:25:56.841526Z[0m [32m INFO[0m [2mort::logging[0m[2m:[0m Removing initializer 'onnx::Conv_1132'. It is no longer used by any node.
[2m2025-10-17T02:25:56.841531Z[0m [32m INFO[0m [2mort::logging[0m[2m:[0m Removing initializer 'onnx::Conv_1138'. It is no longer used by any node.
[2m2025-10-17T02:25:56.841536Z[0m [32m INFO[0m [2mort::logging[0m[2m:[0m Removing initializer 'onnx::Conv_1267'. It is no longer used by any node.
[2m2025-10-17T02:25:56.841540Z[0m [32m INFO[0m [2mort::logging[0m[2m:[0m Removing initializer 'onnx::Conv_1090'. It is no longer used by any node.
[2m2025-10-17T02:25:56.841545Z[0m [32m INFO[0m [2mort::logging[0m[2m:[0m Removing initializer 'onnx::Conv_1162'. It is no longer used by any node.
[2m2025-10-17T02:25:56.841550Z[0m [32m INFO[0m [2mort::logging[0m[2m:[0m Removing initializer 'model.22.cv3.1.2.bias'. It is no longer used by any node.
[2m2025-10-17T02:25:56.841555Z[0m [32m INFO[0m [2mort::logging[0m[2m:[0m Removing initializer 'model.22.cv4.2.2.weight'. It is no longer used by any node.
[2m2025-10-17T02:25:56.841561Z[0m [32m INFO[0m [2mort::logging[0m[2m:[0m Removing initializer 'onnx::Conv_1189'. It is no longer used by any node.
[2m2025-10-17T02:25:56.841566Z[0m [32m INFO[0m [2mort::logging[0m[2m:[0m Removing initializer 'onnx::Conv_1192'. It is no longer used by any node.
[2m2025-10-17T02:25:56.841571Z[0m [32m INFO[0m [2mort::logging[0m[2m:[0m Removing initializer 'onnx::Conv_1177'. It is no longer used by any node.
[2m2025-10-17T02:25:56.841577Z[0m [32m INFO[0m [2mort::logging[0m[2m:[0m Removing initializer 'onnx::Conv_1240'. It is no longer used by any node.
[2m2025-10-17T02:25:56.841582Z[0m [32m INFO[0m [2mort::logging[0m[2m:[0m Removing initializer 'model.22.cv4.1.2.weight'. It is no longer used by any node.
[2m2025-10-17T02:25:56.841587Z[0m [32m INFO[0m [2mort::logging[0m[2m:[0m Removing initializer 'onnx::Conv_1153'. It is no longer used by any node.
[2m2025-10-17T02:25:56.841592Z[0m [32m INFO[0m [2mort::logging[0m[2m:[0m Removing initializer 'onnx::Conv_1135'. It is no longer used by any node.
[2m2025-10-17T02:25:56.841624Z[0m [32m INFO[0m [2mort::logging[0m[2m:[0m Removing initializer 'onnx::Conv_1096'. It is no longer used by any node.
[2m2025-10-17T02:25:56.841633Z[0m [32m INFO[0m [2mort::logging[0m[2m:[0m Removing initializer 'onnx::Conv_1147'. It is no longer used by any node.
[2m2025-10-17T02:25:56.841639Z[0m [32m INFO[0m [2mort::logging[0m[2m:[0m Removing initializer 'onnx::Conv_1099'. It is no longer used by any node.
[2m2025-10-17T02:25:56.841644Z[0m [32m INFO[0m [2mort::logging[0m[2m:[0m Removing initializer 'model.22.cv4.0.2.weight'. It is no longer used by any node.
[2m2025-10-17T02:25:56.841650Z[0m [32m INFO[0m [2mort::logging[0m[2m:[0m Removing initializer 'onnx::Conv_1123'. It is no longer used by any node.
[2m2025-10-17T02:25:56.841655Z[0m [32m INFO[0m [2mort::logging[0m[2m:[0m Removing initializer 'model.22.dfl.conv.weight'. It is no longer used by any node.
[2m2025-10-17T02:25:56.841660Z[0m [32m INFO[0m [2mort::logging[0m[2m:[0m Removing initializer 'onnx::Conv_1186'. It is no longer used by any node.
[2m2025-10-17T02:25:56.841665Z[0m [32m INFO[0m [2mort::logging[0m[2m:[0m Removing initializer 'onnx::Conv_1120'. It is no longer used by any node.
[2m2025-10-17T02:25:56.841670Z[0m [32m INFO[0m [2mort::logging[0m[2m:[0m Removing initializer 'onnx::Conv_1180'. It is no longer used by any node.
[2m2025-10-17T02:25:56.841676Z[0m [32m INFO[0m [2mort::logging[0m[2m:[0m Removing initializer 'model.22.cv3.1.2.weight'. It is no longer used by any node.
[2m2025-10-17T02:25:56.841681Z[0m [32m INFO[0m [2mort::logging[0m[2m:[0m Removing initializer 'onnx::Conv_1102'. It is no longer used by any node.
[2m2025-10-17T02:25:56.841687Z[0m [32m INFO[0m [2mort::logging[0m[2m:[0m Removing initializer 'model.22.cv3.0.2.bias'. It is no longer used by any node.
[2m2025-10-17T02:25:56.841693Z[0m [32m INFO[0m [2mort::logging[0m[2m:[0m Removing initializer 'onnx::Conv_1225'. It is no longer used by any node.
[2m2025-10-17T02:25:56.841698Z[0m [32m INFO[0m [2mort::logging[0m[2m:[0m Removing initializer 'onnx::Conv_1255'. It is no longer used by any node.
[2m2025-10-17T02:25:56.841703Z[0m [32m INFO[0m [2mort::logging[0m[2m:[0m Removing initializer 'model.22.cv3.0.2.weight'. It is no longer used by any node.
[2m2025-10-17T02:25:56.841709Z[0m [32m INFO[0m [2mort::logging[0m[2m:[0m Removing initializer 'onnx::Conv_1159'. It is no longer used by any node.
[2m2025-10-17T02:25:56.841714Z[0m [32m INFO[0m [2mort::logging[0m[2m:[0m Removing initializer 'onnx::Conv_1231'. It is no longer used by any node.
[2m2025-10-17T02:25:56.841719Z[0m [32m INFO[0m [2mort::logging[0m[2m:[0m Removing initializer 'onnx::Conv_1081'. It is no longer used by any node.
[2m2025-10-17T02:25:56.841724Z[0m [32m INFO[0m [2mort::logging[0m[2m:[0m Removing initializer 'onnx::Conv_1111'. It is no longer used by any node.
[2m2025-10-17T02:25:56.841729Z[0m [32m INFO[0m [2mort::logging[0m[2m:[0m Removing initializer 'onnx::Conv_1078'. It is no longer used by any node.
[2m2025-10-17T02:25:56.841735Z[0m [32m INFO[0m [2mort::logging[0m[2m:[0m Removing initializer 'model.22.cv3.2.2.bias'. It is no longer used by any node.
[2m2025-10-17T02:25:56.841740Z[0m [32m INFO[0m [2mort::logging[0m[2m:[0m Removing initializer 'onnx::Conv_1129'. It is no longer used by any node.
[2m2025-10-17T02:25:56.841745Z[0m [32m INFO[0m [2mort::logging[0m[2m:[0m Removing initializer 'onnx::Conv_1093'. It is no longer used by any node.
[2m2025-10-17T02:25:56.841751Z[0m [32m INFO[0m [2mort::logging[0m[2m:[0m Removing initializer 'onnx::Conv_1204'. It is no longer used by any node.
[2m2025-10-17T02:25:56.841757Z[0m [32m INFO[0m [2mort::logging[0m[2m:[0m Removing initializer 'model.22.cv2.0.2.weight'. It is no longer used by any node.
[2m2025-10-17T02:25:56.841762Z[0m [32m INFO[0m [2mort::logging[0m[2m:[0m Removing initializer 'onnx::Conv_1165'. It is no longer used by any node.
[2m2025-10-17T02:25:56.841778Z[0m [32m INFO[0m [2mort::logging[0m[2m:[0m Removing initializer 'onnx::Conv_1213'. It is no longer used by any node.
[2m2025-10-17T02:25:56.841783Z[0m [32m INFO[0m [2mort::logging[0m[2m:[0m Removing initializer 'onnx::Conv_1105'. It is no longer used by any node.
[2m2025-10-17T02:25:56.841789Z[0m [32m INFO[0m [2mort::logging[0m[2m:[0m Removing initializer 'onnx::Conv_1108'. It is no longer used by any node.
[2m2025-10-17T02:25:56.841795Z[0m [32m INFO[0m [2mort::logging[0m[2m:[0m Removing initializer 'onnx::Conv_1126'. It is no longer used by any node.
[2m2025-10-17T02:25:56.841801Z[0m [32m INFO[0m [2mort::logging[0m[2m:[0m Removing initializer 'model.22.cv2.2.2.weight'. It is no longer used by any node.
[2m2025-10-17T02:25:56.841807Z[0m [32m INFO[0m [2mort::logging[0m[2m:[0m Removing initializer 'onnx::Conv_1084'. It is no longer used by any node.
[2m2025-10-17T02:25:56.841812Z[0m [32m INFO[0m [2mort::logging[0m[2m:[0m Removing initializer 'onnx::Conv_1234'. It is no longer used by any node.
[2m2025-10-17T02:25:56.841817Z[0m [32m INFO[0m [2mort::logging[0m[2m:[0m Removing initializer 'onnx::Conv_1246'. It is no longer used by any node.
[2m2025-10-17T02:25:56.841822Z[0m [32m INFO[0m [2mort::logging[0m[2m:[0m Removing initializer 'onnx::Conv_1150'. It is no longer used by any node.
[2m2025-10-17T02:25:56.841827Z[0m [32m INFO[0m [2mort::logging[0m[2m:[0m Removing initializer 'onnx::Conv_1219'. It is no longer used by any node.
[2m2025-10-17T02:25:56.841832Z[0m [32m INFO[0m [2mort::logging[0m[2m:[0m Removing initializer 'onnx::Conv_1243'. It is no longer used by any node.
[2m2025-10-17T02:25:56.841837Z[0m [32m INFO[0m [2mort::logging[0m[2m:[0m Removing initializer 'onnx::Conv_1201'. It is no longer used by any node.
[2m2025-10-17T02:25:56.841843Z[0m [32m INFO[0m [2mort::logging[0m[2m:[0m Removing initializer 'onnx::Conv_1252'. It is no longer used by any node.
[2m2025-10-17T02:25:56.841848Z[0m [32m INFO[0m [2mort::logging[0m[2m:[0m Removing initializer 'onnx::Conv_1261'. It is no longer used by any node.
[2m2025-10-17T02:25:56.841854Z[0m [32m INFO[0m [2mort::logging[0m[2m:[0m Removing initializer 'onnx::Conv_1264'. It is no longer used by any node.
[2m2025-10-17T02:25:56.841859Z[0m [32m INFO[0m [2mort::logging[0m[2m:[0m Removing initializer 'onnx::Conv_1075'. It is no longer used by any node.
[2m2025-10-17T02:25:56.841864Z[0m [32m INFO[0m [2mort::logging[0m[2m:[0m Removing initializer 'onnx::Conv_1270'. It is no longer used by any node.
[2m2025-10-17T02:25:56.841869Z[0m [32m INFO[0m [2mort::logging[0m[2m:[0m Removing initializer 'onnx::Conv_1237'. It is no longer used by any node.
[2m2025-10-17T02:25:56.841874Z[0m [32m INFO[0m [2mort::logging[0m[2m:[0m Removing initializer 'onnx::Conv_1183'. It is no longer used by any node.
[2m2025-10-17T02:25:56.841880Z[0m [32m INFO[0m [2mort::logging[0m[2m:[0m Removing initializer 'model.22.cv3.2.2.weight'. It is no longer used by any node.
[2m2025-10-17T02:25:56.841885Z[0m [32m INFO[0m [2mort::logging[0m[2m:[0m Removing initializer 'onnx::Conv_1174'. It is no longer used by any node.
[2m2025-10-17T02:25:56.841890Z[0m [32m INFO[0m [2mort::logging[0m[2m:[0m Removing initializer 'onnx::Conv_1171'. It is no longer used by any node.
[2m2025-10-17T02:25:56.841895Z[0m [32m INFO[0m [2mort::logging[0m[2m:[0m Removing initializer 'onnx::Conv_1249'. It is no longer used by any node.
[2m2025-10-17T02:25:56.841900Z[0m [32m INFO[0m [2mort::logging[0m[2m:[0m Removing initializer 'onnx::Conv_1117'. It is no longer used by any node.
[2m2025-10-17T02:25:56.841905Z[0m [32m INFO[0m [2mort::logging[0m[2m:[0m Removing initializer 'onnx::Conv_1216'. It is no longer used by any node.
[2m2025-10-17T02:25:56.841910Z[0m [32m INFO[0m [2mort::logging[0m[2m:[0m Removing initializer 'onnx::Conv_1222'. It is no longer used by any node.
[2m2025-10-17T02:25:56.841919Z[0m [32m INFO[0m [2mort::logging[0m[2m:[0m Removing initializer 'onnx::Conv_1114'. It is no longer used by any node.
[2m2025-10-17T02:25:56.841924Z[0m [32m INFO[0m [2mort::logging[0m[2m:[0m Removing initializer 'onnx::Conv_1087'. It is no longer used by any node.
[2m2025-10-17T02:25:56.841929Z[0m [32m INFO[0m [2mort::logging[0m[2m:[0m Removing initializer 'onnx::Conv_1195'. It is no longer used by any node.
[2m2025-10-17T02:25:56.841934Z[0m [32m INFO[0m [2mort::logging[0m[2m:[0m Removing initializer 'model.22.cv2.1.2.weight'. It is no longer used by any node.
[2m2025-10-17T02:25:56.847524Z[0m [32m INFO[0m [2mort::logging[0m[2m:[0m GraphTransformer NhwcTransformer modified: 0 with status: OK
[2m2025-10-17T02:25:56.847736Z[0m [32m INFO[0m [2mort::logging[0m[2m:[0m GraphTransformer ConvAddActivationFusion modified: 0 with status: OK
[2m2025-10-17T02:25:56.847864Z[0m [32m INFO[0m [2mort::logging[0m[2m:[0m GraphTransformer NchwcTransformer modified: 0 with status: OK
[2m2025-10-17T02:25:56.848153Z[0m [32m INFO[0m [2mort::logging[0m[2m:[0m GraphTransformer NhwcTransformer modified: 0 with status: OK
[2m2025-10-17T02:25:56.848326Z[0m [32m INFO[0m [2mort::logging[0m[2m:[0m GraphTransformer ConvAddActivationFusion modified: 0 with status: OK
[2m2025-10-17T02:25:56.848736Z[0m [32m INFO[0m [2mort::logging[0m[2m:[0m GraphTransformer RemoveDuplicateCastTransformer modified: 0 with status: OK
[2m2025-10-17T02:25:56.848757Z[0m [32m INFO[0m [2mort::logging[0m[2m:[0m GraphTransformer CastFloat16Transformer modified: 0 with status: OK
[2m2025-10-17T02:25:56.848766Z[0m [32m INFO[0m [2mort::logging[0m[2m:[0m GraphTransformer MemcpyTransformer modified: 0 with status: OK
[2m2025-10-17T02:25:56.849759Z[0m [32m INFO[0m [2mort::logging[0m[2m:[0m Use DeviceBasedPartition as default
[2m2025-10-17T02:25:56.877171Z[0m [32m INFO[0m [2mort::logging[0m[2m:[0m Saving initialized tensors.
[2m2025-10-17T02:25:56.877261Z[0m [32m INFO[0m [2mort::logging[0m[2m:[0m Extending BFCArena for Cpu. bin_num:9 (requested) num_bytes: 147456 (actual) rounded_bytes:147456
[2m2025-10-17T02:25:56.877272Z[0m [32m INFO[0m [2mort::logging[0m[2m:[0m Extended allocation by 1048576 bytes.
[2m2025-10-17T02:25:56.877278Z[0m [32m INFO[0m [2mort::logging[0m[2m:[0m Total allocated bytes: 1048576
[2m2025-10-17T02:25:56.877283Z[0m [32m INFO[0m [2mort::logging[0m[2m:[0m Allocated memory at 0x6425a0cedec0 to 0x6425a0dedec0
[2m2025-10-17T02:25:56.877349Z[0m [32m INFO[0m [2mort::logging[0m[2m:[0m Extending BFCArena for Cpu. bin_num:1 (requested) num_bytes: 512 (actual) rounded_bytes:512
[2m2025-10-17T02:25:56.877377Z[0m [32m INFO[0m [2mort::logging[0m[2m:[0m Extended allocation by 2097152 bytes.
[2m2025-10-17T02:25:56.877383Z[0m [32m INFO[0m [2mort::logging[0m[2m:[0m Total allocated bytes: 3145728
[2m2025-10-17T02:25:56.877388Z[0m [32m INFO[0m [2mort::logging[0m[2m:[0m Allocated memory at 0x6425a0dedf00 to 0x6425a0fedf00
[2m2025-10-17T02:25:56.878050Z[0m [32m INFO[0m [2mort::logging[0m[2m:[0m Extending BFCArena for Cpu. bin_num:0 (requested) num_bytes: 8 (actual) rounded_bytes:256
[2m2025-10-17T02:25:56.878081Z[0m [32m INFO[0m [2mort::logging[0m[2m:[0m Extended allocation by 4194304 bytes.
[2m2025-10-17T02:25:56.878088Z[0m [32m INFO[0m [2mort::logging[0m[2m:[0m Total allocated bytes: 7340032
[2m2025-10-17T02:25:56.878093Z[0m [32m INFO[0m [2mort::logging[0m[2m:[0m Allocated memory at 0x6425a0fedf40 to 0x6425a13edf40
[2m2025-10-17T02:25:56.879723Z[0m [32m INFO[0m [2mort::logging[0m[2m:[0m Extending BFCArena for Cpu. bin_num:13 (requested) num_bytes: 2097152 (actual) rounded_bytes:2097152
[2m2025-10-17T02:25:56.879760Z[0m [32m INFO[0m [2mort::logging[0m[2m:[0m Extended allocation by 8388608 bytes.
[2m2025-10-17T02:25:56.879767Z[0m [32m INFO[0m [2mort::logging[0m[2m:[0m Total allocated bytes: 15728640
[2m2025-10-17T02:25:56.879777Z[0m [32m INFO[0m [2mort::logging[0m[2m:[0m Allocated memory at 0x706f3a7fd040 to 0x706f3affd040
[2m2025-10-17T02:25:56.885527Z[0m [32m INFO[0m [2mort::logging[0m[2m:[0m Extending BFCArena for Cpu. bin_num:11 (requested) num_bytes: 786432 (actual) rounded_bytes:786432
[2m2025-10-17T02:25:56.885563Z[0m [32m INFO[0m [2mort::logging[0m[2m:[0m Extended allocation by 16777216 bytes.
[2m2025-10-17T02:25:56.885569Z[0m [32m INFO[0m [2mort::logging[0m[2m:[0m Total allocated bytes: 32505856
[2m2025-10-17T02:25:56.885574Z[0m [32m INFO[0m [2mort::logging[0m[2m:[0m Allocated memory at 0x706f397fc040 to 0x706f3a7fc040
[2m2025-10-17T02:25:56.894635Z[0m [32m INFO[0m [2mort::logging[0m[2m:[0m Extending BFCArena for Cpu. bin_num:10 (requested) num_bytes: 294912 (actual) rounded_bytes:294912
[2m2025-10-17T02:25:56.894672Z[0m [32m INFO[0m [2mort::logging[0m[2m:[0m Extended allocation by 33554432 bytes.
[2m2025-10-17T02:25:56.894678Z[0m [32m INFO[0m [2mort::logging[0m[2m:[0m Total allocated bytes: 66060288
[2m2025-10-17T02:25:56.894683Z[0m [32m INFO[0m [2mort::logging[0m[2m:[0m Allocated memory at 0x706f21fff040 to 0x706f23fff040
[2m2025-10-17T02:25:56.905953Z[0m [32m INFO[0m [2mort::logging[0m[2m:[0m Done saving initialized tensors
[2m2025-10-17T02:25:56.907037Z[0m [32m INFO[0m [2mort::logging[0m[2m:[0m Session successfully initialized.
[2m2025-10-17T02:25:56.907090Z[0m [32m INFO[0m [2mlum_rust_ws::domains::qr::rust_qreader[0m[2m:[0m ✅ RustQReader ONNX session initialized for Small model
[2m2025-10-17T02:25:56.907098Z[0m [32m INFO[0m [2mlum_rust_ws::processing::qr_detection[0m[2m:[0m ✅ ONNX Small model initialized successfully
[2m2025-10-17T02:25:56.907109Z[0m [32m INFO[0m [2mlum_rust_ws::domains::qr::rust_qreader[0m[2m:[0m 🔧 Initializing RustQReader with ONNX: "models/qreader_detector_medium.onnx"
[2m2025-10-17T02:25:56.907134Z[0m [32m INFO[0m [2mort::logging[0m[2m:[0m Session Options {  execution_mode:0 execution_order:DEFAULT enable_profiling:0 optimized_model_filepath:"" enable_mem_pattern:1 enable_mem_reuse:1 enable_cpu_mem_arena:1 profile_file_prefix:onnxruntime_profile_ session_logid: session_log_severity_level:-1 session_log_verbosity_level:0 max_num_graph_transformation_steps:10 graph_optimization_level:3 intra_op_param:OrtThreadPoolParams { thread_pool_size: 0 auto_set_affinity: 0 allow_spinning: 1 dynamic_block_base_: 0 stack_size: 0 affinity_str:  set_denormal_as_zero: 0 } inter_op_param:OrtThreadPoolParams { thread_pool_size: 0 auto_set_affinity: 0 allow_spinning: 1 dynamic_block_base_: 0 stack_size: 0 affinity_str:  set_denormal_as_zero: 0 } use_per_session_threads:1 thread_pool_allow_spinning:1 use_deterministic_compute:0 ep_selection_policy:0 config_options: {  } }
[2m2025-10-17T02:25:56.907148Z[0m [32m INFO[0m [2mort::logging[0m[2m:[0m Creating and using per session threadpools since use_per_session_threads_ is true
[2m2025-10-17T02:25:56.907156Z[0m [32m INFO[0m [2mort::logging[0m[2m:[0m Dynamic block base set to 0
[2m2025-10-17T02:25:56.981134Z[0m [32m INFO[0m [2mort::logging[0m[2m:[0m Initializing session.
[2m2025-10-17T02:25:56.981175Z[0m [32m INFO[0m [2mort::logging[0m[2m:[0m Adding default CPU execution provider.
[2m2025-10-17T02:25:56.981210Z[0m [32m INFO[0m [2mort::logging[0m[2m:[0m Creating BFCArena for Cpu with following configs: initial_chunk_size_bytes: 1048576 max_dead_bytes_per_chunk: 134217728 initial_growth_chunk_size_bytes: 2097152 max_power_of_two_extend_bytes: 1073741824 memory limit: 18446744073709551615 arena_extend_strategy: 0
[2m2025-10-17T02:25:56.981333Z[0m [32m INFO[0m [2mort::logging[0m[2m:[0m This model does not have any local functions defined. AOT Inlining is not performed
[2m2025-10-17T02:25:56.981471Z[0m [32m INFO[0m [2mort::logging[0m[2m:[0m GraphTransformer EnsureUniqueDQForNodeUnit modified: 0 with status: OK
[2m2025-10-17T02:25:56.981710Z[0m [32m INFO[0m [2mort::logging[0m[2m:[0m GraphTransformer Level1_RuleBasedTransformer modified: 1 with status: OK
[2m2025-10-17T02:25:56.983931Z[0m [32m INFO[0m [2mort::logging[0m[2m:[0m Removing initializer '/model.22/Constant_61_output_0'. It is no longer used by any node.
[2m2025-10-17T02:25:56.983962Z[0m [32m INFO[0m [2mort::logging[0m[2m:[0m Removing initializer '/model.8/Constant_4_output_0'. It is no longer used by any node.
[2m2025-10-17T02:25:56.983971Z[0m [32m INFO[0m [2mort::logging[0m[2m:[0m Removing initializer '/model.12/Constant_4_output_0'. It is no longer used by any node.
[2m2025-10-17T02:25:56.983977Z[0m [32m INFO[0m [2mort::logging[0m[2m:[0m Removing initializer '/model.6/Constant_4_output_0'. It is no longer used by any node.
[2m2025-10-17T02:25:56.983987Z[0m [32m INFO[0m [2mort::logging[0m[2m:[0m Removing initializer '/model.4/Constant_4_output_0'. It is no longer used by any node.
[2m2025-10-17T02:25:56.983993Z[0m [32m INFO[0m [2mort::logging[0m[2m:[0m Removing initializer '/model.18/Constant_4_output_0'. It is no longer used by any node.
[2m2025-10-17T02:25:56.984003Z[0m [32m INFO[0m [2mort::logging[0m[2m:[0m Removing initializer '/model.2/Constant_4_output_0'. It is no longer used by any node.
[2m2025-10-17T02:25:56.984012Z[0m [32m INFO[0m [2mort::logging[0m[2m:[0m Removing initializer '/model.15/Constant_4_output_0'. It is no longer used by any node.
[2m2025-10-17T02:25:56.984017Z[0m [32m INFO[0m [2mort::logging[0m[2m:[0m Removing initializer '/model.21/Constant_4_output_0'. It is no longer used by any node.
[2m2025-10-17T02:25:56.984189Z[0m [32m INFO[0m [2mort::logging[0m[2m:[0m GraphTransformer DoubleQDQPairsRemover modified: 0 with status: OK
[2m2025-10-17T02:25:56.984541Z[0m [32m INFO[0m [2mort::logging[0m[2m:[0m Total shared scalar initializer count: 92
[2m2025-10-17T02:25:56.984561Z[0m [32m INFO[0m [2mort::logging[0m[2m:[0m GraphTransformer ConstantSharing modified: 1 with status: OK
[2m2025-10-17T02:25:56.987482Z[0m [32m INFO[0m [2mort::logging[0m[2m:[0m GraphTransformer CommonSubexpressionElimination modified: 1 with status: OK
[2m2025-10-17T02:25:56.989935Z[0m [32m INFO[0m [2mort::logging[0m[2m:[0m GraphTransformer ConstantFolding modified: 1 with status: OK
[2m2025-10-17T02:25:56.992044Z[0m [32m INFO[0m [2mort::logging[0m[2m:[0m Removing initializer '/model.22/Split_output_2'. It is no longer used by any node.
[2m2025-10-17T02:25:56.992071Z[0m [32m INFO[0m [2mort::logging[0m[2m:[0m Removing initializer '/model.22/Split_output_1'. It is no longer used by any node.
[2m2025-10-17T02:25:56.992079Z[0m [32m INFO[0m [2mort::logging[0m[2m:[0m Removing initializer '/model.22/Constant_14_output_0'. It is no longer used by any node.
[2m2025-10-17T02:25:56.992093Z[0m [32m INFO[0m [2mort::logging[0m[2m:[0m Removing initializer '/model.22/Split_output_0'. It is no longer used by any node.
[2m2025-10-17T02:25:56.992273Z[0m [32m INFO[0m [2mort::logging[0m[2m:[0m GraphTransformer MatMulAddFusion modified: 0 with status: OK
[2m2025-10-17T02:25:56.992391Z[0m [32m INFO[0m [2mort::logging[0m[2m:[0m Fused reshape node: /model.22/dfl/Reshape_output_0
[2m2025-10-17T02:25:56.992415Z[0m [32m INFO[0m [2mort::logging[0m[2m:[0m Fused reshape node: /model.22/Reshape_18_output_0
[2m2025-10-17T02:25:56.992425Z[0m [32m INFO[0m [2mort::logging[0m[2m:[0m Fused reshape node: /model.22/Reshape_19_output_0
[2m2025-10-17T02:25:56.992433Z[0m [32m INFO[0m [2mort::logging[0m[2m:[0m Fused reshape node: /model.22/Reshape_13_output_0
[2m2025-10-17T02:25:56.992441Z[0m [32m INFO[0m [2mort::logging[0m[2m:[0m Fused reshape node: /model.22/Reshape_14_output_0
[2m2025-10-17T02:25:56.992449Z[0m [32m INFO[0m [2mort::logging[0m[2m:[0m Fused reshape node: /model.22/Reshape_8_output_0
[2m2025-10-17T02:25:56.992460Z[0m [32m INFO[0m [2mort::logging[0m[2m:[0m Fused reshape node: /model.22/Reshape_9_output_0
[2m2025-10-17T02:25:56.992468Z[0m [32m INFO[0m [2mort::logging[0m[2m:[0m Total fused reshape node count: 7
[2m2025-10-17T02:25:56.992481Z[0m [32m INFO[0m [2mort::logging[0m[2m:[0m GraphTransformer ReshapeFusion modified: 1 with status: OK
[2m2025-10-17T02:25:56.994362Z[0m [32m INFO[0m [2mort::logging[0m[2m:[0m Removing initializer '/model.22/dfl/Constant_3_output_0'. It is no longer used by any node.
[2m2025-10-17T02:25:56.994440Z[0m [32m INFO[0m [2mort::logging[0m[2m:[0m GraphTransformer FreeDimensionOverrideTransformer modified: 0 with status: OK
[2m2025-10-17T02:25:56.994457Z[0m [32m INFO[0m [2mort::logging[0m[2m:[0m GraphTransformer GeluFusionL1 modified: 0 with status: OK
[2m2025-10-17T02:25:56.994462Z[0m [32m INFO[0m [2mort::logging[0m[2m:[0m GraphTransformer LayerNormFusionL1 modified: 0 with status: OK
[2m2025-10-17T02:25:56.994592Z[0m [32m INFO[0m [2mort::logging[0m[2m:[0m GraphTransformer QDQPropagationTransformer modified: 0 with status: OK
[2m2025-10-17T02:25:56.994735Z[0m [32m INFO[0m [2mort::logging[0m[2m:[0m GraphTransformer WeightBiasQuantization modified: 0 with status: OK
[2m2025-10-17T02:25:56.994839Z[0m [32m INFO[0m [2mort::logging[0m[2m:[0m GraphTransformer EnsureUniqueDQForNodeUnit modified: 0 with status: OK
[2m2025-10-17T02:25:56.994931Z[0m [32m INFO[0m [2mort::logging[0m[2m:[0m GraphTransformer RocmBlasAltImpl modified: 0 with status: OK
[2m2025-10-17T02:25:56.995347Z[0m [32m INFO[0m [2mort::logging[0m[2m:[0m GraphTransformer TransposeOptimizer modified: 0 with status: OK
[2m2025-10-17T02:25:56.995502Z[0m [32m INFO[0m [2mort::logging[0m[2m:[0m GraphTransformer Level1_RuleBasedTransformer modified: 0 with status: OK
[2m2025-10-17T02:25:56.995595Z[0m [32m INFO[0m [2mort::logging[0m[2m:[0m GraphTransformer DoubleQDQPairsRemover modified: 0 with status: OK
[2m2025-10-17T02:25:56.996045Z[0m [32m INFO[0m [2mort::logging[0m[2m:[0m GraphTransformer CommonSubexpressionElimination modified: 0 with status: OK
[2m2025-10-17T02:25:56.996200Z[0m [32m INFO[0m [2mort::logging[0m[2m:[0m GraphTransformer ConstantFolding modified: 0 with status: OK
[2m2025-10-17T02:25:56.996306Z[0m [32m INFO[0m [2mort::logging[0m[2m:[0m GraphTransformer MatMulAddFusion modified: 0 with status: OK
[2m2025-10-17T02:25:56.996406Z[0m [32m INFO[0m [2mort::logging[0m[2m:[0m GraphTransformer ReshapeFusion modified: 0 with status: OK
[2m2025-10-17T02:25:56.996420Z[0m [32m INFO[0m [2mort::logging[0m[2m:[0m GraphTransformer FreeDimensionOverrideTransformer modified: 0 with status: OK
[2m2025-10-17T02:25:56.996426Z[0m [32m INFO[0m [2mort::logging[0m[2m:[0m GraphTransformer GeluFusionL1 modified: 0 with status: OK
[2m2025-10-17T02:25:56.996430Z[0m [32m INFO[0m [2mort::logging[0m[2m:[0m GraphTransformer LayerNormFusionL1 modified: 0 with status: OK
[2m2025-10-17T02:25:56.996530Z[0m [32m INFO[0m [2mort::logging[0m[2m:[0m GraphTransformer QDQPropagationTransformer modified: 0 with status: OK
[2m2025-10-17T02:25:56.996664Z[0m [32m INFO[0m [2mort::logging[0m[2m:[0m GraphTransformer WeightBiasQuantization modified: 0 with status: OK
[2m2025-10-17T02:25:56.996765Z[0m [32m INFO[0m [2mort::logging[0m[2m:[0m GraphTransformer EnsureUniqueDQForNodeUnit modified: 0 with status: OK
[2m2025-10-17T02:25:56.996854Z[0m [32m INFO[0m [2mort::logging[0m[2m:[0m GraphTransformer RocmBlasAltImpl modified: 0 with status: OK
[2m2025-10-17T02:25:56.997718Z[0m [32m INFO[0m [2mort::logging[0m[2m:[0m GraphTransformer Level2_RuleBasedTransformer modified: 0 with status: OK
[2m2025-10-17T02:25:56.998152Z[0m [32m INFO[0m [2mort::logging[0m[2m:[0m GraphTransformer TransposeOptimizer_CPUExecutionProvider modified: 0 with status: OK
[2m2025-10-17T02:25:56.998292Z[0m [32m INFO[0m [2mort::logging[0m[2m:[0m GraphTransformer QDQS8ToU8Transformer modified: 0 with status: OK
[2m2025-10-17T02:25:56.998534Z[0m [32m INFO[0m [2mort::logging[0m[2m:[0m GraphTransformer QDQSelectorActionTransformer modified: 0 with status: OK
[2m2025-10-17T02:25:56.998651Z[0m [32m INFO[0m [2mort::logging[0m[2m:[0m GraphTransformer GemmActivationFusion modified: 0 with status: OK
[2m2025-10-17T02:25:56.998765Z[0m [32m INFO[0m [2mort::logging[0m[2m:[0m GraphTransformer MatMulIntegerToFloatFusion modified: 0 with status: OK
[2m2025-10-17T02:25:56.998866Z[0m [32m INFO[0m [2mort::logging[0m[2m:[0m GraphTransformer DynamicQuantizeMatMulFusion modified: 0 with status: OK
[2m2025-10-17T02:25:56.999002Z[0m [32m INFO[0m [2mort::logging[0m[2m:[0m GraphTransformer ConvActivationFusion modified: 0 with status: OK
[2m2025-10-17T02:25:56.999097Z[0m [32m INFO[0m [2mort::logging[0m[2m:[0m GraphTransformer GeluFusionL2 modified: 0 with status: OK
[2m2025-10-17T02:25:56.999186Z[0m [32m INFO[0m [2mort::logging[0m[2m:[0m GraphTransformer LayerNormFusionL2 modified: 0 with status: OK
[2m2025-10-17T02:25:56.999286Z[0m [32m INFO[0m [2mort::logging[0m[2m:[0m GraphTransformer SimplifiedLayerNormFusion modified: 0 with status: OK
[2m2025-10-17T02:25:56.999375Z[0m [32m INFO[0m [2mort::logging[0m[2m:[0m GraphTransformer AttentionFusion modified: 0 with status: OK
[2m2025-10-17T02:25:56.999463Z[0m [32m INFO[0m [2mort::logging[0m[2m:[0m GraphTransformer EmbedLayerNormFusion modified: 0 with status: OK
[2m2025-10-17T02:25:56.999475Z[0m [32m INFO[0m [2mort::logging[0m[2m:[0m GraphTransformer GatherSliceToSplitFusion modified: 0 with status: OK
[2m2025-10-17T02:25:56.999557Z[0m [32m INFO[0m [2mort::logging[0m[2m:[0m GraphTransformer GatherToSliceFusion modified: 0 with status: OK
[2m2025-10-17T02:25:56.999668Z[0m [32m INFO[0m [2mort::logging[0m[2m:[0m GraphTransformer MatmulTransposeFusion modified: 0 with status: OK
[2m2025-10-17T02:25:56.999769Z[0m [32m INFO[0m [2mort::logging[0m[2m:[0m GraphTransformer BiasGeluFusion modified: 0 with status: OK
[2m2025-10-17T02:25:56.999856Z[0m [32m INFO[0m [2mort::logging[0m[2m:[0m GraphTransformer GroupQueryAttentionFusion modified: 0 with status: OK
[2m2025-10-17T02:25:56.999943Z[0m [32m INFO[0m [2mort::logging[0m[2m:[0m GraphTransformer SkipLayerNormFusion modified: 0 with status: OK
[2m2025-10-17T02:25:57.000050Z[0m [32m INFO[0m [2mort::logging[0m[2m:[0m GraphTransformer FastGeluFusion modified: 0 with status: OK
[2m2025-10-17T02:25:57.000405Z[0m [32m INFO[0m [2mort::logging[0m[2m:[0m GraphTransformer QuickGeluFusion modified: 1 with status: OK
[2m2025-10-17T02:25:57.002355Z[0m [32m INFO[0m [2mort::logging[0m[2m:[0m GraphTransformer BiasSoftmaxFusion modified: 0 with status: OK
[2m2025-10-17T02:25:57.002452Z[0m [32m INFO[0m [2mort::logging[0m[2m:[0m GraphTransformer BiasDropoutFusion modified: 0 with status: OK
[2m2025-10-17T02:25:57.002550Z[0m [32m INFO[0m [2mort::logging[0m[2m:[0m GraphTransformer MatMulScaleFusion modified: 0 with status: OK
[2m2025-10-17T02:25:57.002642Z[0m [32m INFO[0m [2mort::logging[0m[2m:[0m GraphTransformer MatMulActivationFusion modified: 0 with status: OK
[2m2025-10-17T02:25:57.002750Z[0m [32m INFO[0m [2mort::logging[0m[2m:[0m GraphTransformer MatMulNBitsFusion modified: 0 with status: OK
[2m2025-10-17T02:25:57.002831Z[0m [32m INFO[0m [2mort::logging[0m[2m:[0m GraphTransformer QDQFinalCleanupTransformer modified: 0 with status: OK
[2m2025-10-17T02:25:57.002907Z[0m [32m INFO[0m [2mort::logging[0m[2m:[0m GraphTransformer Level2_RuleBasedTransformer modified: 0 with status: OK
[2m2025-10-17T02:25:57.002988Z[0m [32m INFO[0m [2mort::logging[0m[2m:[0m GraphTransformer QDQS8ToU8Transformer modified: 0 with status: OK
[2m2025-10-17T02:25:57.003174Z[0m [32m INFO[0m [2mort::logging[0m[2m:[0m GraphTransformer QDQSelectorActionTransformer modified: 0 with status: OK
[2m2025-10-17T02:25:57.003272Z[0m [32m INFO[0m [2mort::logging[0m[2m:[0m GraphTransformer GemmActivationFusion modified: 0 with status: OK
[2m2025-10-17T02:25:57.003354Z[0m [32m INFO[0m [2mort::logging[0m[2m:[0m GraphTransformer MatMulIntegerToFloatFusion modified: 0 with status: OK
[2m2025-10-17T02:25:57.003437Z[0m [32m INFO[0m [2mort::logging[0m[2m:[0m GraphTransformer DynamicQuantizeMatMulFusion modified: 0 with status: OK
[2m2025-10-17T02:25:57.003570Z[0m [32m INFO[0m [2mort::logging[0m[2m:[0m GraphTransformer ConvActivationFusion modified: 0 with status: OK
[2m2025-10-17T02:25:57.003667Z[0m [32m INFO[0m [2mort::logging[0m[2m:[0m GraphTransformer GeluFusionL2 modified: 0 with status: OK
[2m2025-10-17T02:25:57.003746Z[0m [32m INFO[0m [2mort::logging[0m[2m:[0m GraphTransformer LayerNormFusionL2 modified: 0 with status: OK
[2m2025-10-17T02:25:57.003820Z[0m [32m INFO[0m [2mort::logging[0m[2m:[0m GraphTransformer SimplifiedLayerNormFusion modified: 0 with status: OK
[2m2025-10-17T02:25:57.003891Z[0m [32m INFO[0m [2mort::logging[0m[2m:[0m GraphTransformer AttentionFusion modified: 0 with status: OK
[2m2025-10-17T02:25:57.003962Z[0m [32m INFO[0m [2mort::logging[0m[2m:[0m GraphTransformer EmbedLayerNormFusion modified: 0 with status: OK
[2m2025-10-17T02:25:57.003973Z[0m [32m INFO[0m [2mort::logging[0m[2m:[0m GraphTransformer GatherSliceToSplitFusion modified: 0 with status: OK
[2m2025-10-17T02:25:57.004039Z[0m [32m INFO[0m [2mort::logging[0m[2m:[0m GraphTransformer GatherToSliceFusion modified: 0 with status: OK
[2m2025-10-17T02:25:57.004113Z[0m [32m INFO[0m [2mort::logging[0m[2m:[0m GraphTransformer MatmulTransposeFusion modified: 0 with status: OK
[2m2025-10-17T02:25:57.004245Z[0m [32m INFO[0m [2mort::logging[0m[2m:[0m GraphTransformer BiasGeluFusion modified: 0 with status: OK
[2m2025-10-17T02:25:57.004387Z[0m [32m INFO[0m [2mort::logging[0m[2m:[0m GraphTransformer GroupQueryAttentionFusion modified: 0 with status: OK
[2m2025-10-17T02:25:57.004477Z[0m [32m INFO[0m [2mort::logging[0m[2m:[0m GraphTransformer SkipLayerNormFusion modified: 0 with status: OK
[2m2025-10-17T02:25:57.004562Z[0m [32m INFO[0m [2mort::logging[0m[2m:[0m GraphTransformer FastGeluFusion modified: 0 with status: OK
[2m2025-10-17T02:25:57.004667Z[0m [32m INFO[0m [2mort::logging[0m[2m:[0m GraphTransformer QuickGeluFusion modified: 0 with status: OK
[2m2025-10-17T02:25:57.004753Z[0m [32m INFO[0m [2mort::logging[0m[2m:[0m GraphTransformer BiasSoftmaxFusion modified: 0 with status: OK
[2m2025-10-17T02:25:57.004827Z[0m [32m INFO[0m [2mort::logging[0m[2m:[0m GraphTransformer BiasDropoutFusion modified: 0 with status: OK
[2m2025-10-17T02:25:57.004915Z[0m [32m INFO[0m [2mort::logging[0m[2m:[0m GraphTransformer MatMulScaleFusion modified: 0 with status: OK
[2m2025-10-17T02:25:57.004989Z[0m [32m INFO[0m [2mort::logging[0m[2m:[0m GraphTransformer MatMulActivationFusion modified: 0 with status: OK
[2m2025-10-17T02:25:57.005089Z[0m [32m INFO[0m [2mort::logging[0m[2m:[0m GraphTransformer MatMulNBitsFusion modified: 0 with status: OK
[2m2025-10-17T02:25:57.005169Z[0m [32m INFO[0m [2mort::logging[0m[2m:[0m GraphTransformer QDQFinalCleanupTransformer modified: 0 with status: OK
[2m2025-10-17T02:25:57.131428Z[0m [32m INFO[0m [2mort::logging[0m[2m:[0m GraphTransformer NchwcTransformer modified: 1 with status: OK
[2m2025-10-17T02:25:57.135127Z[0m [32m INFO[0m [2mort::logging[0m[2m:[0m Removing initializer 'onnx::Conv_1320'. It is no longer used by any node.
[2m2025-10-17T02:25:57.135154Z[0m [32m INFO[0m [2mort::logging[0m[2m:[0m Removing initializer 'onnx::Conv_1437'. It is no longer used by any node.
[2m2025-10-17T02:25:57.135161Z[0m [32m INFO[0m [2mort::logging[0m[2m:[0m Removing initializer 'onnx::Conv_1431'. It is no longer used by any node.
[2m2025-10-17T02:25:57.135167Z[0m [32m INFO[0m [2mort::logging[0m[2m:[0m Removing initializer 'onnx::Conv_1425'. It is no longer used by any node.
[2m2025-10-17T02:25:57.135171Z[0m [32m INFO[0m [2mort::logging[0m[2m:[0m Removing initializer 'onnx::Conv_1479'. It is no longer used by any node.
[2m2025-10-17T02:25:57.135177Z[0m [32m INFO[0m [2mort::logging[0m[2m:[0m Removing initializer 'onnx::Conv_1419'. It is no longer used by any node.
[2m2025-10-17T02:25:57.135192Z[0m [32m INFO[0m [2mort::logging[0m[2m:[0m Removing initializer 'onnx::Conv_1401'. It is no longer used by any node.
[2m2025-10-17T02:25:57.135197Z[0m [32m INFO[0m [2mort::logging[0m[2m:[0m Removing initializer 'onnx::Conv_1281'. It is no longer used by any node.
[2m2025-10-17T02:25:57.135202Z[0m [32m INFO[0m [2mort::logging[0m[2m:[0m Removing initializer 'onnx::Conv_1434'. It is no longer used by any node.
[2m2025-10-17T02:25:57.135206Z[0m [32m INFO[0m [2mort::logging[0m[2m:[0m Removing initializer 'onnx::Conv_1395'. It is no longer used by any node.
[2m2025-10-17T02:25:57.135211Z[0m [32m INFO[0m [2mort::logging[0m[2m:[0m Removing initializer 'model.22.cv3.2.2.weight'. It is no longer used by any node.
[2m2025-10-17T02:25:57.135217Z[0m [32m INFO[0m [2mort::logging[0m[2m:[0m Removing initializer 'onnx::Conv_1371'. It is no longer used by any node.
[2m2025-10-17T02:25:57.135221Z[0m [32m INFO[0m [2mort::logging[0m[2m:[0m Removing initializer 'onnx::Conv_1389'. It is no longer used by any node.
[2m2025-10-17T02:25:57.135226Z[0m [32m INFO[0m [2mort::logging[0m[2m:[0m Removing initializer 'onnx::Conv_1386'. It is no longer used by any node.
[2m2025-10-17T02:25:57.135244Z[0m [32m INFO[0m [2mort::logging[0m[2m:[0m Removing initializer 'onnx::Conv_1380'. It is no longer used by any node.
[2m2025-10-17T02:25:57.135257Z[0m [32m INFO[0m [2mort::logging[0m[2m:[0m Removing initializer 'onnx::Conv_1413'. It is no longer used by any node.
[2m2025-10-17T02:25:57.135270Z[0m [32m INFO[0m [2mort::logging[0m[2m:[0m Removing initializer 'onnx::Conv_1290'. It is no longer used by any node.
[2m2025-10-17T02:25:57.135280Z[0m [32m INFO[0m [2mort::logging[0m[2m:[0m Removing initializer 'onnx::Conv_1365'. It is no longer used by any node.
[2m2025-10-17T02:25:57.135289Z[0m [32m INFO[0m [2mort::logging[0m[2m:[0m Removing initializer 'onnx::Conv_1368'. It is no longer used by any node.
[2m2025-10-17T02:25:57.135297Z[0m [32m INFO[0m [2mort::logging[0m[2m:[0m Removing initializer 'onnx::Conv_1359'. It is no longer used by any node.
[2m2025-10-17T02:25:57.135302Z[0m [32m INFO[0m [2mort::logging[0m[2m:[0m Removing initializer 'onnx::Conv_1404'. It is no longer used by any node.
[2m2025-10-17T02:25:57.135307Z[0m [32m INFO[0m [2mort::logging[0m[2m:[0m Removing initializer 'onnx::Conv_1356'. It is no longer used by any node.
[2m2025-10-17T02:25:57.135312Z[0m [32m INFO[0m [2mort::logging[0m[2m:[0m Removing initializer 'onnx::Conv_1350'. It is no longer used by any node.
[2m2025-10-17T02:25:57.135317Z[0m [32m INFO[0m [2mort::logging[0m[2m:[0m Removing initializer 'onnx::Conv_1341'. It is no longer used by any node.
[2m2025-10-17T02:25:57.135322Z[0m [32m INFO[0m [2mort::logging[0m[2m:[0m Removing initializer 'model.22.cv2.1.2.weight'. It is no longer used by any node.
[2m2025-10-17T02:25:57.135328Z[0m [32m INFO[0m [2mort::logging[0m[2m:[0m Removing initializer 'onnx::Conv_1392'. It is no longer used by any node.
[2m2025-10-17T02:25:57.135333Z[0m [32m INFO[0m [2mort::logging[0m[2m:[0m Removing initializer 'onnx::Conv_1485'. It is no longer used by any node.
[2m2025-10-17T02:25:57.135338Z[0m [32m INFO[0m [2mort::logging[0m[2m:[0m Removing initializer 'model.22.dfl.conv.weight'. It is no longer used by any node.
[2m2025-10-17T02:25:57.135344Z[0m [32m INFO[0m [2mort::logging[0m[2m:[0m Removing initializer 'model.22.cv4.1.2.weight'. It is no longer used by any node.
[2m2025-10-17T02:25:57.135349Z[0m [32m INFO[0m [2mort::logging[0m[2m:[0m Removing initializer 'onnx::Conv_1284'. It is no longer used by any node.
[2m2025-10-17T02:25:57.135354Z[0m [32m INFO[0m [2mort::logging[0m[2m:[0m Removing initializer 'onnx::Conv_1377'. It is no longer used by any node.
[2m2025-10-17T02:25:57.135359Z[0m [32m INFO[0m [2mort::logging[0m[2m:[0m Removing initializer 'onnx::Conv_1293'. It is no longer used by any node.
[2m2025-10-17T02:25:57.135370Z[0m [32m INFO[0m [2mort::logging[0m[2m:[0m Removing initializer 'model.22.cv3.0.2.bias'. It is no longer used by any node.
[2m2025-10-17T02:25:57.135376Z[0m [32m INFO[0m [2mort::logging[0m[2m:[0m Removing initializer 'onnx::Conv_1302'. It is no longer used by any node.
[2m2025-10-17T02:25:57.135381Z[0m [32m INFO[0m [2mort::logging[0m[2m:[0m Removing initializer 'onnx::Conv_1311'. It is no longer used by any node.
[2m2025-10-17T02:25:57.135385Z[0m [32m INFO[0m [2mort::logging[0m[2m:[0m Removing initializer 'onnx::Conv_1317'. It is no longer used by any node.
[2m2025-10-17T02:25:57.135390Z[0m [32m INFO[0m [2mort::logging[0m[2m:[0m Removing initializer 'model.22.cv3.1.2.weight'. It is no longer used by any node.
[2m2025-10-17T02:25:57.135395Z[0m [32m INFO[0m [2mort::logging[0m[2m:[0m Removing initializer 'onnx::Conv_1347'. It is no longer used by any node.
[2m2025-10-17T02:25:57.135400Z[0m [32m INFO[0m [2mort::logging[0m[2m:[0m Removing initializer 'onnx::Conv_1515'. It is no longer used by any node.
[2m2025-10-17T02:25:57.135405Z[0m [32m INFO[0m [2mort::logging[0m[2m:[0m Removing initializer 'model.22.cv2.2.2.weight'. It is no longer used by any node.
[2m2025-10-17T02:25:57.135410Z[0m [32m INFO[0m [2mort::logging[0m[2m:[0m Removing initializer 'onnx::Conv_1374'. It is no longer used by any node.
[2m2025-10-17T02:25:57.135415Z[0m [32m INFO[0m [2mort::logging[0m[2m:[0m Removing initializer 'model.22.cv3.0.2.weight'. It is no longer used by any node.
[2m2025-10-17T02:25:57.135421Z[0m [32m INFO[0m [2mort::logging[0m[2m:[0m Removing initializer 'onnx::Conv_1329'. It is no longer used by any node.
[2m2025-10-17T02:25:57.135426Z[0m [32m INFO[0m [2mort::logging[0m[2m:[0m Removing initializer 'model.22.cv3.2.2.bias'. It is no longer used by any node.
[2m2025-10-17T02:25:57.135431Z[0m [32m INFO[0m [2mort::logging[0m[2m:[0m Removing initializer 'onnx::Conv_1323'. It is no longer used by any node.
[2m2025-10-17T02:25:57.135436Z[0m [32m INFO[0m [2mort::logging[0m[2m:[0m Removing initializer 'onnx::Conv_1443'. It is no longer used by any node.
[2m2025-10-17T02:25:57.135441Z[0m [32m INFO[0m [2mort::logging[0m[2m:[0m Removing initializer 'onnx::Conv_1296'. It is no longer used by any node.
[2m2025-10-17T02:25:57.135445Z[0m [32m INFO[0m [2mort::logging[0m[2m:[0m Removing initializer 'onnx::Conv_1422'. It is no longer used by any node.
[2m2025-10-17T02:25:57.135451Z[0m [32m INFO[0m [2mort::logging[0m[2m:[0m Removing initializer 'onnx::Conv_1299'. It is no longer used by any node.
[2m2025-10-17T02:25:57.135455Z[0m [32m INFO[0m [2mort::logging[0m[2m:[0m Removing initializer 'onnx::Conv_1512'. It is no longer used by any node.
[2m2025-10-17T02:25:57.135461Z[0m [32m INFO[0m [2mort::logging[0m[2m:[0m Removing initializer 'onnx::Conv_1416'. It is no longer used by any node.
[2m2025-10-17T02:25:57.135466Z[0m [32m INFO[0m [2mort::logging[0m[2m:[0m Removing initializer 'onnx::Conv_1353'. It is no longer used by any node.
[2m2025-10-17T02:25:57.135470Z[0m [32m INFO[0m [2mort::logging[0m[2m:[0m Removing initializer 'onnx::Conv_1308'. It is no longer used by any node.
[2m2025-10-17T02:25:57.135475Z[0m [32m INFO[0m [2mort::logging[0m[2m:[0m Removing initializer 'onnx::Conv_1461'. It is no longer used by any node.
[2m2025-10-17T02:25:57.135480Z[0m [32m INFO[0m [2mort::logging[0m[2m:[0m Removing initializer 'onnx::Conv_1314'. It is no longer used by any node.
[2m2025-10-17T02:25:57.135484Z[0m [32m INFO[0m [2mort::logging[0m[2m:[0m Removing initializer 'onnx::Conv_1287'. It is no longer used by any node.
[2m2025-10-17T02:25:57.135489Z[0m [32m INFO[0m [2mort::logging[0m[2m:[0m Removing initializer 'onnx::Conv_1305'. It is no longer used by any node.
[2m2025-10-17T02:25:57.135494Z[0m [32m INFO[0m [2mort::logging[0m[2m:[0m Removing initializer 'onnx::Conv_1326'. It is no longer used by any node.
[2m2025-10-17T02:25:57.135507Z[0m [32m INFO[0m [2mort::logging[0m[2m:[0m Removing initializer 'onnx::Conv_1527'. It is no longer used by any node.
[2m2025-10-17T02:25:57.135512Z[0m [32m INFO[0m [2mort::logging[0m[2m:[0m Removing initializer 'model.22.cv2.0.2.weight'. It is no longer used by any node.
[2m2025-10-17T02:25:57.135517Z[0m [32m INFO[0m [2mort::logging[0m[2m:[0m Removing initializer 'onnx::Conv_1335'. It is no longer used by any node.
[2m2025-10-17T02:25:57.135522Z[0m [32m INFO[0m [2mort::logging[0m[2m:[0m Removing initializer 'model.22.cv4.0.2.weight'. It is no longer used by any node.
[2m2025-10-17T02:25:57.135526Z[0m [32m INFO[0m [2mort::logging[0m[2m:[0m Removing initializer 'onnx::Conv_1440'. It is no longer used by any node.
[2m2025-10-17T02:25:57.135531Z[0m [32m INFO[0m [2mort::logging[0m[2m:[0m Removing initializer 'onnx::Conv_1509'. It is no longer used by any node.
[2m2025-10-17T02:25:57.135536Z[0m [32m INFO[0m [2mort::logging[0m[2m:[0m Removing initializer 'onnx::Conv_1446'. It is no longer used by any node.
[2m2025-10-17T02:25:57.135542Z[0m [32m INFO[0m [2mort::logging[0m[2m:[0m Removing initializer 'onnx::Conv_1449'. It is no longer used by any node.
[2m2025-10-17T02:25:57.135547Z[0m [32m INFO[0m [2mort::logging[0m[2m:[0m Removing initializer 'onnx::Conv_1428'. It is no longer used by any node.
[2m2025-10-17T02:25:57.135552Z[0m [32m INFO[0m [2mort::logging[0m[2m:[0m Removing initializer 'onnx::Conv_1455'. It is no longer used by any node.
[2m2025-10-17T02:25:57.135556Z[0m [32m INFO[0m [2mort::logging[0m[2m:[0m Removing initializer 'onnx::Conv_1458'. It is no longer used by any node.
[2m2025-10-17T02:25:57.135562Z[0m [32m INFO[0m [2mort::logging[0m[2m:[0m Removing initializer 'onnx::Conv_1464'. It is no longer used by any node.
[2m2025-10-17T02:25:57.135566Z[0m [32m INFO[0m [2mort::logging[0m[2m:[0m Removing initializer 'onnx::Conv_1467'. It is no longer used by any node.
[2m2025-10-17T02:25:57.135571Z[0m [32m INFO[0m [2mort::logging[0m[2m:[0m Removing initializer 'onnx::Conv_1470'. It is no longer used by any node.
[2m2025-10-17T02:25:57.135576Z[0m [32m INFO[0m [2mort::logging[0m[2m:[0m Removing initializer 'model.22.cv4.2.2.weight'. It is no longer used by any node.
[2m2025-10-17T02:25:57.135581Z[0m [32m INFO[0m [2mort::logging[0m[2m:[0m Removing initializer 'onnx::Conv_1362'. It is no longer used by any node.
[2m2025-10-17T02:25:57.135586Z[0m [32m INFO[0m [2mort::logging[0m[2m:[0m Removing initializer 'onnx::Conv_1473'. It is no longer used by any node.
[2m2025-10-17T02:25:57.135591Z[0m [32m INFO[0m [2mort::logging[0m[2m:[0m Removing initializer 'onnx::Conv_1476'. It is no longer used by any node.
[2m2025-10-17T02:25:57.135596Z[0m [32m INFO[0m [2mort::logging[0m[2m:[0m Removing initializer 'onnx::Conv_1482'. It is no longer used by any node.
[2m2025-10-17T02:25:57.135623Z[0m [32m INFO[0m [2mort::logging[0m[2m:[0m Removing initializer 'onnx::Conv_1338'. It is no longer used by any node.
[2m2025-10-17T02:25:57.135632Z[0m [32m INFO[0m [2mort::logging[0m[2m:[0m Removing initializer 'onnx::Conv_1488'. It is no longer used by any node.
[2m2025-10-17T02:25:57.135637Z[0m [32m INFO[0m [2mort::logging[0m[2m:[0m Removing initializer 'onnx::Conv_1344'. It is no longer used by any node.
[2m2025-10-17T02:25:57.135642Z[0m [32m INFO[0m [2mort::logging[0m[2m:[0m Removing initializer 'onnx::Conv_1491'. It is no longer used by any node.
[2m2025-10-17T02:25:57.135647Z[0m [32m INFO[0m [2mort::logging[0m[2m:[0m Removing initializer 'onnx::Conv_1383'. It is no longer used by any node.
[2m2025-10-17T02:25:57.135652Z[0m [32m INFO[0m [2mort::logging[0m[2m:[0m Removing initializer 'onnx::Conv_1497'. It is no longer used by any node.
[2m2025-10-17T02:25:57.135657Z[0m [32m INFO[0m [2mort::logging[0m[2m:[0m Removing initializer 'onnx::Conv_1332'. It is no longer used by any node.
[2m2025-10-17T02:25:57.135666Z[0m [32m INFO[0m [2mort::logging[0m[2m:[0m Removing initializer 'onnx::Conv_1500'. It is no longer used by any node.
[2m2025-10-17T02:25:57.135671Z[0m [32m INFO[0m [2mort::logging[0m[2m:[0m Removing initializer 'onnx::Conv_1494'. It is no longer used by any node.
[2m2025-10-17T02:25:57.135676Z[0m [32m INFO[0m [2mort::logging[0m[2m:[0m Removing initializer 'onnx::Conv_1503'. It is no longer used by any node.
[2m2025-10-17T02:25:57.135681Z[0m [32m INFO[0m [2mort::logging[0m[2m:[0m Removing initializer 'onnx::Conv_1506'. It is no longer used by any node.
[2m2025-10-17T02:25:57.135685Z[0m [32m INFO[0m [2mort::logging[0m[2m:[0m Removing initializer 'onnx::Conv_1518'. It is no longer used by any node.
[2m2025-10-17T02:25:57.135690Z[0m [32m INFO[0m [2mort::logging[0m[2m:[0m Removing initializer 'onnx::Conv_1521'. It is no longer used by any node.
[2m2025-10-17T02:25:57.135695Z[0m [32m INFO[0m [2mort::logging[0m[2m:[0m Removing initializer 'onnx::Conv_1524'. It is no longer used by any node.
[2m2025-10-17T02:25:57.135700Z[0m [32m INFO[0m [2mort::logging[0m[2m:[0m Removing initializer 'onnx::Conv_1530'. It is no longer used by any node.
[2m2025-10-17T02:25:57.135705Z[0m [32m INFO[0m [2mort::logging[0m[2m:[0m Removing initializer 'onnx::Conv_1533'. It is no longer used by any node.
[2m2025-10-17T02:25:57.135709Z[0m [32m INFO[0m [2mort::logging[0m[2m:[0m Removing initializer 'model.22.cv3.1.2.bias'. It is no longer used by any node.
[2m2025-10-17T02:25:57.135715Z[0m [32m INFO[0m [2mort::logging[0m[2m:[0m Removing initializer 'onnx::Conv_1536'. It is no longer used by any node.
[2m2025-10-17T02:25:57.135720Z[0m [32m INFO[0m [2mort::logging[0m[2m:[0m Removing initializer 'onnx::Conv_1452'. It is no longer used by any node.
[2m2025-10-17T02:25:57.135725Z[0m [32m INFO[0m [2mort::logging[0m[2m:[0m Removing initializer 'onnx::Conv_1398'. It is no longer used by any node.
[2m2025-10-17T02:25:57.135729Z[0m [32m INFO[0m [2mort::logging[0m[2m:[0m Removing initializer 'onnx::Conv_1410'. It is no longer used by any node.
[2m2025-10-17T02:25:57.135734Z[0m [32m INFO[0m [2mort::logging[0m[2m:[0m Removing initializer 'onnx::Conv_1407'. It is no longer used by any node.
[2m2025-10-17T02:25:57.137078Z[0m [32m INFO[0m [2mort::logging[0m[2m:[0m GraphTransformer NhwcTransformer modified: 0 with status: OK
[2m2025-10-17T02:25:57.137407Z[0m [32m INFO[0m [2mort::logging[0m[2m:[0m GraphTransformer ConvAddActivationFusion modified: 0 with status: OK
[2m2025-10-17T02:25:57.137653Z[0m [32m INFO[0m [2mort::logging[0m[2m:[0m GraphTransformer NchwcTransformer modified: 0 with status: OK
[2m2025-10-17T02:25:57.138199Z[0m [32m INFO[0m [2mort::logging[0m[2m:[0m GraphTransformer NhwcTransformer modified: 0 with status: OK
[2m2025-10-17T02:25:57.138683Z[0m [32m INFO[0m [2mort::logging[0m[2m:[0m GraphTransformer ConvAddActivationFusion modified: 0 with status: OK
[2m2025-10-17T02:25:57.139413Z[0m [32m INFO[0m [2mort::logging[0m[2m:[0m GraphTransformer RemoveDuplicateCastTransformer modified: 0 with status: OK
[2m2025-10-17T02:25:57.139434Z[0m [32m INFO[0m [2mort::logging[0m[2m:[0m GraphTransformer CastFloat16Transformer modified: 0 with status: OK
[2m2025-10-17T02:25:57.139450Z[0m [32m INFO[0m [2mort::logging[0m[2m:[0m GraphTransformer MemcpyTransformer modified: 0 with status: OK
[2m2025-10-17T02:25:57.140734Z[0m [32m INFO[0m [2mort::logging[0m[2m:[0m Use DeviceBasedPartition as default
[2m2025-10-17T02:25:57.182396Z[0m [32m INFO[0m [2mort::logging[0m[2m:[0m Saving initialized tensors.
[2m2025-10-17T02:25:57.182468Z[0m [32m INFO[0m [2mort::logging[0m[2m:[0m Extending BFCArena for Cpu. bin_num:0 (requested) num_bytes: 32 (actual) rounded_bytes:256
[2m2025-10-17T02:25:57.182484Z[0m [32m INFO[0m [2mort::logging[0m[2m:[0m Extended allocation by 1048576 bytes.
[2m2025-10-17T02:25:57.182490Z[0m [32m INFO[0m [2mort::logging[0m[2m:[0m Total allocated bytes: 1048576
[2m2025-10-17T02:25:57.182507Z[0m [32m INFO[0m [2mort::logging[0m[2m:[0m Allocated memory at 0x64259f4addc0 to 0x64259f5addc0
[2m2025-10-17T02:25:57.182622Z[0m [32m INFO[0m [2mort::logging[0m[2m:[0m Extending BFCArena for Cpu. bin_num:0 (requested) num_bytes: 16 (actual) rounded_bytes:256
[2m2025-10-17T02:25:57.182643Z[0m [32m INFO[0m [2mort::logging[0m[2m:[0m Extended allocation by 2097152 bytes.
[2m2025-10-17T02:25:57.182649Z[0m [32m INFO[0m [2mort::logging[0m[2m:[0m Total allocated bytes: 3145728
[2m2025-10-17T02:25:57.182653Z[0m [32m INFO[0m [2mort::logging[0m[2m:[0m Allocated memory at 0x6425ab2855c0 to 0x6425ab4855c0
[2m2025-10-17T02:25:57.182762Z[0m [32m INFO[0m [2mort::logging[0m[2m:[0m Extending BFCArena for Cpu. bin_num:14 (requested) num_bytes: 5308416 (actual) rounded_bytes:5308416
[2m2025-10-17T02:25:57.182775Z[0m [32m INFO[0m [2mort::logging[0m[2m:[0m Extended allocation by 8388608 bytes.
[2m2025-10-17T02:25:57.182780Z[0m [32m INFO[0m [2mort::logging[0m[2m:[0m Total allocated bytes: 11534336
[2m2025-10-17T02:25:57.182784Z[0m [32m INFO[0m [2mort::logging[0m[2m:[0m Allocated memory at 0x64259e00dc80 to 0x64259e80dc80
[2m2025-10-17T02:25:57.183371Z[0m [32m INFO[0m [2mort::logging[0m[2m:[0m Extending BFCArena for Cpu. bin_num:14 (requested) num_bytes: 7962624 (actual) rounded_bytes:7962624
[2m2025-10-17T02:25:57.183390Z[0m [32m INFO[0m [2mort::logging[0m[2m:[0m Extended allocation by 8388608 bytes.
[2m2025-10-17T02:25:57.183395Z[0m [32m INFO[0m [2mort::logging[0m[2m:[0m Total allocated bytes: 19922944
[2m2025-10-17T02:25:57.183400Z[0m [32m INFO[0m [2mort::logging[0m[2m:[0m Allocated memory at 0x64259fb4de40 to 0x6425a034de40
[2m2025-10-17T02:25:57.184337Z[0m [32m INFO[0m [2mort::logging[0m[2m:[0m Extending BFCArena for Cpu. bin_num:12 (requested) num_bytes: 1327104 (actual) rounded_bytes:1327104
[2m2025-10-17T02:25:57.184365Z[0m [32m INFO[0m [2mort::logging[0m[2m:[0m Extended allocation by 16777216 bytes.
[2m2025-10-17T02:25:57.184371Z[0m [32m INFO[0m [2mort::logging[0m[2m:[0m Total allocated bytes: 36700160
[2m2025-10-17T02:25:57.184376Z[0m [32m INFO[0m [2mort::logging[0m[2m:[0m Allocated memory at 0x6425a13edf80 to 0x6425a23edf80
[2m2025-10-17T02:25:57.186326Z[0m [32m INFO[0m [2mort::logging[0m[2m:[0m Extending BFCArena for Cpu. bin_num:0 (requested) num_bytes: 4 (actual) rounded_bytes:256
[2m2025-10-17T02:25:57.186349Z[0m [32m INFO[0m [2mort::logging[0m[2m:[0m Extended allocation by 33554432 bytes.
[2m2025-10-17T02:25:57.186354Z[0m [32m INFO[0m [2mort::logging[0m[2m:[0m Total allocated bytes: 70254592
[2m2025-10-17T02:25:57.186359Z[0m [32m INFO[0m [2mort::logging[0m[2m:[0m Allocated memory at 0x6425a23edfc0 to 0x6425a43edfc0
[2m2025-10-17T02:25:57.190004Z[0m [32m INFO[0m [2mort::logging[0m[2m:[0m Extending BFCArena for Cpu. bin_num:1 (requested) num_bytes: 768 (actual) rounded_bytes:768
[2m2025-10-17T02:25:57.190051Z[0m [32m INFO[0m [2mort::logging[0m[2m:[0m Extended allocation by 67108864 bytes.
[2m2025-10-17T02:25:57.190058Z[0m [32m INFO[0m [2mort::logging[0m[2m:[0m Total allocated bytes: 137363456
[2m2025-10-17T02:25:57.190063Z[0m [32m INFO[0m [2mort::logging[0m[2m:[0m Allocated memory at 0x706f0ffff040 to 0x706f13fff040
[2m2025-10-17T02:25:57.218846Z[0m [32m INFO[0m [2mort::logging[0m[2m:[0m Done saving initialized tensors
[2m2025-10-17T02:25:57.220655Z[0m [32m INFO[0m [2mort::logging[0m[2m:[0m Session successfully initialized.
[2m2025-10-17T02:25:57.220701Z[0m [32m INFO[0m [2mlum_rust_ws::domains::qr::rust_qreader[0m[2m:[0m ✅ RustQReader ONNX session initialized for Medium model
[2m2025-10-17T02:25:57.220709Z[0m [32m INFO[0m [2mlum_rust_ws::processing::qr_detection[0m[2m:[0m ✅ ONNX Medium model initialized successfully
[2m2025-10-17T02:25:57.220716Z[0m [32m INFO[0m [2mlum_rust_ws[0m[2m:[0m 🤖 ONNX ML models initialized for enhanced QR detection
[2m2025-10-17T02:25:57.220752Z[0m [32m INFO[0m [2mlum_rust_ws[0m[2m:[0m ⏰ OfertasWs refresh scheduler initialized (10am & 3pm Panamá)
[2m2025-10-17T02:25:57.220999Z[0m [32m INFO[0m [2mtokio_cron_scheduler::job_scheduler[0m[2m:[0m Uninited
[2m2025-10-17T02:25:57.221069Z[0m [32m INFO[0m [2mtokio_cron_scheduler::job_scheduler[0m[2m:[0m Job creator created
[2m2025-10-17T02:25:57.221080Z[0m [32m INFO[0m [2mtokio_cron_scheduler::job_scheduler[0m[2m:[0m Job creator created
[2m2025-10-17T02:25:57.221085Z[0m [32m INFO[0m [2mlum_rust_ws::tasks::ofertasws_refresh[0m[2m:[0m ✅ OfertasWs refresh scheduler started
[2m2025-10-17T02:25:57.221090Z[0m [32m INFO[0m [2mlum_rust_ws::tasks::ofertasws_refresh[0m[2m:[0m    → 10am Panamá (3pm UTC): Daily refresh
[2m2025-10-17T02:25:57.221094Z[0m [32m INFO[0m [2mlum_rust_ws::tasks::ofertasws_refresh[0m[2m:[0m    → 3pm Panamá (8pm UTC): Daily refresh
[2m2025-10-17T02:25:57.221797Z[0m [32m INFO[0m [2mlum_rust_ws[0m[2m:[0m listening on 0.0.0.0:8000
[2m2025-10-17T02:25:59.427578Z[0m [32m INFO[0m [2mlum_rust_ws::middleware::auth[0m[2m:[0m 🔐 JWT authentication successful [3muser_id[0m[2m=[0m1 [3memail[0m[2m=[0muser1@example.com
[2m2025-10-17T02:25:59.428136Z[0m [32m INFO[0m [2mlum_rust_ws::api::ofertasws_v4[0m[2m:[0m 🔄 Manual cache refresh requested for key: ofertasws:cache:2025-10-16:15:00
[2m2025-10-17T02:25:59.428955Z[0m [33m WARN[0m [2mlum_rust_ws::api::ofertasws_v4[0m[2m:[0m ⚠️ Cache MISS for key: ofertasws:cache:2025-10-16:15:00
[2m2025-10-17T02:25:59.589566Z[0m [32m INFO[0m [2mlum_rust_ws::api::ofertasws_v4[0m[2m:[0m 💾 Cache STORED: 563161 bytes compressed (7000 ofertas) in 157ms
[2m2025-10-17T02:25:59.589655Z[0m [32m INFO[0m [2mlum_rust_ws::api::ofertasws_v4[0m[2m:[0m ✅ Cache refreshed: 7000 ofertas, 563161 bytes, 161ms
[2m2025-10-17T02:26:09.770139Z[0m [32m INFO[0m [2mlum_rust_ws::middleware::auth[0m[2m:[0m 🔐 JWT authentication successful [3muser_id[0m[2m=[0m1 [3memail[0m[2m=[0muser1@example.com
[2m2025-10-17T02:26:09.771553Z[0m [32m INFO[0m [2mlum_rust_ws::api::ofertasws_v4[0m[2m:[0m ✅ Cache HIT for key: ofertasws:cache:2025-10-16:15:00
[2m2025-10-17T02:26:09.771654Z[0m [32m INFO[0m [2mlum_rust_ws::api::ofertasws_v4[0m[2m:[0m 📦 Serving ofertasws: 563161 bytes compressed
[2m2025-10-17T02:30:48.298949Z[0m [32m INFO[0m [2mlum_rust_ws::middleware::auth[0m[2m:[0m 🔐 JWT authentication successful [3muser_id[0m[2m=[0m1 [3memail[0m[2m=[0mandresfelipevalenciag@gmail.com
[2m2025-10-17T02:30:48.300720Z[0m [32m INFO[0m [2mlum_rust_ws::api::ofertasws_v4[0m[2m:[0m ✅ Cache HIT for key: ofertasws:cache:2025-10-16:15:00
[2m2025-10-17T02:30:48.300782Z[0m [32m INFO[0m [2mlum_rust_ws::api::ofertasws_v4[0m[2m:[0m 📦 Serving ofertasws: 563161 bytes compressed
[2m2025-10-17T02:31:29.998810Z[0m [32m INFO[0m [2mlum_rust_ws::middleware::auth[0m[2m:[0m 🔐 JWT authentication successful [3muser_id[0m[2m=[0m1 [3memail[0m[2m=[0mandresfelipevalenciag@gmail.com
[2m2025-10-17T02:31:29.998905Z[0m [32m INFO[0m [2mlum_rust_ws::middleware::auth[0m[2m:[0m 🔐 JWT authentication successful [3muser_id[0m[2m=[0m1 [3memail[0m[2m=[0mandresfelipevalenciag@gmail.com
[2m2025-10-17T02:31:29.998935Z[0m [32m INFO[0m [2mlum_rust_ws::api::invoice_query_v4[0m[2m:[0m Request: Getting invoice headers with enhanced filtering [3mrequest_id[0m[2m=[0md455f921-e1e8-439b-9a72-ea2c90649dc6
[2m2025-10-17T02:31:29.998946Z[0m [32m INFO[0m [2mlum_rust_ws::api::invoice_query_v4[0m[2m:[0m Request: Getting invoice headers with enhanced filtering [3mrequest_id[0m[2m=[0m135eb601-7619-4ec2-9984-b3db607be19e
[2m2025-10-17T02:31:29.998951Z[0m [32m INFO[0m [2mlum_rust_ws::api::invoice_query_v4[0m[2m:[0m Request d455f921-e1e8-439b-9a72-ea2c90649dc6: Processing headers for user 1 with limit 50 offset 100
[2m2025-10-17T02:31:29.998957Z[0m [32m INFO[0m [2mlum_rust_ws::api::invoice_query_v4[0m[2m:[0m Request 135eb601-7619-4ec2-9984-b3db607be19e: Processing headers for user 1 with limit 50 offset 0
[2m2025-10-17T02:31:29.998979Z[0m [32m INFO[0m [2mlum_rust_ws::api::invoice_query_v4[0m[2m:[0m Request d455f921-e1e8-439b-9a72-ea2c90649dc6: Executing header query: 
        SELECT 
            ROW_NUMBER() OVER (ORDER BY h.reception_date DESC) as id,
            h.no,
            h.date,
            h.tot_itbms,
            h.cufe,
            h.issuer_name,
            h.tot_amount,
            h.url,
            h.process_date,
            h.reception_date,
            h.type,
            '' as time,
            '' as auth_date,
            h.issuer_ruc,
            h.issuer_dv,
            h.issuer_address,
            h.issuer_phone,
            '' as receptor_name,
            COALESCE(detail_counts.details_count, 0) as details_count,
            COALESCE(payment_counts.payments_count, 0) as payments_count
        FROM public.invoice_header h
        LEFT JOIN (
            SELECT cufe, COUNT(*) as details_count
            FROM public.invoice_detail
            GROUP BY cufe
        ) detail_counts ON h.cufe = detail_counts.cufe
        LEFT JOIN (
            SELECT cufe, COUNT(*) as payments_count
            FROM public.invoice_payment
            GROUP BY cufe
        ) payment_counts ON h.cufe = payment_counts.cufe
        WHERE h.user_id = $1
     AND h.reception_date >= $2 ORDER BY h.reception_date DESC LIMIT $3 OFFSET $4
[2m2025-10-17T02:31:29.998996Z[0m [32m INFO[0m [2mlum_rust_ws::api::invoice_query_v4[0m[2m:[0m Request 135eb601-7619-4ec2-9984-b3db607be19e: Executing header query: 
        SELECT 
            ROW_NUMBER() OVER (ORDER BY h.reception_date DESC) as id,
            h.no,
            h.date,
            h.tot_itbms,
            h.cufe,
            h.issuer_name,
            h.tot_amount,
            h.url,
            h.process_date,
            h.reception_date,
            h.type,
            '' as time,
            '' as auth_date,
            h.issuer_ruc,
            h.issuer_dv,
            h.issuer_address,
            h.issuer_phone,
            '' as receptor_name,
            COALESCE(detail_counts.details_count, 0) as details_count,
            COALESCE(payment_counts.payments_count, 0) as payments_count
        FROM public.invoice_header h
        LEFT JOIN (
            SELECT cufe, COUNT(*) as details_count
            FROM public.invoice_detail
            GROUP BY cufe
        ) detail_counts ON h.cufe = detail_counts.cufe
        LEFT JOIN (
            SELECT cufe, COUNT(*) as payments_count
            FROM public.invoice_payment
            GROUP BY cufe
        ) payment_counts ON h.cufe = payment_counts.cufe
        WHERE h.user_id = $1
     AND h.reception_date >= $2 ORDER BY h.reception_date DESC LIMIT $3 OFFSET $4
[2m2025-10-17T02:31:30.002429Z[0m [32m INFO[0m [2mlum_rust_ws::middleware::auth[0m[2m:[0m 🔐 JWT authentication successful [3muser_id[0m[2m=[0m1 [3memail[0m[2m=[0mandresfelipevalenciag@gmail.com
[2m2025-10-17T02:31:30.002505Z[0m [32m INFO[0m [2mlum_rust_ws::api::invoice_query_v4[0m[2m:[0m Request: Getting invoice headers with enhanced filtering [3mrequest_id[0m[2m=[0m77133ad2-63c7-4553-8da4-54bb98041c4b
[2m2025-10-17T02:31:30.002514Z[0m [32m INFO[0m [2mlum_rust_ws::api::invoice_query_v4[0m[2m:[0m Request 77133ad2-63c7-4553-8da4-54bb98041c4b: Processing headers for user 1 with limit 50 offset 50
[2m2025-10-17T02:31:30.002523Z[0m [32m INFO[0m [2mlum_rust_ws::api::invoice_query_v4[0m[2m:[0m Request 77133ad2-63c7-4553-8da4-54bb98041c4b: Executing header query: 
        SELECT 
            ROW_NUMBER() OVER (ORDER BY h.reception_date DESC) as id,
            h.no,
            h.date,
            h.tot_itbms,
            h.cufe,
            h.issuer_name,
            h.tot_amount,
            h.url,
            h.process_date,
            h.reception_date,
            h.type,
            '' as time,
            '' as auth_date,
            h.issuer_ruc,
            h.issuer_dv,
            h.issuer_address,
            h.issuer_phone,
            '' as receptor_name,
            COALESCE(detail_counts.details_count, 0) as details_count,
            COALESCE(payment_counts.payments_count, 0) as payments_count
        FROM public.invoice_header h
        LEFT JOIN (
            SELECT cufe, COUNT(*) as details_count
            FROM public.invoice_detail
            GROUP BY cufe
        ) detail_counts ON h.cufe = detail_counts.cufe
        LEFT JOIN (
            SELECT cufe, COUNT(*) as payments_count
            FROM public.invoice_payment
            GROUP BY cufe
        ) payment_counts ON h.cufe = payment_counts.cufe
        WHERE h.user_id = $1
     AND h.reception_date >= $2 ORDER BY h.reception_date DESC LIMIT $3 OFFSET $4
[2m2025-10-17T02:31:30.003397Z[0m [32m INFO[0m [2mlum_rust_ws::api::invoice_query_v4[0m[2m:[0m Request 135eb601-7619-4ec2-9984-b3db607be19e: Retrieved 0 invoice headers (total: 0) in 4ms with enhanced filtering
[2m2025-10-17T02:31:30.006331Z[0m [32m INFO[0m [2mlum_rust_ws::api::invoice_query_v4[0m[2m:[0m Request d455f921-e1e8-439b-9a72-ea2c90649dc6: Retrieved 0 invoice headers (total: 0) in 7ms with enhanced filtering
[2m2025-10-17T02:31:30.007287Z[0m [32m INFO[0m [2mlum_rust_ws::api::invoice_query_v4[0m[2m:[0m Request 77133ad2-63c7-4553-8da4-54bb98041c4b: Retrieved 0 invoice headers (total: 0) in 4ms with enhanced filtering
[2m2025-10-17T02:31:30.456629Z[0m [32m INFO[0m [2mlum_rust_ws::middleware::auth[0m[2m:[0m 🔐 JWT authentication successful [3muser_id[0m[2m=[0m1 [3memail[0m[2m=[0mandresfelipevalenciag@gmail.com
[2m2025-10-17T02:31:30.456719Z[0m [32m INFO[0m [2mlum_rust_ws::api::invoice_query_v4[0m[2m:[0m Request: Getting invoice details with enhanced pagination [3mrequest_id[0m[2m=[0md4f34293-0bf0-4738-a83a-4b35f20362e9
[2m2025-10-17T02:31:30.456728Z[0m [32m INFO[0m [2mlum_rust_ws::api::invoice_query_v4[0m[2m:[0m Request d4f34293-0bf0-4738-a83a-4b35f20362e9: Processing for user 1 with limit 100 offset 0 order_by date direction DESC
[2m2025-10-17T02:31:30.456735Z[0m [32m INFO[0m [2mlum_rust_ws::api::invoice_query_v4[0m[2m:[0m Request d4f34293-0bf0-4738-a83a-4b35f20362e9: Querying details for user 1 with enhanced filters
[2m2025-10-17T02:31:30.456742Z[0m [32m INFO[0m [2mlum_rust_ws::api::invoice_query_v4[0m[2m:[0m Request d4f34293-0bf0-4738-a83a-4b35f20362e9: Executing optimized query: 
        SELECT 
            ROW_NUMBER() OVER (ORDER BY d.date DESC) as id,
            d.cufe, d.quantity, d.code, d.description, d.unit_price, d.amount,
            d.unit_discount, d.date, d.total, d.issuer_name, d.reception_date
        FROM public.invoice_with_details d
        WHERE d.user_id = $1
     AND d.reception_date >= $2 ORDER BY d.date DESC LIMIT $3 OFFSET $4
[2m2025-10-17T02:31:30.460298Z[0m [32m INFO[0m [2mlum_rust_ws::api::invoice_query_v4[0m[2m:[0m Request d4f34293-0bf0-4738-a83a-4b35f20362e9: Retrieved 0 invoice details (total: 0) in 3ms with enhanced pagination
[2m2025-10-17T02:31:30.462387Z[0m [32m INFO[0m [2mlum_rust_ws::middleware::auth[0m[2m:[0m 🔐 JWT authentication successful [3muser_id[0m[2m=[0m1 [3memail[0m[2m=[0mandresfelipevalenciag@gmail.com
[2m2025-10-17T02:31:30.462449Z[0m [32m INFO[0m [2mlum_rust_ws::api::invoice_query_v4[0m[2m:[0m Request: Getting invoice details with enhanced pagination [3mrequest_id[0m[2m=[0m047048ae-2d13-4922-b92b-adfed4721790
[2m2025-10-17T02:31:30.462481Z[0m [32m INFO[0m [2mlum_rust_ws::api::invoice_query_v4[0m[2m:[0m Request 047048ae-2d13-4922-b92b-adfed4721790: Processing for user 1 with limit 100 offset 100 order_by date direction DESC
[2m2025-10-17T02:31:30.462489Z[0m [32m INFO[0m [2mlum_rust_ws::api::invoice_query_v4[0m[2m:[0m Request 047048ae-2d13-4922-b92b-adfed4721790: Querying details for user 1 with enhanced filters
[2m2025-10-17T02:31:30.462497Z[0m [32m INFO[0m [2mlum_rust_ws::api::invoice_query_v4[0m[2m:[0m Request 047048ae-2d13-4922-b92b-adfed4721790: Executing optimized query: 
        SELECT 
            ROW_NUMBER() OVER (ORDER BY d.date DESC) as id,
            d.cufe, d.quantity, d.code, d.description, d.unit_price, d.amount,
            d.unit_discount, d.date, d.total, d.issuer_name, d.reception_date
        FROM public.invoice_with_details d
        WHERE d.user_id = $1
     AND d.reception_date >= $2 ORDER BY d.date DESC LIMIT $3 OFFSET $4
[2m2025-10-17T02:31:30.465856Z[0m [32m INFO[0m [2mlum_rust_ws::api::invoice_query_v4[0m[2m:[0m Request 047048ae-2d13-4922-b92b-adfed4721790: Retrieved 0 invoice details (total: 0) in 3ms with enhanced pagination
[2m2025-10-17T02:31:30.466576Z[0m [32m INFO[0m [2mlum_rust_ws::middleware::auth[0m[2m:[0m 🔐 JWT authentication successful [3muser_id[0m[2m=[0m1 [3memail[0m[2m=[0mandresfelipevalenciag@gmail.com
[2m2025-10-17T02:31:30.466639Z[0m [32m INFO[0m [2mlum_rust_ws::api::invoice_query_v4[0m[2m:[0m Request: Getting invoice details with enhanced pagination [3mrequest_id[0m[2m=[0mf004ce43-40eb-4a3e-ae08-0af45c96aef3
[2m2025-10-17T02:31:30.466651Z[0m [32m INFO[0m [2mlum_rust_ws::api::invoice_query_v4[0m[2m:[0m Request f004ce43-40eb-4a3e-ae08-0af45c96aef3: Processing for user 1 with limit 100 offset 200 order_by date direction DESC
[2m2025-10-17T02:31:30.466657Z[0m [32m INFO[0m [2mlum_rust_ws::api::invoice_query_v4[0m[2m:[0m Request f004ce43-40eb-4a3e-ae08-0af45c96aef3: Querying details for user 1 with enhanced filters
[2m2025-10-17T02:31:30.466666Z[0m [32m INFO[0m [2mlum_rust_ws::api::invoice_query_v4[0m[2m:[0m Request f004ce43-40eb-4a3e-ae08-0af45c96aef3: Executing optimized query: 
        SELECT 
            ROW_NUMBER() OVER (ORDER BY d.date DESC) as id,
            d.cufe, d.quantity, d.code, d.description, d.unit_price, d.amount,
            d.unit_discount, d.date, d.total, d.issuer_name, d.reception_date
        FROM public.invoice_with_details d
        WHERE d.user_id = $1
     AND d.reception_date >= $2 ORDER BY d.date DESC LIMIT $3 OFFSET $4
[2m2025-10-17T02:31:30.469054Z[0m [32m INFO[0m [2mlum_rust_ws::api::invoice_query_v4[0m[2m:[0m Request f004ce43-40eb-4a3e-ae08-0af45c96aef3: Retrieved 0 invoice details (total: 0) in 2ms with enhanced pagination
[2m2025-10-17T02:38:41.141712Z[0m [32m INFO[0m [2mlum_rust_ws::middleware::auth[0m[2m:[0m 🔐 JWT authentication successful [3muser_id[0m[2m=[0m1 [3memail[0m[2m=[0mandresfelipevalenciag@gmail.com
[2m2025-10-17T02:38:41.144037Z[0m [32m INFO[0m [2mlum_rust_ws::middleware::auth[0m[2m:[0m 🔐 JWT authentication successful [3muser_id[0m[2m=[0m1 [3memail[0m[2m=[0mandresfelipevalenciag@gmail.com
[2m2025-10-17T02:38:41.144072Z[0m [32m INFO[0m [2mlum_rust_ws::api::userdata_v4[0m[2m:[0m Fetching user data for user_id: 1
[2m2025-10-17T02:38:41.144121Z[0m [32m INFO[0m [2mlum_rust_ws::middleware::auth[0m[2m:[0m 🔐 JWT authentication successful [3muser_id[0m[2m=[0m1 [3memail[0m[2m=[0mandresfelipevalenciag@gmail.com
[2m2025-10-17T02:38:41.144153Z[0m [32m INFO[0m [2mlum_rust_ws::api::rewards_v4[0m[2m:[0m Getting user balance for user_id: 1
[2m2025-10-17T02:38:41.145429Z[0m [32m INFO[0m [2mlum_rust_ws::api::userdata_v4[0m[2m:[0m User data retrieved in 1ms for user_id: 1 - email: Some("andresfelipevalenciag@gmail.com")
[2m2025-10-17T02:38:41.145798Z[0m [32m INFO[0m [2mlum_rust_ws::api::rewards_v4[0m[2m:[0m User balance retrieved successfully for user 1 in 1ms: 325 Lümis
[2m2025-10-17T02:38:42.336236Z[0m [32m INFO[0m [2mlum_rust_ws::middleware::auth[0m[2m:[0m 🔐 JWT authentication successful [3muser_id[0m[2m=[0m1 [3memail[0m[2m=[0mandresfelipevalenciag@gmail.com
[2m2025-10-17T02:38:42.848721Z[0m [32m INFO[0m [2mlum_rust_ws::middleware::auth[0m[2m:[0m 🔐 JWT authentication successful [3muser_id[0m[2m=[0m1 [3memail[0m[2m=[0mandresfelipevalenciag@gmail.com
[2m2025-10-17T02:38:42.851487Z[0m [31mERROR[0m [2mlum_rust_ws::api::gamification_v4[0m[2m:[0m Failed to track action: Database(PgDatabaseError { severity: Error, code: "23514", message: "no partition of relation \"fact_user_activity_log\" found for row", detail: Some("Partition key of the failing row contains (created_at) = (2025-10-17 02:38:42.849677+00)."), hint: None, position: None, where: Some("SQL statement \"INSERT INTO gamification.fact_user_activity_log (\n        user_id, activity_type, activity_data, created_at\n    ) VALUES (\n        p_user_id, p_action_type, \n        jsonb_build_object(\n            'channel', p_channel,\n            'metadata', p_metadata,\n            'timestamp', NOW()\n        ),\n        NOW()\n    )\"\nPL/pgSQL function gamification.track_user_action(integer,character varying,character varying,jsonb) line 13 at SQL statement"), schema: Some("gamification"), table: Some("fact_user_activity_log"), column: None, data_type: None, constraint: None, file: Some("execPartition.c"), line: Some(328), routine: Some("ExecFindPartition") })
[2m2025-10-17T02:38:42.851615Z[0m [31mERROR[0m [2mtower_http::trace::on_failure[0m[2m:[0m response failed [3mclassification[0m[2m=[0mStatus code: 500 Internal Server Error [3mlatency[0m[2m=[0m2 ms
[2m2025-10-17T02:38:43.389791Z[0m [32m INFO[0m [2mlum_rust_ws::middleware::auth[0m[2m:[0m 🔐 JWT authentication successful [3muser_id[0m[2m=[0m1 [3memail[0m[2m=[0mandresfelipevalenciag@gmail.com
[2m2025-10-17T02:38:52.262779Z[0m [32m INFO[0m [2mlum_rust_ws::middleware::auth[0m[2m:[0m 🔐 JWT authentication successful [3muser_id[0m[2m=[0m1 [3memail[0m[2m=[0mandresfelipevalenciag@gmail.com
[2m2025-10-17T02:38:52.264269Z[0m [32m INFO[0m [2mlum_rust_ws::api::ofertasws_v4[0m[2m:[0m ✅ Cache HIT for key: ofertasws:cache:2025-10-16:15:00
[2m2025-10-17T02:38:52.264298Z[0m [32m INFO[0m [2mlum_rust_ws::api::ofertasws_v4[0m[2m:[0m 📦 Serving ofertasws: 563161 bytes compressed
[2m2025-10-17T02:42:35.776363Z[0m [32m INFO[0m [2mlum_rust_ws::api::root_v4[0m[2m:[0m Request dacd16bb-995f-45f8-9ed8-eb1795347bab: Root endpoint accessed
[2m2025-10-17T02:43:12.372850Z[0m [32m INFO[0m [2mlum_rust_ws::middleware::auth[0m[2m:[0m 🔐 JWT authentication successful [3muser_id[0m[2m=[0m1 [3memail[0m[2m=[0mandresfelipevalenciag@gmail.com
[2m2025-10-17T02:43:12.372916Z[0m [32m INFO[0m [2mlum_rust_ws::api::rewards_v4[0m[2m:[0m Getting user balance for user_id: 1
[2m2025-10-17T02:43:12.372912Z[0m [32m INFO[0m [2mlum_rust_ws::middleware::auth[0m[2m:[0m 🔐 JWT authentication successful [3muser_id[0m[2m=[0m1 [3memail[0m[2m=[0mandresfelipevalenciag@gmail.com
[2m2025-10-17T02:43:12.372960Z[0m [32m INFO[0m [2mlum_rust_ws::middleware::auth[0m[2m:[0m 🔐 JWT authentication successful [3muser_id[0m[2m=[0m1 [3memail[0m[2m=[0mandresfelipevalenciag@gmail.com
[2m2025-10-17T02:43:12.372976Z[0m [32m INFO[0m [2mlum_rust_ws::api::userdata_v4[0m[2m:[0m Fetching user data for user_id: 1
[2m2025-10-17T02:43:12.374671Z[0m [32m INFO[0m [2mlum_rust_ws::api::rewards_v4[0m[2m:[0m User balance retrieved successfully for user 1 in 1ms: 325 Lümis
[2m2025-10-17T02:43:12.374899Z[0m [32m INFO[0m [2mlum_rust_ws::api::userdata_v4[0m[2m:[0m User data retrieved in 1ms for user_id: 1 - email: Some("andresfelipevalenciag@gmail.com")
[2m2025-10-17T02:47:59.047466Z[0m [32m INFO[0m [2mlum_rust_ws::api::root_v4[0m[2m:[0m Request 6ad3ebf0-95bb-43c3-99fc-04805b8a0288: Root endpoint accessed
