nohup: ignoring input
warning: unused import: `rust_decimal::Decimal`
  --> src/api/daily_game/claim.rs:10:5
   |
10 | use rust_decimal::Decimal;
   |     ^^^^^^^^^^^^^^^^^^^^^
   |
   = note: `#[warn(unused_imports)]` on by default

warning: `lum_rust_ws` (lib) generated 1 warning (run `cargo fix --lib -p lum_rust_ws` to apply 1 suggestion)
    Finished `dev` profile [unoptimized + debuginfo] target(s) in 0.35s
     Running `target/debug/lum_rust_ws`
[2m2025-10-13T01:05:29.070631Z[0m [32m INFO[0m [2mlum_rust_ws::monitoring[0m[2m:[0m 🔍 Monitoring system initialized
[2m2025-10-13T01:05:29.070714Z[0m [32m INFO[0m [2mlum_rust_ws[0m[2m:[0m 🔍 Monitoring system initialized
[2m2025-10-13T01:05:29.070760Z[0m [32m INFO[0m [2mlum_rust_ws::optimization[0m[2m:[0m 🔧 Creating optimized database pool with 50 max connections
[2m2025-10-13T01:05:29.648679Z[0m [32m INFO[0m [2mlum_rust_ws::optimization[0m[2m:[0m ✅ Database pool created successfully
[2m2025-10-13T01:05:29.648760Z[0m [32m INFO[0m [2mlum_rust_ws::optimization[0m[2m:[0m 🔧 Creating optimized Redis client
[2m2025-10-13T01:05:29.648864Z[0m [32m INFO[0m [2mlum_rust_ws::optimization[0m[2m:[0m ✅ Redis client created successfully
[2m2025-10-13T01:05:29.700040Z[0m [32m INFO[0m [2mlum_rust_ws::domains::qr::service[0m[2m:[0m 🚀 Initializing optimized hybrid QR service (2-level cascade)
[2m2025-10-13T01:05:29.700085Z[0m [32m INFO[0m [2mlum_rust_ws::domains::qr::service[0m[2m:[0m 📊 Expected performance: 85% success with Rust (5-15ms), 12% with Python fallback (30-50ms)
[2m2025-10-13T01:05:29.700157Z[0m [32m INFO[0m [2mlum_rust_ws::shared::performance[0m[2m:[0m 🚀 Initializing PerformanceManager with advanced configuration
[2m2025-10-13T01:05:29.700168Z[0m [32m INFO[0m [2mlum_rust_ws::shared::performance[0m[2m:[0m 📊 QR Detection: 50 max concurrent
[2m2025-10-13T01:05:29.700175Z[0m [32m INFO[0m [2mlum_rust_ws::shared::performance[0m[2m:[0m 📊 OCR Processing: 20 max concurrent
[2m2025-10-13T01:05:29.700184Z[0m [32m INFO[0m [2mlum_rust_ws::shared::performance[0m[2m:[0m 📊 Webhook Processing: 100 max concurrent
[2m2025-10-13T01:05:29.700191Z[0m [32m INFO[0m [2mlum_rust_ws::shared::performance[0m[2m:[0m 📊 API Requests: 200 max concurrent
[2m2025-10-13T01:05:29.700285Z[0m [32m INFO[0m [2mlum_rust_ws::webhook::deduplication[0m[2m:[0m 🔄 MessageDeduplicator initialized with TTL: 300s, max_entries: 10000
[2m2025-10-13T01:05:29.700317Z[0m [32m INFO[0m [2mlum_rust_ws::shared::performance[0m[2m:[0m 🔥 Starting performance warm-up process...
[2m2025-10-13T01:05:29.701740Z[0m [32m INFO[0m [2mlum_rust_ws::shared::performance[0m[2m:[0m ✅ Database connection verified
[2m2025-10-13T01:05:29.702145Z[0m [32m INFO[0m [2mlum_rust_ws::shared::performance[0m[2m:[0m ✅ Redis connection verified
[2m2025-10-13T01:05:29.702217Z[0m [32m INFO[0m [2mlum_rust_ws::shared::performance[0m[2m:[0m 🔥 Performance warm-up completed
[2m2025-10-13T01:05:29.702246Z[0m [32m INFO[0m [2mlum_rust_ws[0m[2m:[0m 🚀 Application state initialized with optimized configuration
[2m2025-10-13T01:05:29.702273Z[0m [32m INFO[0m [2mlum_rust_ws::domains::qr::rust_qreader[0m[2m:[0m 🔧 Initializing RustQReader with ONNX: "models/qreader_detector_small.onnx"
[2m2025-10-13T01:05:29.716200Z[0m [32m INFO[0m [2mort::logging[0m[2m:[0m Session Options {  execution_mode:0 execution_order:DEFAULT enable_profiling:0 optimized_model_filepath:"" enable_mem_pattern:1 enable_mem_reuse:1 enable_cpu_mem_arena:1 profile_file_prefix:onnxruntime_profile_ session_logid: session_log_severity_level:-1 session_log_verbosity_level:0 max_num_graph_transformation_steps:10 graph_optimization_level:3 intra_op_param:OrtThreadPoolParams { thread_pool_size: 0 auto_set_affinity: 0 allow_spinning: 1 dynamic_block_base_: 0 stack_size: 0 affinity_str:  set_denormal_as_zero: 0 } inter_op_param:OrtThreadPoolParams { thread_pool_size: 0 auto_set_affinity: 0 allow_spinning: 1 dynamic_block_base_: 0 stack_size: 0 affinity_str:  set_denormal_as_zero: 0 } use_per_session_threads:1 thread_pool_allow_spinning:1 use_deterministic_compute:0 ep_selection_policy:0 config_options: {  } }
[2m2025-10-13T01:05:29.716292Z[0m [32m INFO[0m [2mort::logging[0m[2m:[0m Flush-to-zero and denormal-as-zero are off
[2m2025-10-13T01:05:29.716307Z[0m [32m INFO[0m [2mort::logging[0m[2m:[0m Creating and using per session threadpools since use_per_session_threads_ is true
[2m2025-10-13T01:05:29.716320Z[0m [32m INFO[0m [2mort::logging[0m[2m:[0m Dynamic block base set to 0
[2m2025-10-13T01:05:29.758193Z[0m [32m INFO[0m [2mort::logging[0m[2m:[0m Initializing session.
[2m2025-10-13T01:05:29.758259Z[0m [32m INFO[0m [2mort::logging[0m[2m:[0m Adding default CPU execution provider.
[2m2025-10-13T01:05:29.758291Z[0m [32m INFO[0m [2mort::logging[0m[2m:[0m Creating BFCArena for Cpu with following configs: initial_chunk_size_bytes: 1048576 max_dead_bytes_per_chunk: 134217728 initial_growth_chunk_size_bytes: 2097152 max_power_of_two_extend_bytes: 1073741824 memory limit: 18446744073709551615 arena_extend_strategy: 0
[2m2025-10-13T01:05:29.760531Z[0m [32m INFO[0m [2mort::logging[0m[2m:[0m This model does not have any local functions defined. AOT Inlining is not performed
[2m2025-10-13T01:05:29.760729Z[0m [32m INFO[0m [2mort::logging[0m[2m:[0m GraphTransformer EnsureUniqueDQForNodeUnit modified: 0 with status: OK
[2m2025-10-13T01:05:29.760966Z[0m [32m INFO[0m [2mort::logging[0m[2m:[0m GraphTransformer Level1_RuleBasedTransformer modified: 1 with status: OK
[2m2025-10-13T01:05:29.762791Z[0m [32m INFO[0m [2mort::logging[0m[2m:[0m Removing initializer '/model.22/Constant_61_output_0'. It is no longer used by any node.
[2m2025-10-13T01:05:29.762837Z[0m [32m INFO[0m [2mort::logging[0m[2m:[0m Removing initializer '/model.18/Constant_4_output_0'. It is no longer used by any node.
[2m2025-10-13T01:05:29.762849Z[0m [32m INFO[0m [2mort::logging[0m[2m:[0m Removing initializer '/model.12/Constant_4_output_0'. It is no longer used by any node.
[2m2025-10-13T01:05:29.762865Z[0m [32m INFO[0m [2mort::logging[0m[2m:[0m Removing initializer '/model.4/Constant_4_output_0'. It is no longer used by any node.
[2m2025-10-13T01:05:29.762894Z[0m [32m INFO[0m [2mort::logging[0m[2m:[0m Removing initializer '/model.2/Constant_4_output_0'. It is no longer used by any node.
[2m2025-10-13T01:05:29.762913Z[0m [32m INFO[0m [2mort::logging[0m[2m:[0m Removing initializer '/model.6/Constant_4_output_0'. It is no longer used by any node.
[2m2025-10-13T01:05:29.762938Z[0m [32m INFO[0m [2mort::logging[0m[2m:[0m Removing initializer '/model.8/Constant_4_output_0'. It is no longer used by any node.
[2m2025-10-13T01:05:29.762949Z[0m [32m INFO[0m [2mort::logging[0m[2m:[0m Removing initializer '/model.15/Constant_4_output_0'. It is no longer used by any node.
[2m2025-10-13T01:05:29.762963Z[0m [32m INFO[0m [2mort::logging[0m[2m:[0m Removing initializer '/model.21/Constant_4_output_0'. It is no longer used by any node.
[2m2025-10-13T01:05:29.763111Z[0m [32m INFO[0m [2mort::logging[0m[2m:[0m GraphTransformer DoubleQDQPairsRemover modified: 0 with status: OK
[2m2025-10-13T01:05:29.763444Z[0m [32m INFO[0m [2mort::logging[0m[2m:[0m Total shared scalar initializer count: 92
[2m2025-10-13T01:05:29.763475Z[0m [32m INFO[0m [2mort::logging[0m[2m:[0m GraphTransformer ConstantSharing modified: 1 with status: OK
[2m2025-10-13T01:05:29.765677Z[0m [32m INFO[0m [2mort::logging[0m[2m:[0m GraphTransformer CommonSubexpressionElimination modified: 1 with status: OK
[2m2025-10-13T01:05:29.767719Z[0m [32m INFO[0m [2mort::logging[0m[2m:[0m GraphTransformer ConstantFolding modified: 1 with status: OK
[2m2025-10-13T01:05:29.769347Z[0m [32m INFO[0m [2mort::logging[0m[2m:[0m Removing initializer '/model.22/Split_output_0'. It is no longer used by any node.
[2m2025-10-13T01:05:29.769379Z[0m [32m INFO[0m [2mort::logging[0m[2m:[0m Removing initializer '/model.22/Split_output_1'. It is no longer used by any node.
[2m2025-10-13T01:05:29.769413Z[0m [32m INFO[0m [2mort::logging[0m[2m:[0m Removing initializer '/model.22/Constant_14_output_0'. It is no longer used by any node.
[2m2025-10-13T01:05:29.769425Z[0m [32m INFO[0m [2mort::logging[0m[2m:[0m Removing initializer '/model.22/Split_output_2'. It is no longer used by any node.
[2m2025-10-13T01:05:29.769565Z[0m [32m INFO[0m [2mort::logging[0m[2m:[0m GraphTransformer MatMulAddFusion modified: 0 with status: OK
[2m2025-10-13T01:05:29.769697Z[0m [32m INFO[0m [2mort::logging[0m[2m:[0m Fused reshape node: /model.22/dfl/Reshape_output_0
[2m2025-10-13T01:05:29.769733Z[0m [32m INFO[0m [2mort::logging[0m[2m:[0m Fused reshape node: /model.22/Reshape_18_output_0
[2m2025-10-13T01:05:29.769748Z[0m [32m INFO[0m [2mort::logging[0m[2m:[0m Fused reshape node: /model.22/Reshape_19_output_0
[2m2025-10-13T01:05:29.769761Z[0m [32m INFO[0m [2mort::logging[0m[2m:[0m Fused reshape node: /model.22/Reshape_13_output_0
[2m2025-10-13T01:05:29.769773Z[0m [32m INFO[0m [2mort::logging[0m[2m:[0m Fused reshape node: /model.22/Reshape_14_output_0
[2m2025-10-13T01:05:29.769785Z[0m [32m INFO[0m [2mort::logging[0m[2m:[0m Fused reshape node: /model.22/Reshape_8_output_0
[2m2025-10-13T01:05:29.769796Z[0m [32m INFO[0m [2mort::logging[0m[2m:[0m Fused reshape node: /model.22/Reshape_9_output_0
[2m2025-10-13T01:05:29.769808Z[0m [32m INFO[0m [2mort::logging[0m[2m:[0m Total fused reshape node count: 7
[2m2025-10-13T01:05:29.769817Z[0m [32m INFO[0m [2mort::logging[0m[2m:[0m GraphTransformer ReshapeFusion modified: 1 with status: OK
[2m2025-10-13T01:05:29.771452Z[0m [32m INFO[0m [2mort::logging[0m[2m:[0m Removing initializer '/model.22/dfl/Constant_3_output_0'. It is no longer used by any node.
[2m2025-10-13T01:05:29.771535Z[0m [32m INFO[0m [2mort::logging[0m[2m:[0m GraphTransformer FreeDimensionOverrideTransformer modified: 0 with status: OK
[2m2025-10-13T01:05:29.771558Z[0m [32m INFO[0m [2mort::logging[0m[2m:[0m GraphTransformer GeluFusionL1 modified: 0 with status: OK
[2m2025-10-13T01:05:29.771568Z[0m [32m INFO[0m [2mort::logging[0m[2m:[0m GraphTransformer LayerNormFusionL1 modified: 0 with status: OK
[2m2025-10-13T01:05:29.771707Z[0m [32m INFO[0m [2mort::logging[0m[2m:[0m GraphTransformer QDQPropagationTransformer modified: 0 with status: OK
[2m2025-10-13T01:05:29.771826Z[0m [32m INFO[0m [2mort::logging[0m[2m:[0m GraphTransformer WeightBiasQuantization modified: 0 with status: OK
[2m2025-10-13T01:05:29.771951Z[0m [32m INFO[0m [2mort::logging[0m[2m:[0m GraphTransformer EnsureUniqueDQForNodeUnit modified: 0 with status: OK
[2m2025-10-13T01:05:29.772042Z[0m [32m INFO[0m [2mort::logging[0m[2m:[0m GraphTransformer RocmBlasAltImpl modified: 0 with status: OK
[2m2025-10-13T01:05:29.772419Z[0m [32m INFO[0m [2mort::logging[0m[2m:[0m GraphTransformer TransposeOptimizer modified: 0 with status: OK
[2m2025-10-13T01:05:29.772562Z[0m [32m INFO[0m [2mort::logging[0m[2m:[0m GraphTransformer Level1_RuleBasedTransformer modified: 0 with status: OK
[2m2025-10-13T01:05:29.772672Z[0m [32m INFO[0m [2mort::logging[0m[2m:[0m GraphTransformer DoubleQDQPairsRemover modified: 0 with status: OK
[2m2025-10-13T01:05:29.773042Z[0m [32m INFO[0m [2mort::logging[0m[2m:[0m GraphTransformer CommonSubexpressionElimination modified: 0 with status: OK
[2m2025-10-13T01:05:29.773202Z[0m [32m INFO[0m [2mort::logging[0m[2m:[0m GraphTransformer ConstantFolding modified: 0 with status: OK
[2m2025-10-13T01:05:29.773292Z[0m [32m INFO[0m [2mort::logging[0m[2m:[0m GraphTransformer MatMulAddFusion modified: 0 with status: OK
[2m2025-10-13T01:05:29.773413Z[0m [32m INFO[0m [2mort::logging[0m[2m:[0m GraphTransformer ReshapeFusion modified: 0 with status: OK
[2m2025-10-13T01:05:29.773434Z[0m [32m INFO[0m [2mort::logging[0m[2m:[0m GraphTransformer FreeDimensionOverrideTransformer modified: 0 with status: OK
[2m2025-10-13T01:05:29.773456Z[0m [32m INFO[0m [2mort::logging[0m[2m:[0m GraphTransformer GeluFusionL1 modified: 0 with status: OK
[2m2025-10-13T01:05:29.773466Z[0m [32m INFO[0m [2mort::logging[0m[2m:[0m GraphTransformer LayerNormFusionL1 modified: 0 with status: OK
[2m2025-10-13T01:05:29.773560Z[0m [32m INFO[0m [2mort::logging[0m[2m:[0m GraphTransformer QDQPropagationTransformer modified: 0 with status: OK
[2m2025-10-13T01:05:29.773707Z[0m [32m INFO[0m [2mort::logging[0m[2m:[0m GraphTransformer WeightBiasQuantization modified: 0 with status: OK
[2m2025-10-13T01:05:29.773807Z[0m [32m INFO[0m [2mort::logging[0m[2m:[0m GraphTransformer EnsureUniqueDQForNodeUnit modified: 0 with status: OK
[2m2025-10-13T01:05:29.773895Z[0m [32m INFO[0m [2mort::logging[0m[2m:[0m GraphTransformer RocmBlasAltImpl modified: 0 with status: OK
[2m2025-10-13T01:05:29.774618Z[0m [32m INFO[0m [2mort::logging[0m[2m:[0m GraphTransformer Level2_RuleBasedTransformer modified: 0 with status: OK
[2m2025-10-13T01:05:29.774996Z[0m [32m INFO[0m [2mort::logging[0m[2m:[0m GraphTransformer TransposeOptimizer_CPUExecutionProvider modified: 0 with status: OK
[2m2025-10-13T01:05:29.775159Z[0m [32m INFO[0m [2mort::logging[0m[2m:[0m GraphTransformer QDQS8ToU8Transformer modified: 0 with status: OK
[2m2025-10-13T01:05:29.775381Z[0m [32m INFO[0m [2mort::logging[0m[2m:[0m GraphTransformer QDQSelectorActionTransformer modified: 0 with status: OK
[2m2025-10-13T01:05:29.775484Z[0m [32m INFO[0m [2mort::logging[0m[2m:[0m GraphTransformer GemmActivationFusion modified: 0 with status: OK
[2m2025-10-13T01:05:29.775586Z[0m [32m INFO[0m [2mort::logging[0m[2m:[0m GraphTransformer MatMulIntegerToFloatFusion modified: 0 with status: OK
[2m2025-10-13T01:05:29.775706Z[0m [32m INFO[0m [2mort::logging[0m[2m:[0m GraphTransformer DynamicQuantizeMatMulFusion modified: 0 with status: OK
[2m2025-10-13T01:05:29.775837Z[0m [32m INFO[0m [2mort::logging[0m[2m:[0m GraphTransformer ConvActivationFusion modified: 0 with status: OK
[2m2025-10-13T01:05:29.775943Z[0m [32m INFO[0m [2mort::logging[0m[2m:[0m GraphTransformer GeluFusionL2 modified: 0 with status: OK
[2m2025-10-13T01:05:29.776042Z[0m [32m INFO[0m [2mort::logging[0m[2m:[0m GraphTransformer LayerNormFusionL2 modified: 0 with status: OK
[2m2025-10-13T01:05:29.776132Z[0m [32m INFO[0m [2mort::logging[0m[2m:[0m GraphTransformer SimplifiedLayerNormFusion modified: 0 with status: OK
[2m2025-10-13T01:05:29.776229Z[0m [32m INFO[0m [2mort::logging[0m[2m:[0m GraphTransformer AttentionFusion modified: 0 with status: OK
[2m2025-10-13T01:05:29.776314Z[0m [32m INFO[0m [2mort::logging[0m[2m:[0m GraphTransformer EmbedLayerNormFusion modified: 0 with status: OK
[2m2025-10-13T01:05:29.776334Z[0m [32m INFO[0m [2mort::logging[0m[2m:[0m GraphTransformer GatherSliceToSplitFusion modified: 0 with status: OK
[2m2025-10-13T01:05:29.776410Z[0m [32m INFO[0m [2mort::logging[0m[2m:[0m GraphTransformer GatherToSliceFusion modified: 0 with status: OK
[2m2025-10-13T01:05:29.776497Z[0m [32m INFO[0m [2mort::logging[0m[2m:[0m GraphTransformer MatmulTransposeFusion modified: 0 with status: OK
[2m2025-10-13T01:05:29.776628Z[0m [32m INFO[0m [2mort::logging[0m[2m:[0m GraphTransformer BiasGeluFusion modified: 0 with status: OK
[2m2025-10-13T01:05:29.776721Z[0m [32m INFO[0m [2mort::logging[0m[2m:[0m GraphTransformer GroupQueryAttentionFusion modified: 0 with status: OK
[2m2025-10-13T01:05:29.776806Z[0m [32m INFO[0m [2mort::logging[0m[2m:[0m GraphTransformer SkipLayerNormFusion modified: 0 with status: OK
[2m2025-10-13T01:05:29.776910Z[0m [32m INFO[0m [2mort::logging[0m[2m:[0m GraphTransformer FastGeluFusion modified: 0 with status: OK
[2m2025-10-13T01:05:29.777216Z[0m [32m INFO[0m [2mort::logging[0m[2m:[0m GraphTransformer QuickGeluFusion modified: 1 with status: OK
[2m2025-10-13T01:05:29.778898Z[0m [32m INFO[0m [2mort::logging[0m[2m:[0m GraphTransformer BiasSoftmaxFusion modified: 0 with status: OK
[2m2025-10-13T01:05:29.779023Z[0m [32m INFO[0m [2mort::logging[0m[2m:[0m GraphTransformer BiasDropoutFusion modified: 0 with status: OK
[2m2025-10-13T01:05:29.779148Z[0m [32m INFO[0m [2mort::logging[0m[2m:[0m GraphTransformer MatMulScaleFusion modified: 0 with status: OK
[2m2025-10-13T01:05:29.779257Z[0m [32m INFO[0m [2mort::logging[0m[2m:[0m GraphTransformer MatMulActivationFusion modified: 0 with status: OK
[2m2025-10-13T01:05:29.779364Z[0m [32m INFO[0m [2mort::logging[0m[2m:[0m GraphTransformer MatMulNBitsFusion modified: 0 with status: OK
[2m2025-10-13T01:05:29.779447Z[0m [32m INFO[0m [2mort::logging[0m[2m:[0m GraphTransformer QDQFinalCleanupTransformer modified: 0 with status: OK
[2m2025-10-13T01:05:29.779540Z[0m [32m INFO[0m [2mort::logging[0m[2m:[0m GraphTransformer Level2_RuleBasedTransformer modified: 0 with status: OK
[2m2025-10-13T01:05:29.779641Z[0m [32m INFO[0m [2mort::logging[0m[2m:[0m GraphTransformer QDQS8ToU8Transformer modified: 0 with status: OK
[2m2025-10-13T01:05:29.779809Z[0m [32m INFO[0m [2mort::logging[0m[2m:[0m GraphTransformer QDQSelectorActionTransformer modified: 0 with status: OK
[2m2025-10-13T01:05:29.779887Z[0m [32m INFO[0m [2mort::logging[0m[2m:[0m GraphTransformer GemmActivationFusion modified: 0 with status: OK
[2m2025-10-13T01:05:29.780021Z[0m [32m INFO[0m [2mort::logging[0m[2m:[0m GraphTransformer MatMulIntegerToFloatFusion modified: 0 with status: OK
[2m2025-10-13T01:05:29.780106Z[0m [32m INFO[0m [2mort::logging[0m[2m:[0m GraphTransformer DynamicQuantizeMatMulFusion modified: 0 with status: OK
[2m2025-10-13T01:05:29.780272Z[0m [32m INFO[0m [2mort::logging[0m[2m:[0m GraphTransformer ConvActivationFusion modified: 0 with status: OK
[2m2025-10-13T01:05:29.780364Z[0m [32m INFO[0m [2mort::logging[0m[2m:[0m GraphTransformer GeluFusionL2 modified: 0 with status: OK
[2m2025-10-13T01:05:29.780440Z[0m [32m INFO[0m [2mort::logging[0m[2m:[0m GraphTransformer LayerNormFusionL2 modified: 0 with status: OK
[2m2025-10-13T01:05:29.780510Z[0m [32m INFO[0m [2mort::logging[0m[2m:[0m GraphTransformer SimplifiedLayerNormFusion modified: 0 with status: OK
[2m2025-10-13T01:05:29.780582Z[0m [32m INFO[0m [2mort::logging[0m[2m:[0m GraphTransformer AttentionFusion modified: 0 with status: OK
[2m2025-10-13T01:05:29.780680Z[0m [32m INFO[0m [2mort::logging[0m[2m:[0m GraphTransformer EmbedLayerNormFusion modified: 0 with status: OK
[2m2025-10-13T01:05:29.780701Z[0m [32m INFO[0m [2mort::logging[0m[2m:[0m GraphTransformer GatherSliceToSplitFusion modified: 0 with status: OK
[2m2025-10-13T01:05:29.780768Z[0m [32m INFO[0m [2mort::logging[0m[2m:[0m GraphTransformer GatherToSliceFusion modified: 0 with status: OK
[2m2025-10-13T01:05:29.780847Z[0m [32m INFO[0m [2mort::logging[0m[2m:[0m GraphTransformer MatmulTransposeFusion modified: 0 with status: OK
[2m2025-10-13T01:05:29.780953Z[0m [32m INFO[0m [2mort::logging[0m[2m:[0m GraphTransformer BiasGeluFusion modified: 0 with status: OK
[2m2025-10-13T01:05:29.781028Z[0m [32m INFO[0m [2mort::logging[0m[2m:[0m GraphTransformer GroupQueryAttentionFusion modified: 0 with status: OK
[2m2025-10-13T01:05:29.781103Z[0m [32m INFO[0m [2mort::logging[0m[2m:[0m GraphTransformer SkipLayerNormFusion modified: 0 with status: OK
[2m2025-10-13T01:05:29.781196Z[0m [32m INFO[0m [2mort::logging[0m[2m:[0m GraphTransformer FastGeluFusion modified: 0 with status: OK
[2m2025-10-13T01:05:29.781275Z[0m [32m INFO[0m [2mort::logging[0m[2m:[0m GraphTransformer QuickGeluFusion modified: 0 with status: OK
[2m2025-10-13T01:05:29.781355Z[0m [32m INFO[0m [2mort::logging[0m[2m:[0m GraphTransformer BiasSoftmaxFusion modified: 0 with status: OK
[2m2025-10-13T01:05:29.781434Z[0m [32m INFO[0m [2mort::logging[0m[2m:[0m GraphTransformer BiasDropoutFusion modified: 0 with status: OK
[2m2025-10-13T01:05:29.781510Z[0m [32m INFO[0m [2mort::logging[0m[2m:[0m GraphTransformer MatMulScaleFusion modified: 0 with status: OK
[2m2025-10-13T01:05:29.781618Z[0m [32m INFO[0m [2mort::logging[0m[2m:[0m GraphTransformer MatMulActivationFusion modified: 0 with status: OK
[2m2025-10-13T01:05:29.781723Z[0m [32m INFO[0m [2mort::logging[0m[2m:[0m GraphTransformer MatMulNBitsFusion modified: 0 with status: OK
[2m2025-10-13T01:05:29.781794Z[0m [32m INFO[0m [2mort::logging[0m[2m:[0m GraphTransformer QDQFinalCleanupTransformer modified: 0 with status: OK
[2m2025-10-13T01:05:29.835734Z[0m [32m INFO[0m [2mort::logging[0m[2m:[0m GraphTransformer NchwcTransformer modified: 1 with status: OK
[2m2025-10-13T01:05:29.838533Z[0m [32m INFO[0m [2mort::logging[0m[2m:[0m Removing initializer 'onnx::Conv_1144'. It is no longer used by any node.
[2m2025-10-13T01:05:29.838569Z[0m [32m INFO[0m [2mort::logging[0m[2m:[0m Removing initializer 'onnx::Conv_1210'. It is no longer used by any node.
[2m2025-10-13T01:05:29.838580Z[0m [32m INFO[0m [2mort::logging[0m[2m:[0m Removing initializer 'onnx::Conv_1198'. It is no longer used by any node.
[2m2025-10-13T01:05:29.838590Z[0m [32m INFO[0m [2mort::logging[0m[2m:[0m Removing initializer 'onnx::Conv_1207'. It is no longer used by any node.
[2m2025-10-13T01:05:29.838616Z[0m [32m INFO[0m [2mort::logging[0m[2m:[0m Removing initializer 'onnx::Conv_1258'. It is no longer used by any node.
[2m2025-10-13T01:05:29.838629Z[0m [32m INFO[0m [2mort::logging[0m[2m:[0m Removing initializer 'onnx::Conv_1228'. It is no longer used by any node.
[2m2025-10-13T01:05:29.838638Z[0m [32m INFO[0m [2mort::logging[0m[2m:[0m Removing initializer 'onnx::Conv_1168'. It is no longer used by any node.
[2m2025-10-13T01:05:29.838648Z[0m [32m INFO[0m [2mort::logging[0m[2m:[0m Removing initializer 'onnx::Conv_1156'. It is no longer used by any node.
[2m2025-10-13T01:05:29.838658Z[0m [32m INFO[0m [2mort::logging[0m[2m:[0m Removing initializer 'onnx::Conv_1141'. It is no longer used by any node.
[2m2025-10-13T01:05:29.838667Z[0m [32m INFO[0m [2mort::logging[0m[2m:[0m Removing initializer 'onnx::Conv_1132'. It is no longer used by any node.
[2m2025-10-13T01:05:29.838677Z[0m [32m INFO[0m [2mort::logging[0m[2m:[0m Removing initializer 'onnx::Conv_1138'. It is no longer used by any node.
[2m2025-10-13T01:05:29.838686Z[0m [32m INFO[0m [2mort::logging[0m[2m:[0m Removing initializer 'onnx::Conv_1267'. It is no longer used by any node.
[2m2025-10-13T01:05:29.838695Z[0m [32m INFO[0m [2mort::logging[0m[2m:[0m Removing initializer 'onnx::Conv_1090'. It is no longer used by any node.
[2m2025-10-13T01:05:29.838706Z[0m [32m INFO[0m [2mort::logging[0m[2m:[0m Removing initializer 'onnx::Conv_1162'. It is no longer used by any node.
[2m2025-10-13T01:05:29.838714Z[0m [32m INFO[0m [2mort::logging[0m[2m:[0m Removing initializer 'model.22.cv3.1.2.bias'. It is no longer used by any node.
[2m2025-10-13T01:05:29.838726Z[0m [32m INFO[0m [2mort::logging[0m[2m:[0m Removing initializer 'model.22.cv4.2.2.weight'. It is no longer used by any node.
[2m2025-10-13T01:05:29.838738Z[0m [32m INFO[0m [2mort::logging[0m[2m:[0m Removing initializer 'onnx::Conv_1189'. It is no longer used by any node.
[2m2025-10-13T01:05:29.838748Z[0m [32m INFO[0m [2mort::logging[0m[2m:[0m Removing initializer 'onnx::Conv_1192'. It is no longer used by any node.
[2m2025-10-13T01:05:29.838758Z[0m [32m INFO[0m [2mort::logging[0m[2m:[0m Removing initializer 'onnx::Conv_1177'. It is no longer used by any node.
[2m2025-10-13T01:05:29.838767Z[0m [32m INFO[0m [2mort::logging[0m[2m:[0m Removing initializer 'onnx::Conv_1240'. It is no longer used by any node.
[2m2025-10-13T01:05:29.838777Z[0m [32m INFO[0m [2mort::logging[0m[2m:[0m Removing initializer 'model.22.cv4.1.2.weight'. It is no longer used by any node.
[2m2025-10-13T01:05:29.838787Z[0m [32m INFO[0m [2mort::logging[0m[2m:[0m Removing initializer 'onnx::Conv_1153'. It is no longer used by any node.
[2m2025-10-13T01:05:29.838812Z[0m [32m INFO[0m [2mort::logging[0m[2m:[0m Removing initializer 'onnx::Conv_1135'. It is no longer used by any node.
[2m2025-10-13T01:05:29.838821Z[0m [32m INFO[0m [2mort::logging[0m[2m:[0m Removing initializer 'onnx::Conv_1096'. It is no longer used by any node.
[2m2025-10-13T01:05:29.838830Z[0m [32m INFO[0m [2mort::logging[0m[2m:[0m Removing initializer 'onnx::Conv_1147'. It is no longer used by any node.
[2m2025-10-13T01:05:29.838841Z[0m [32m INFO[0m [2mort::logging[0m[2m:[0m Removing initializer 'onnx::Conv_1099'. It is no longer used by any node.
[2m2025-10-13T01:05:29.838850Z[0m [32m INFO[0m [2mort::logging[0m[2m:[0m Removing initializer 'model.22.cv4.0.2.weight'. It is no longer used by any node.
[2m2025-10-13T01:05:29.838859Z[0m [32m INFO[0m [2mort::logging[0m[2m:[0m Removing initializer 'onnx::Conv_1123'. It is no longer used by any node.
[2m2025-10-13T01:05:29.838869Z[0m [32m INFO[0m [2mort::logging[0m[2m:[0m Removing initializer 'model.22.dfl.conv.weight'. It is no longer used by any node.
[2m2025-10-13T01:05:29.838878Z[0m [32m INFO[0m [2mort::logging[0m[2m:[0m Removing initializer 'onnx::Conv_1186'. It is no longer used by any node.
[2m2025-10-13T01:05:29.838887Z[0m [32m INFO[0m [2mort::logging[0m[2m:[0m Removing initializer 'onnx::Conv_1120'. It is no longer used by any node.
[2m2025-10-13T01:05:29.838897Z[0m [32m INFO[0m [2mort::logging[0m[2m:[0m Removing initializer 'onnx::Conv_1180'. It is no longer used by any node.
[2m2025-10-13T01:05:29.838906Z[0m [32m INFO[0m [2mort::logging[0m[2m:[0m Removing initializer 'model.22.cv3.1.2.weight'. It is no longer used by any node.
[2m2025-10-13T01:05:29.838932Z[0m [32m INFO[0m [2mort::logging[0m[2m:[0m Removing initializer 'onnx::Conv_1102'. It is no longer used by any node.
[2m2025-10-13T01:05:29.838942Z[0m [32m INFO[0m [2mort::logging[0m[2m:[0m Removing initializer 'model.22.cv3.0.2.bias'. It is no longer used by any node.
[2m2025-10-13T01:05:29.838951Z[0m [32m INFO[0m [2mort::logging[0m[2m:[0m Removing initializer 'onnx::Conv_1225'. It is no longer used by any node.
[2m2025-10-13T01:05:29.838960Z[0m [32m INFO[0m [2mort::logging[0m[2m:[0m Removing initializer 'onnx::Conv_1255'. It is no longer used by any node.
[2m2025-10-13T01:05:29.838969Z[0m [32m INFO[0m [2mort::logging[0m[2m:[0m Removing initializer 'model.22.cv3.0.2.weight'. It is no longer used by any node.
[2m2025-10-13T01:05:29.838978Z[0m [32m INFO[0m [2mort::logging[0m[2m:[0m Removing initializer 'onnx::Conv_1159'. It is no longer used by any node.
[2m2025-10-13T01:05:29.838988Z[0m [32m INFO[0m [2mort::logging[0m[2m:[0m Removing initializer 'onnx::Conv_1231'. It is no longer used by any node.
[2m2025-10-13T01:05:29.838997Z[0m [32m INFO[0m [2mort::logging[0m[2m:[0m Removing initializer 'onnx::Conv_1081'. It is no longer used by any node.
[2m2025-10-13T01:05:29.839006Z[0m [32m INFO[0m [2mort::logging[0m[2m:[0m Removing initializer 'onnx::Conv_1111'. It is no longer used by any node.
[2m2025-10-13T01:05:29.839014Z[0m [32m INFO[0m [2mort::logging[0m[2m:[0m Removing initializer 'onnx::Conv_1078'. It is no longer used by any node.
[2m2025-10-13T01:05:29.839023Z[0m [32m INFO[0m [2mort::logging[0m[2m:[0m Removing initializer 'model.22.cv3.2.2.bias'. It is no longer used by any node.
[2m2025-10-13T01:05:29.839032Z[0m [32m INFO[0m [2mort::logging[0m[2m:[0m Removing initializer 'onnx::Conv_1129'. It is no longer used by any node.
[2m2025-10-13T01:05:29.839042Z[0m [32m INFO[0m [2mort::logging[0m[2m:[0m Removing initializer 'onnx::Conv_1093'. It is no longer used by any node.
[2m2025-10-13T01:05:29.839051Z[0m [32m INFO[0m [2mort::logging[0m[2m:[0m Removing initializer 'onnx::Conv_1204'. It is no longer used by any node.
[2m2025-10-13T01:05:29.839060Z[0m [32m INFO[0m [2mort::logging[0m[2m:[0m Removing initializer 'model.22.cv2.0.2.weight'. It is no longer used by any node.
[2m2025-10-13T01:05:29.839078Z[0m [32m INFO[0m [2mort::logging[0m[2m:[0m Removing initializer 'onnx::Conv_1165'. It is no longer used by any node.
[2m2025-10-13T01:05:29.839087Z[0m [32m INFO[0m [2mort::logging[0m[2m:[0m Removing initializer 'onnx::Conv_1213'. It is no longer used by any node.
[2m2025-10-13T01:05:29.839097Z[0m [32m INFO[0m [2mort::logging[0m[2m:[0m Removing initializer 'onnx::Conv_1105'. It is no longer used by any node.
[2m2025-10-13T01:05:29.839108Z[0m [32m INFO[0m [2mort::logging[0m[2m:[0m Removing initializer 'onnx::Conv_1108'. It is no longer used by any node.
[2m2025-10-13T01:05:29.839118Z[0m [32m INFO[0m [2mort::logging[0m[2m:[0m Removing initializer 'onnx::Conv_1126'. It is no longer used by any node.
[2m2025-10-13T01:05:29.839128Z[0m [32m INFO[0m [2mort::logging[0m[2m:[0m Removing initializer 'model.22.cv2.2.2.weight'. It is no longer used by any node.
[2m2025-10-13T01:05:29.839136Z[0m [32m INFO[0m [2mort::logging[0m[2m:[0m Removing initializer 'onnx::Conv_1084'. It is no longer used by any node.
[2m2025-10-13T01:05:29.839148Z[0m [32m INFO[0m [2mort::logging[0m[2m:[0m Removing initializer 'onnx::Conv_1234'. It is no longer used by any node.
[2m2025-10-13T01:05:29.839157Z[0m [32m INFO[0m [2mort::logging[0m[2m:[0m Removing initializer 'onnx::Conv_1246'. It is no longer used by any node.
[2m2025-10-13T01:05:29.839165Z[0m [32m INFO[0m [2mort::logging[0m[2m:[0m Removing initializer 'onnx::Conv_1150'. It is no longer used by any node.
[2m2025-10-13T01:05:29.839175Z[0m [32m INFO[0m [2mort::logging[0m[2m:[0m Removing initializer 'onnx::Conv_1219'. It is no longer used by any node.
[2m2025-10-13T01:05:29.839184Z[0m [32m INFO[0m [2mort::logging[0m[2m:[0m Removing initializer 'onnx::Conv_1243'. It is no longer used by any node.
[2m2025-10-13T01:05:29.839192Z[0m [32m INFO[0m [2mort::logging[0m[2m:[0m Removing initializer 'onnx::Conv_1201'. It is no longer used by any node.
[2m2025-10-13T01:05:29.839203Z[0m [32m INFO[0m [2mort::logging[0m[2m:[0m Removing initializer 'onnx::Conv_1252'. It is no longer used by any node.
[2m2025-10-13T01:05:29.839212Z[0m [32m INFO[0m [2mort::logging[0m[2m:[0m Removing initializer 'onnx::Conv_1261'. It is no longer used by any node.
[2m2025-10-13T01:05:29.839220Z[0m [32m INFO[0m [2mort::logging[0m[2m:[0m Removing initializer 'onnx::Conv_1264'. It is no longer used by any node.
[2m2025-10-13T01:05:29.839231Z[0m [32m INFO[0m [2mort::logging[0m[2m:[0m Removing initializer 'onnx::Conv_1075'. It is no longer used by any node.
[2m2025-10-13T01:05:29.839240Z[0m [32m INFO[0m [2mort::logging[0m[2m:[0m Removing initializer 'onnx::Conv_1270'. It is no longer used by any node.
[2m2025-10-13T01:05:29.839249Z[0m [32m INFO[0m [2mort::logging[0m[2m:[0m Removing initializer 'onnx::Conv_1237'. It is no longer used by any node.
[2m2025-10-13T01:05:29.839259Z[0m [32m INFO[0m [2mort::logging[0m[2m:[0m Removing initializer 'onnx::Conv_1183'. It is no longer used by any node.
[2m2025-10-13T01:05:29.839267Z[0m [32m INFO[0m [2mort::logging[0m[2m:[0m Removing initializer 'model.22.cv3.2.2.weight'. It is no longer used by any node.
[2m2025-10-13T01:05:29.839276Z[0m [32m INFO[0m [2mort::logging[0m[2m:[0m Removing initializer 'onnx::Conv_1174'. It is no longer used by any node.
[2m2025-10-13T01:05:29.839286Z[0m [32m INFO[0m [2mort::logging[0m[2m:[0m Removing initializer 'onnx::Conv_1171'. It is no longer used by any node.
[2m2025-10-13T01:05:29.839295Z[0m [32m INFO[0m [2mort::logging[0m[2m:[0m Removing initializer 'onnx::Conv_1249'. It is no longer used by any node.
[2m2025-10-13T01:05:29.839304Z[0m [32m INFO[0m [2mort::logging[0m[2m:[0m Removing initializer 'onnx::Conv_1117'. It is no longer used by any node.
[2m2025-10-13T01:05:29.839314Z[0m [32m INFO[0m [2mort::logging[0m[2m:[0m Removing initializer 'onnx::Conv_1216'. It is no longer used by any node.
[2m2025-10-13T01:05:29.839323Z[0m [32m INFO[0m [2mort::logging[0m[2m:[0m Removing initializer 'onnx::Conv_1222'. It is no longer used by any node.
[2m2025-10-13T01:05:29.839341Z[0m [32m INFO[0m [2mort::logging[0m[2m:[0m Removing initializer 'onnx::Conv_1114'. It is no longer used by any node.
[2m2025-10-13T01:05:29.839350Z[0m [32m INFO[0m [2mort::logging[0m[2m:[0m Removing initializer 'onnx::Conv_1087'. It is no longer used by any node.
[2m2025-10-13T01:05:29.839358Z[0m [32m INFO[0m [2mort::logging[0m[2m:[0m Removing initializer 'onnx::Conv_1195'. It is no longer used by any node.
[2m2025-10-13T01:05:29.839369Z[0m [32m INFO[0m [2mort::logging[0m[2m:[0m Removing initializer 'model.22.cv2.1.2.weight'. It is no longer used by any node.
[2m2025-10-13T01:05:29.844408Z[0m [32m INFO[0m [2mort::logging[0m[2m:[0m GraphTransformer NhwcTransformer modified: 0 with status: OK
[2m2025-10-13T01:05:29.844623Z[0m [32m INFO[0m [2mort::logging[0m[2m:[0m GraphTransformer ConvAddActivationFusion modified: 0 with status: OK
[2m2025-10-13T01:05:29.844759Z[0m [32m INFO[0m [2mort::logging[0m[2m:[0m GraphTransformer NchwcTransformer modified: 0 with status: OK
[2m2025-10-13T01:05:29.845065Z[0m [32m INFO[0m [2mort::logging[0m[2m:[0m GraphTransformer NhwcTransformer modified: 0 with status: OK
[2m2025-10-13T01:05:29.845228Z[0m [32m INFO[0m [2mort::logging[0m[2m:[0m GraphTransformer ConvAddActivationFusion modified: 0 with status: OK
[2m2025-10-13T01:05:29.845622Z[0m [32m INFO[0m [2mort::logging[0m[2m:[0m GraphTransformer RemoveDuplicateCastTransformer modified: 0 with status: OK
[2m2025-10-13T01:05:29.845652Z[0m [32m INFO[0m [2mort::logging[0m[2m:[0m GraphTransformer CastFloat16Transformer modified: 0 with status: OK
[2m2025-10-13T01:05:29.845669Z[0m [32m INFO[0m [2mort::logging[0m[2m:[0m GraphTransformer MemcpyTransformer modified: 0 with status: OK
[2m2025-10-13T01:05:29.846634Z[0m [32m INFO[0m [2mort::logging[0m[2m:[0m Use DeviceBasedPartition as default
[2m2025-10-13T01:05:29.872507Z[0m [32m INFO[0m [2mort::logging[0m[2m:[0m Saving initialized tensors.
[2m2025-10-13T01:05:29.872578Z[0m [32m INFO[0m [2mort::logging[0m[2m:[0m Extending BFCArena for Cpu. bin_num:0 (requested) num_bytes: 8 (actual) rounded_bytes:256
[2m2025-10-13T01:05:29.872592Z[0m [32m INFO[0m [2mort::logging[0m[2m:[0m Extended allocation by 1048576 bytes.
[2m2025-10-13T01:05:29.872622Z[0m [32m INFO[0m [2mort::logging[0m[2m:[0m Total allocated bytes: 1048576
[2m2025-10-13T01:05:29.872631Z[0m [32m INFO[0m [2mort::logging[0m[2m:[0m Allocated memory at 0x60a5e8358dc0 to 0x60a5e8458dc0
[2m2025-10-13T01:05:29.872695Z[0m [32m INFO[0m [2mort::logging[0m[2m:[0m Extending BFCArena for Cpu. bin_num:1 (requested) num_bytes: 512 (actual) rounded_bytes:512
[2m2025-10-13T01:05:29.872730Z[0m [32m INFO[0m [2mort::logging[0m[2m:[0m Extended allocation by 2097152 bytes.
[2m2025-10-13T01:05:29.872741Z[0m [32m INFO[0m [2mort::logging[0m[2m:[0m Total allocated bytes: 3145728
[2m2025-10-13T01:05:29.872749Z[0m [32m INFO[0m [2mort::logging[0m[2m:[0m Allocated memory at 0x60a5e8458e00 to 0x60a5e8658e00
[2m2025-10-13T01:05:29.873342Z[0m [32m INFO[0m [2mort::logging[0m[2m:[0m Extending BFCArena for Cpu. bin_num:7 (requested) num_bytes: 36864 (actual) rounded_bytes:36864
[2m2025-10-13T01:05:29.873376Z[0m [32m INFO[0m [2mort::logging[0m[2m:[0m Extended allocation by 4194304 bytes.
[2m2025-10-13T01:05:29.873385Z[0m [32m INFO[0m [2mort::logging[0m[2m:[0m Total allocated bytes: 7340032
[2m2025-10-13T01:05:29.873394Z[0m [32m INFO[0m [2mort::logging[0m[2m:[0m Allocated memory at 0x60a5e8658e40 to 0x60a5e8a58e40
[2m2025-10-13T01:05:29.874829Z[0m [32m INFO[0m [2mort::logging[0m[2m:[0m Extending BFCArena for Cpu. bin_num:13 (requested) num_bytes: 2359296 (actual) rounded_bytes:2359296
[2m2025-10-13T01:05:29.874876Z[0m [32m INFO[0m [2mort::logging[0m[2m:[0m Extended allocation by 8388608 bytes.
[2m2025-10-13T01:05:29.874889Z[0m [32m INFO[0m [2mort::logging[0m[2m:[0m Total allocated bytes: 15728640
[2m2025-10-13T01:05:29.874905Z[0m [32m INFO[0m [2mort::logging[0m[2m:[0m Allocated memory at 0x715ade7fd040 to 0x715adeffd040
[2m2025-10-13T01:05:29.879185Z[0m [32m INFO[0m [2mort::logging[0m[2m:[0m Extending BFCArena for Cpu. bin_num:13 (requested) num_bytes: 2359296 (actual) rounded_bytes:2359296
[2m2025-10-13T01:05:29.879246Z[0m [32m INFO[0m [2mort::logging[0m[2m:[0m Extended allocation by 16777216 bytes.
[2m2025-10-13T01:05:29.879263Z[0m [32m INFO[0m [2mort::logging[0m[2m:[0m Total allocated bytes: 32505856
[2m2025-10-13T01:05:29.879272Z[0m [32m INFO[0m [2mort::logging[0m[2m:[0m Allocated memory at 0x715add7fc040 to 0x715ade7fc040
[2m2025-10-13T01:05:29.888009Z[0m [32m INFO[0m [2mort::logging[0m[2m:[0m Extending BFCArena for Cpu. bin_num:11 (requested) num_bytes: 589824 (actual) rounded_bytes:589824
[2m2025-10-13T01:05:29.888062Z[0m [32m INFO[0m [2mort::logging[0m[2m:[0m Extended allocation by 33554432 bytes.
[2m2025-10-13T01:05:29.888073Z[0m [32m INFO[0m [2mort::logging[0m[2m:[0m Total allocated bytes: 66060288
[2m2025-10-13T01:05:29.888084Z[0m [32m INFO[0m [2mort::logging[0m[2m:[0m Allocated memory at 0x715ad5fff040 to 0x715ad7fff040
[2m2025-10-13T01:05:29.900459Z[0m [32m INFO[0m [2mort::logging[0m[2m:[0m Done saving initialized tensors
[2m2025-10-13T01:05:29.901561Z[0m [32m INFO[0m [2mort::logging[0m[2m:[0m Session successfully initialized.
[2m2025-10-13T01:05:29.901696Z[0m [32m INFO[0m [2mlum_rust_ws::domains::qr::rust_qreader[0m[2m:[0m ✅ RustQReader ONNX session initialized for Small model
[2m2025-10-13T01:05:29.901742Z[0m [32m INFO[0m [2mlum_rust_ws::processing::qr_detection[0m[2m:[0m ✅ ONNX Small model initialized successfully
[2m2025-10-13T01:05:29.901770Z[0m [32m INFO[0m [2mlum_rust_ws::domains::qr::rust_qreader[0m[2m:[0m 🔧 Initializing RustQReader with ONNX: "models/qreader_detector_medium.onnx"
[2m2025-10-13T01:05:29.901824Z[0m [32m INFO[0m [2mort::logging[0m[2m:[0m Session Options {  execution_mode:0 execution_order:DEFAULT enable_profiling:0 optimized_model_filepath:"" enable_mem_pattern:1 enable_mem_reuse:1 enable_cpu_mem_arena:1 profile_file_prefix:onnxruntime_profile_ session_logid: session_log_severity_level:-1 session_log_verbosity_level:0 max_num_graph_transformation_steps:10 graph_optimization_level:3 intra_op_param:OrtThreadPoolParams { thread_pool_size: 0 auto_set_affinity: 0 allow_spinning: 1 dynamic_block_base_: 0 stack_size: 0 affinity_str:  set_denormal_as_zero: 0 } inter_op_param:OrtThreadPoolParams { thread_pool_size: 0 auto_set_affinity: 0 allow_spinning: 1 dynamic_block_base_: 0 stack_size: 0 affinity_str:  set_denormal_as_zero: 0 } use_per_session_threads:1 thread_pool_allow_spinning:1 use_deterministic_compute:0 ep_selection_policy:0 config_options: {  } }
[2m2025-10-13T01:05:29.901875Z[0m [32m INFO[0m [2mort::logging[0m[2m:[0m Creating and using per session threadpools since use_per_session_threads_ is true
[2m2025-10-13T01:05:29.901889Z[0m [32m INFO[0m [2mort::logging[0m[2m:[0m Dynamic block base set to 0
[2m2025-10-13T01:05:29.960300Z[0m [32m INFO[0m [2mort::logging[0m[2m:[0m Initializing session.
[2m2025-10-13T01:05:29.960453Z[0m [32m INFO[0m [2mort::logging[0m[2m:[0m Adding default CPU execution provider.
[2m2025-10-13T01:05:29.960498Z[0m [32m INFO[0m [2mort::logging[0m[2m:[0m Creating BFCArena for Cpu with following configs: initial_chunk_size_bytes: 1048576 max_dead_bytes_per_chunk: 134217728 initial_growth_chunk_size_bytes: 2097152 max_power_of_two_extend_bytes: 1073741824 memory limit: 18446744073709551615 arena_extend_strategy: 0
[2m2025-10-13T01:05:29.960639Z[0m [32m INFO[0m [2mort::logging[0m[2m:[0m This model does not have any local functions defined. AOT Inlining is not performed
[2m2025-10-13T01:05:29.960775Z[0m [32m INFO[0m [2mort::logging[0m[2m:[0m GraphTransformer EnsureUniqueDQForNodeUnit modified: 0 with status: OK
[2m2025-10-13T01:05:29.961028Z[0m [32m INFO[0m [2mort::logging[0m[2m:[0m GraphTransformer Level1_RuleBasedTransformer modified: 1 with status: OK
[2m2025-10-13T01:05:29.963144Z[0m [32m INFO[0m [2mort::logging[0m[2m:[0m Removing initializer '/model.22/Constant_61_output_0'. It is no longer used by any node.
[2m2025-10-13T01:05:29.963222Z[0m [32m INFO[0m [2mort::logging[0m[2m:[0m Removing initializer '/model.8/Constant_4_output_0'. It is no longer used by any node.
[2m2025-10-13T01:05:29.963240Z[0m [32m INFO[0m [2mort::logging[0m[2m:[0m Removing initializer '/model.12/Constant_4_output_0'. It is no longer used by any node.
[2m2025-10-13T01:05:29.963251Z[0m [32m INFO[0m [2mort::logging[0m[2m:[0m Removing initializer '/model.6/Constant_4_output_0'. It is no longer used by any node.
[2m2025-10-13T01:05:29.963290Z[0m [32m INFO[0m [2mort::logging[0m[2m:[0m Removing initializer '/model.4/Constant_4_output_0'. It is no longer used by any node.
[2m2025-10-13T01:05:29.963301Z[0m [32m INFO[0m [2mort::logging[0m[2m:[0m Removing initializer '/model.18/Constant_4_output_0'. It is no longer used by any node.
[2m2025-10-13T01:05:29.963316Z[0m [32m INFO[0m [2mort::logging[0m[2m:[0m Removing initializer '/model.2/Constant_4_output_0'. It is no longer used by any node.
[2m2025-10-13T01:05:29.963363Z[0m [32m INFO[0m [2mort::logging[0m[2m:[0m Removing initializer '/model.15/Constant_4_output_0'. It is no longer used by any node.
[2m2025-10-13T01:05:29.963375Z[0m [32m INFO[0m [2mort::logging[0m[2m:[0m Removing initializer '/model.21/Constant_4_output_0'. It is no longer used by any node.
[2m2025-10-13T01:05:29.963683Z[0m [32m INFO[0m [2mort::logging[0m[2m:[0m GraphTransformer DoubleQDQPairsRemover modified: 0 with status: OK
[2m2025-10-13T01:05:29.964328Z[0m [32m INFO[0m [2mort::logging[0m[2m:[0m Total shared scalar initializer count: 92
[2m2025-10-13T01:05:29.964361Z[0m [32m INFO[0m [2mort::logging[0m[2m:[0m GraphTransformer ConstantSharing modified: 1 with status: OK
[2m2025-10-13T01:05:29.967060Z[0m [32m INFO[0m [2mort::logging[0m[2m:[0m GraphTransformer CommonSubexpressionElimination modified: 1 with status: OK
[2m2025-10-13T01:05:29.969356Z[0m [32m INFO[0m [2mort::logging[0m[2m:[0m GraphTransformer ConstantFolding modified: 1 with status: OK
[2m2025-10-13T01:05:29.971314Z[0m [32m INFO[0m [2mort::logging[0m[2m:[0m Removing initializer '/model.22/Split_output_2'. It is no longer used by any node.
[2m2025-10-13T01:05:29.971348Z[0m [32m INFO[0m [2mort::logging[0m[2m:[0m Removing initializer '/model.22/Split_output_1'. It is no longer used by any node.
[2m2025-10-13T01:05:29.971361Z[0m [32m INFO[0m [2mort::logging[0m[2m:[0m Removing initializer '/model.22/Constant_14_output_0'. It is no longer used by any node.
[2m2025-10-13T01:05:29.971378Z[0m [32m INFO[0m [2mort::logging[0m[2m:[0m Removing initializer '/model.22/Split_output_0'. It is no longer used by any node.
[2m2025-10-13T01:05:29.971553Z[0m [32m INFO[0m [2mort::logging[0m[2m:[0m GraphTransformer MatMulAddFusion modified: 0 with status: OK
[2m2025-10-13T01:05:29.971696Z[0m [32m INFO[0m [2mort::logging[0m[2m:[0m Fused reshape node: /model.22/dfl/Reshape_output_0
[2m2025-10-13T01:05:29.971730Z[0m [32m INFO[0m [2mort::logging[0m[2m:[0m Fused reshape node: /model.22/Reshape_18_output_0
[2m2025-10-13T01:05:29.971745Z[0m [32m INFO[0m [2mort::logging[0m[2m:[0m Fused reshape node: /model.22/Reshape_19_output_0
[2m2025-10-13T01:05:29.971757Z[0m [32m INFO[0m [2mort::logging[0m[2m:[0m Fused reshape node: /model.22/Reshape_13_output_0
[2m2025-10-13T01:05:29.971769Z[0m [32m INFO[0m [2mort::logging[0m[2m:[0m Fused reshape node: /model.22/Reshape_14_output_0
[2m2025-10-13T01:05:29.971781Z[0m [32m INFO[0m [2mort::logging[0m[2m:[0m Fused reshape node: /model.22/Reshape_8_output_0
[2m2025-10-13T01:05:29.971793Z[0m [32m INFO[0m [2mort::logging[0m[2m:[0m Fused reshape node: /model.22/Reshape_9_output_0
[2m2025-10-13T01:05:29.971815Z[0m [32m INFO[0m [2mort::logging[0m[2m:[0m Total fused reshape node count: 7
[2m2025-10-13T01:05:29.971826Z[0m [32m INFO[0m [2mort::logging[0m[2m:[0m GraphTransformer ReshapeFusion modified: 1 with status: OK
[2m2025-10-13T01:05:29.973748Z[0m [32m INFO[0m [2mort::logging[0m[2m:[0m Removing initializer '/model.22/dfl/Constant_3_output_0'. It is no longer used by any node.
[2m2025-10-13T01:05:29.973835Z[0m [32m INFO[0m [2mort::logging[0m[2m:[0m GraphTransformer FreeDimensionOverrideTransformer modified: 0 with status: OK
[2m2025-10-13T01:05:29.973848Z[0m [32m INFO[0m [2mort::logging[0m[2m:[0m GraphTransformer GeluFusionL1 modified: 0 with status: OK
[2m2025-10-13T01:05:29.973858Z[0m [32m INFO[0m [2mort::logging[0m[2m:[0m GraphTransformer LayerNormFusionL1 modified: 0 with status: OK
[2m2025-10-13T01:05:29.974001Z[0m [32m INFO[0m [2mort::logging[0m[2m:[0m GraphTransformer QDQPropagationTransformer modified: 0 with status: OK
[2m2025-10-13T01:05:29.974131Z[0m [32m INFO[0m [2mort::logging[0m[2m:[0m GraphTransformer WeightBiasQuantization modified: 0 with status: OK
[2m2025-10-13T01:05:29.974268Z[0m [32m INFO[0m [2mort::logging[0m[2m:[0m GraphTransformer EnsureUniqueDQForNodeUnit modified: 0 with status: OK
[2m2025-10-13T01:05:29.974383Z[0m [32m INFO[0m [2mort::logging[0m[2m:[0m GraphTransformer RocmBlasAltImpl modified: 0 with status: OK
[2m2025-10-13T01:05:29.974824Z[0m [32m INFO[0m [2mort::logging[0m[2m:[0m GraphTransformer TransposeOptimizer modified: 0 with status: OK
[2m2025-10-13T01:05:29.975006Z[0m [32m INFO[0m [2mort::logging[0m[2m:[0m GraphTransformer Level1_RuleBasedTransformer modified: 0 with status: OK
[2m2025-10-13T01:05:29.975103Z[0m [32m INFO[0m [2mort::logging[0m[2m:[0m GraphTransformer DoubleQDQPairsRemover modified: 0 with status: OK
[2m2025-10-13T01:05:29.975543Z[0m [32m INFO[0m [2mort::logging[0m[2m:[0m GraphTransformer CommonSubexpressionElimination modified: 0 with status: OK
[2m2025-10-13T01:05:29.975721Z[0m [32m INFO[0m [2mort::logging[0m[2m:[0m GraphTransformer ConstantFolding modified: 0 with status: OK
[2m2025-10-13T01:05:29.975823Z[0m [32m INFO[0m [2mort::logging[0m[2m:[0m GraphTransformer MatMulAddFusion modified: 0 with status: OK
[2m2025-10-13T01:05:29.975937Z[0m [32m INFO[0m [2mort::logging[0m[2m:[0m GraphTransformer ReshapeFusion modified: 0 with status: OK
[2m2025-10-13T01:05:29.976036Z[0m [32m INFO[0m [2mort::logging[0m[2m:[0m GraphTransformer FreeDimensionOverrideTransformer modified: 0 with status: OK
[2m2025-10-13T01:05:29.976087Z[0m [32m INFO[0m [2mort::logging[0m[2m:[0m GraphTransformer GeluFusionL1 modified: 0 with status: OK
[2m2025-10-13T01:05:29.976138Z[0m [32m INFO[0m [2mort::logging[0m[2m:[0m GraphTransformer LayerNormFusionL1 modified: 0 with status: OK
[2m2025-10-13T01:05:29.976303Z[0m [32m INFO[0m [2mort::logging[0m[2m:[0m GraphTransformer QDQPropagationTransformer modified: 0 with status: OK
[2m2025-10-13T01:05:29.976465Z[0m [32m INFO[0m [2mort::logging[0m[2m:[0m GraphTransformer WeightBiasQuantization modified: 0 with status: OK
[2m2025-10-13T01:05:29.976621Z[0m [32m INFO[0m [2mort::logging[0m[2m:[0m GraphTransformer EnsureUniqueDQForNodeUnit modified: 0 with status: OK
[2m2025-10-13T01:05:29.976768Z[0m [32m INFO[0m [2mort::logging[0m[2m:[0m GraphTransformer RocmBlasAltImpl modified: 0 with status: OK
[2m2025-10-13T01:05:29.977582Z[0m [32m INFO[0m [2mort::logging[0m[2m:[0m GraphTransformer Level2_RuleBasedTransformer modified: 0 with status: OK
[2m2025-10-13T01:05:29.978067Z[0m [32m INFO[0m [2mort::logging[0m[2m:[0m GraphTransformer TransposeOptimizer_CPUExecutionProvider modified: 0 with status: OK
[2m2025-10-13T01:05:29.978229Z[0m [32m INFO[0m [2mort::logging[0m[2m:[0m GraphTransformer QDQS8ToU8Transformer modified: 0 with status: OK
[2m2025-10-13T01:05:29.978507Z[0m [32m INFO[0m [2mort::logging[0m[2m:[0m GraphTransformer QDQSelectorActionTransformer modified: 0 with status: OK
[2m2025-10-13T01:05:29.978678Z[0m [32m INFO[0m [2mort::logging[0m[2m:[0m GraphTransformer GemmActivationFusion modified: 0 with status: OK
[2m2025-10-13T01:05:29.978837Z[0m [32m INFO[0m [2mort::logging[0m[2m:[0m GraphTransformer MatMulIntegerToFloatFusion modified: 0 with status: OK
[2m2025-10-13T01:05:29.978990Z[0m [32m INFO[0m [2mort::logging[0m[2m:[0m GraphTransformer DynamicQuantizeMatMulFusion modified: 0 with status: OK
[2m2025-10-13T01:05:29.979167Z[0m [32m INFO[0m [2mort::logging[0m[2m:[0m GraphTransformer ConvActivationFusion modified: 0 with status: OK
[2m2025-10-13T01:05:29.979306Z[0m [32m INFO[0m [2mort::logging[0m[2m:[0m GraphTransformer GeluFusionL2 modified: 0 with status: OK
[2m2025-10-13T01:05:29.979439Z[0m [32m INFO[0m [2mort::logging[0m[2m:[0m GraphTransformer LayerNormFusionL2 modified: 0 with status: OK
[2m2025-10-13T01:05:29.979574Z[0m [32m INFO[0m [2mort::logging[0m[2m:[0m GraphTransformer SimplifiedLayerNormFusion modified: 0 with status: OK
[2m2025-10-13T01:05:29.979724Z[0m [32m INFO[0m [2mort::logging[0m[2m:[0m GraphTransformer AttentionFusion modified: 0 with status: OK
[2m2025-10-13T01:05:29.979861Z[0m [32m INFO[0m [2mort::logging[0m[2m:[0m GraphTransformer EmbedLayerNormFusion modified: 0 with status: OK
[2m2025-10-13T01:05:29.979927Z[0m [32m INFO[0m [2mort::logging[0m[2m:[0m GraphTransformer GatherSliceToSplitFusion modified: 0 with status: OK
[2m2025-10-13T01:05:29.980053Z[0m [32m INFO[0m [2mort::logging[0m[2m:[0m GraphTransformer GatherToSliceFusion modified: 0 with status: OK
[2m2025-10-13T01:05:29.980189Z[0m [32m INFO[0m [2mort::logging[0m[2m:[0m GraphTransformer MatmulTransposeFusion modified: 0 with status: OK
[2m2025-10-13T01:05:29.980328Z[0m [32m INFO[0m [2mort::logging[0m[2m:[0m GraphTransformer BiasGeluFusion modified: 0 with status: OK
[2m2025-10-13T01:05:29.980462Z[0m [32m INFO[0m [2mort::logging[0m[2m:[0m GraphTransformer GroupQueryAttentionFusion modified: 0 with status: OK
[2m2025-10-13T01:05:29.980594Z[0m [32m INFO[0m [2mort::logging[0m[2m:[0m GraphTransformer SkipLayerNormFusion modified: 0 with status: OK
[2m2025-10-13T01:05:29.980770Z[0m [32m INFO[0m [2mort::logging[0m[2m:[0m GraphTransformer FastGeluFusion modified: 0 with status: OK
[2m2025-10-13T01:05:29.981168Z[0m [32m INFO[0m [2mort::logging[0m[2m:[0m GraphTransformer QuickGeluFusion modified: 1 with status: OK
[2m2025-10-13T01:05:29.983205Z[0m [32m INFO[0m [2mort::logging[0m[2m:[0m GraphTransformer BiasSoftmaxFusion modified: 0 with status: OK
[2m2025-10-13T01:05:29.983356Z[0m [32m INFO[0m [2mort::logging[0m[2m:[0m GraphTransformer BiasDropoutFusion modified: 0 with status: OK
[2m2025-10-13T01:05:29.983498Z[0m [32m INFO[0m [2mort::logging[0m[2m:[0m GraphTransformer MatMulScaleFusion modified: 0 with status: OK
[2m2025-10-13T01:05:29.983638Z[0m [32m INFO[0m [2mort::logging[0m[2m:[0m GraphTransformer MatMulActivationFusion modified: 0 with status: OK
[2m2025-10-13T01:05:29.983795Z[0m [32m INFO[0m [2mort::logging[0m[2m:[0m GraphTransformer MatMulNBitsFusion modified: 0 with status: OK
[2m2025-10-13T01:05:29.983935Z[0m [32m INFO[0m [2mort::logging[0m[2m:[0m GraphTransformer QDQFinalCleanupTransformer modified: 0 with status: OK
[2m2025-10-13T01:05:29.984059Z[0m [32m INFO[0m [2mort::logging[0m[2m:[0m GraphTransformer Level2_RuleBasedTransformer modified: 0 with status: OK
[2m2025-10-13T01:05:29.984186Z[0m [32m INFO[0m [2mort::logging[0m[2m:[0m GraphTransformer QDQS8ToU8Transformer modified: 0 with status: OK
[2m2025-10-13T01:05:29.984412Z[0m [32m INFO[0m [2mort::logging[0m[2m:[0m GraphTransformer QDQSelectorActionTransformer modified: 0 with status: OK
[2m2025-10-13T01:05:29.984547Z[0m [32m INFO[0m [2mort::logging[0m[2m:[0m GraphTransformer GemmActivationFusion modified: 0 with status: OK
[2m2025-10-13T01:05:29.984700Z[0m [32m INFO[0m [2mort::logging[0m[2m:[0m GraphTransformer MatMulIntegerToFloatFusion modified: 0 with status: OK
[2m2025-10-13T01:05:29.984839Z[0m [32m INFO[0m [2mort::logging[0m[2m:[0m GraphTransformer DynamicQuantizeMatMulFusion modified: 0 with status: OK
[2m2025-10-13T01:05:29.985033Z[0m [32m INFO[0m [2mort::logging[0m[2m:[0m GraphTransformer ConvActivationFusion modified: 0 with status: OK
[2m2025-10-13T01:05:29.985161Z[0m [32m INFO[0m [2mort::logging[0m[2m:[0m GraphTransformer GeluFusionL2 modified: 0 with status: OK
[2m2025-10-13T01:05:29.985283Z[0m [32m INFO[0m [2mort::logging[0m[2m:[0m GraphTransformer LayerNormFusionL2 modified: 0 with status: OK
[2m2025-10-13T01:05:29.985400Z[0m [32m INFO[0m [2mort::logging[0m[2m:[0m GraphTransformer SimplifiedLayerNormFusion modified: 0 with status: OK
[2m2025-10-13T01:05:29.985516Z[0m [32m INFO[0m [2mort::logging[0m[2m:[0m GraphTransformer AttentionFusion modified: 0 with status: OK
[2m2025-10-13T01:05:29.985650Z[0m [32m INFO[0m [2mort::logging[0m[2m:[0m GraphTransformer EmbedLayerNormFusion modified: 0 with status: OK
[2m2025-10-13T01:05:29.985710Z[0m [32m INFO[0m [2mort::logging[0m[2m:[0m GraphTransformer GatherSliceToSplitFusion modified: 0 with status: OK
[2m2025-10-13T01:05:29.985828Z[0m [32m INFO[0m [2mort::logging[0m[2m:[0m GraphTransformer GatherToSliceFusion modified: 0 with status: OK
[2m2025-10-13T01:05:29.985963Z[0m [32m INFO[0m [2mort::logging[0m[2m:[0m GraphTransformer MatmulTransposeFusion modified: 0 with status: OK
[2m2025-10-13T01:05:29.986046Z[0m [32m INFO[0m [2mort::logging[0m[2m:[0m GraphTransformer BiasGeluFusion modified: 0 with status: OK
[2m2025-10-13T01:05:29.986125Z[0m [32m INFO[0m [2mort::logging[0m[2m:[0m GraphTransformer GroupQueryAttentionFusion modified: 0 with status: OK
[2m2025-10-13T01:05:29.986202Z[0m [32m INFO[0m [2mort::logging[0m[2m:[0m GraphTransformer SkipLayerNormFusion modified: 0 with status: OK
[2m2025-10-13T01:05:29.986305Z[0m [32m INFO[0m [2mort::logging[0m[2m:[0m GraphTransformer FastGeluFusion modified: 0 with status: OK
[2m2025-10-13T01:05:29.986416Z[0m [32m INFO[0m [2mort::logging[0m[2m:[0m GraphTransformer QuickGeluFusion modified: 0 with status: OK
[2m2025-10-13T01:05:29.986501Z[0m [32m INFO[0m [2mort::logging[0m[2m:[0m GraphTransformer BiasSoftmaxFusion modified: 0 with status: OK
[2m2025-10-13T01:05:29.986573Z[0m [32m INFO[0m [2mort::logging[0m[2m:[0m GraphTransformer BiasDropoutFusion modified: 0 with status: OK
[2m2025-10-13T01:05:29.986701Z[0m [32m INFO[0m [2mort::logging[0m[2m:[0m GraphTransformer MatMulScaleFusion modified: 0 with status: OK
[2m2025-10-13T01:05:29.986785Z[0m [32m INFO[0m [2mort::logging[0m[2m:[0m GraphTransformer MatMulActivationFusion modified: 0 with status: OK
[2m2025-10-13T01:05:29.986895Z[0m [32m INFO[0m [2mort::logging[0m[2m:[0m GraphTransformer MatMulNBitsFusion modified: 0 with status: OK
[2m2025-10-13T01:05:29.986993Z[0m [32m INFO[0m [2mort::logging[0m[2m:[0m GraphTransformer QDQFinalCleanupTransformer modified: 0 with status: OK
[2m2025-10-13T01:05:30.104477Z[0m [32m INFO[0m [2mort::logging[0m[2m:[0m GraphTransformer NchwcTransformer modified: 1 with status: OK
[2m2025-10-13T01:05:30.107954Z[0m [32m INFO[0m [2mort::logging[0m[2m:[0m Removing initializer 'onnx::Conv_1320'. It is no longer used by any node.
[2m2025-10-13T01:05:30.107987Z[0m [32m INFO[0m [2mort::logging[0m[2m:[0m Removing initializer 'onnx::Conv_1437'. It is no longer used by any node.
[2m2025-10-13T01:05:30.107998Z[0m [32m INFO[0m [2mort::logging[0m[2m:[0m Removing initializer 'onnx::Conv_1431'. It is no longer used by any node.
[2m2025-10-13T01:05:30.108007Z[0m [32m INFO[0m [2mort::logging[0m[2m:[0m Removing initializer 'onnx::Conv_1425'. It is no longer used by any node.
[2m2025-10-13T01:05:30.108017Z[0m [32m INFO[0m [2mort::logging[0m[2m:[0m Removing initializer 'onnx::Conv_1479'. It is no longer used by any node.
[2m2025-10-13T01:05:30.108040Z[0m [32m INFO[0m [2mort::logging[0m[2m:[0m Removing initializer 'onnx::Conv_1419'. It is no longer used by any node.
[2m2025-10-13T01:05:30.108049Z[0m [32m INFO[0m [2mort::logging[0m[2m:[0m Removing initializer 'onnx::Conv_1401'. It is no longer used by any node.
[2m2025-10-13T01:05:30.108058Z[0m [32m INFO[0m [2mort::logging[0m[2m:[0m Removing initializer 'onnx::Conv_1281'. It is no longer used by any node.
[2m2025-10-13T01:05:30.108067Z[0m [32m INFO[0m [2mort::logging[0m[2m:[0m Removing initializer 'onnx::Conv_1434'. It is no longer used by any node.
[2m2025-10-13T01:05:30.108077Z[0m [32m INFO[0m [2mort::logging[0m[2m:[0m Removing initializer 'onnx::Conv_1395'. It is no longer used by any node.
[2m2025-10-13T01:05:30.108086Z[0m [32m INFO[0m [2mort::logging[0m[2m:[0m Removing initializer 'model.22.cv3.2.2.weight'. It is no longer used by any node.
[2m2025-10-13T01:05:30.108095Z[0m [32m INFO[0m [2mort::logging[0m[2m:[0m Removing initializer 'onnx::Conv_1371'. It is no longer used by any node.
[2m2025-10-13T01:05:30.108104Z[0m [32m INFO[0m [2mort::logging[0m[2m:[0m Removing initializer 'onnx::Conv_1389'. It is no longer used by any node.
[2m2025-10-13T01:05:30.108113Z[0m [32m INFO[0m [2mort::logging[0m[2m:[0m Removing initializer 'onnx::Conv_1386'. It is no longer used by any node.
[2m2025-10-13T01:05:30.108121Z[0m [32m INFO[0m [2mort::logging[0m[2m:[0m Removing initializer 'onnx::Conv_1380'. It is no longer used by any node.
[2m2025-10-13T01:05:30.108131Z[0m [32m INFO[0m [2mort::logging[0m[2m:[0m Removing initializer 'onnx::Conv_1413'. It is no longer used by any node.
[2m2025-10-13T01:05:30.108140Z[0m [32m INFO[0m [2mort::logging[0m[2m:[0m Removing initializer 'onnx::Conv_1290'. It is no longer used by any node.
[2m2025-10-13T01:05:30.108149Z[0m [32m INFO[0m [2mort::logging[0m[2m:[0m Removing initializer 'onnx::Conv_1365'. It is no longer used by any node.
[2m2025-10-13T01:05:30.108158Z[0m [32m INFO[0m [2mort::logging[0m[2m:[0m Removing initializer 'onnx::Conv_1368'. It is no longer used by any node.
[2m2025-10-13T01:05:30.108167Z[0m [32m INFO[0m [2mort::logging[0m[2m:[0m Removing initializer 'onnx::Conv_1359'. It is no longer used by any node.
[2m2025-10-13T01:05:30.108176Z[0m [32m INFO[0m [2mort::logging[0m[2m:[0m Removing initializer 'onnx::Conv_1404'. It is no longer used by any node.
[2m2025-10-13T01:05:30.108184Z[0m [32m INFO[0m [2mort::logging[0m[2m:[0m Removing initializer 'onnx::Conv_1356'. It is no longer used by any node.
[2m2025-10-13T01:05:30.108193Z[0m [32m INFO[0m [2mort::logging[0m[2m:[0m Removing initializer 'onnx::Conv_1350'. It is no longer used by any node.
[2m2025-10-13T01:05:30.108202Z[0m [32m INFO[0m [2mort::logging[0m[2m:[0m Removing initializer 'onnx::Conv_1341'. It is no longer used by any node.
[2m2025-10-13T01:05:30.108212Z[0m [32m INFO[0m [2mort::logging[0m[2m:[0m Removing initializer 'model.22.cv2.1.2.weight'. It is no longer used by any node.
[2m2025-10-13T01:05:30.108221Z[0m [32m INFO[0m [2mort::logging[0m[2m:[0m Removing initializer 'onnx::Conv_1392'. It is no longer used by any node.
[2m2025-10-13T01:05:30.108231Z[0m [32m INFO[0m [2mort::logging[0m[2m:[0m Removing initializer 'onnx::Conv_1485'. It is no longer used by any node.
[2m2025-10-13T01:05:30.108240Z[0m [32m INFO[0m [2mort::logging[0m[2m:[0m Removing initializer 'model.22.dfl.conv.weight'. It is no longer used by any node.
[2m2025-10-13T01:05:30.108251Z[0m [32m INFO[0m [2mort::logging[0m[2m:[0m Removing initializer 'model.22.cv4.1.2.weight'. It is no longer used by any node.
[2m2025-10-13T01:05:30.108260Z[0m [32m INFO[0m [2mort::logging[0m[2m:[0m Removing initializer 'onnx::Conv_1284'. It is no longer used by any node.
[2m2025-10-13T01:05:30.108269Z[0m [32m INFO[0m [2mort::logging[0m[2m:[0m Removing initializer 'onnx::Conv_1377'. It is no longer used by any node.
[2m2025-10-13T01:05:30.108278Z[0m [32m INFO[0m [2mort::logging[0m[2m:[0m Removing initializer 'onnx::Conv_1293'. It is no longer used by any node.
[2m2025-10-13T01:05:30.108294Z[0m [32m INFO[0m [2mort::logging[0m[2m:[0m Removing initializer 'model.22.cv3.0.2.bias'. It is no longer used by any node.
[2m2025-10-13T01:05:30.108304Z[0m [32m INFO[0m [2mort::logging[0m[2m:[0m Removing initializer 'onnx::Conv_1302'. It is no longer used by any node.
[2m2025-10-13T01:05:30.108313Z[0m [32m INFO[0m [2mort::logging[0m[2m:[0m Removing initializer 'onnx::Conv_1311'. It is no longer used by any node.
[2m2025-10-13T01:05:30.108322Z[0m [32m INFO[0m [2mort::logging[0m[2m:[0m Removing initializer 'onnx::Conv_1317'. It is no longer used by any node.
[2m2025-10-13T01:05:30.108331Z[0m [32m INFO[0m [2mort::logging[0m[2m:[0m Removing initializer 'model.22.cv3.1.2.weight'. It is no longer used by any node.
[2m2025-10-13T01:05:30.108340Z[0m [32m INFO[0m [2mort::logging[0m[2m:[0m Removing initializer 'onnx::Conv_1347'. It is no longer used by any node.
[2m2025-10-13T01:05:30.108348Z[0m [32m INFO[0m [2mort::logging[0m[2m:[0m Removing initializer 'onnx::Conv_1515'. It is no longer used by any node.
[2m2025-10-13T01:05:30.108357Z[0m [32m INFO[0m [2mort::logging[0m[2m:[0m Removing initializer 'model.22.cv2.2.2.weight'. It is no longer used by any node.
[2m2025-10-13T01:05:30.108367Z[0m [32m INFO[0m [2mort::logging[0m[2m:[0m Removing initializer 'onnx::Conv_1374'. It is no longer used by any node.
[2m2025-10-13T01:05:30.108375Z[0m [32m INFO[0m [2mort::logging[0m[2m:[0m Removing initializer 'model.22.cv3.0.2.weight'. It is no longer used by any node.
[2m2025-10-13T01:05:30.108384Z[0m [32m INFO[0m [2mort::logging[0m[2m:[0m Removing initializer 'onnx::Conv_1329'. It is no longer used by any node.
[2m2025-10-13T01:05:30.108394Z[0m [32m INFO[0m [2mort::logging[0m[2m:[0m Removing initializer 'model.22.cv3.2.2.bias'. It is no longer used by any node.
[2m2025-10-13T01:05:30.108403Z[0m [32m INFO[0m [2mort::logging[0m[2m:[0m Removing initializer 'onnx::Conv_1323'. It is no longer used by any node.
[2m2025-10-13T01:05:30.108412Z[0m [32m INFO[0m [2mort::logging[0m[2m:[0m Removing initializer 'onnx::Conv_1443'. It is no longer used by any node.
[2m2025-10-13T01:05:30.108421Z[0m [32m INFO[0m [2mort::logging[0m[2m:[0m Removing initializer 'onnx::Conv_1296'. It is no longer used by any node.
[2m2025-10-13T01:05:30.108429Z[0m [32m INFO[0m [2mort::logging[0m[2m:[0m Removing initializer 'onnx::Conv_1422'. It is no longer used by any node.
[2m2025-10-13T01:05:30.108438Z[0m [32m INFO[0m [2mort::logging[0m[2m:[0m Removing initializer 'onnx::Conv_1299'. It is no longer used by any node.
[2m2025-10-13T01:05:30.108448Z[0m [32m INFO[0m [2mort::logging[0m[2m:[0m Removing initializer 'onnx::Conv_1512'. It is no longer used by any node.
[2m2025-10-13T01:05:30.108457Z[0m [32m INFO[0m [2mort::logging[0m[2m:[0m Removing initializer 'onnx::Conv_1416'. It is no longer used by any node.
[2m2025-10-13T01:05:30.108465Z[0m [32m INFO[0m [2mort::logging[0m[2m:[0m Removing initializer 'onnx::Conv_1353'. It is no longer used by any node.
[2m2025-10-13T01:05:30.108475Z[0m [32m INFO[0m [2mort::logging[0m[2m:[0m Removing initializer 'onnx::Conv_1308'. It is no longer used by any node.
[2m2025-10-13T01:05:30.108483Z[0m [32m INFO[0m [2mort::logging[0m[2m:[0m Removing initializer 'onnx::Conv_1461'. It is no longer used by any node.
[2m2025-10-13T01:05:30.108492Z[0m [32m INFO[0m [2mort::logging[0m[2m:[0m Removing initializer 'onnx::Conv_1314'. It is no longer used by any node.
[2m2025-10-13T01:05:30.108500Z[0m [32m INFO[0m [2mort::logging[0m[2m:[0m Removing initializer 'onnx::Conv_1287'. It is no longer used by any node.
[2m2025-10-13T01:05:30.108510Z[0m [32m INFO[0m [2mort::logging[0m[2m:[0m Removing initializer 'onnx::Conv_1305'. It is no longer used by any node.
[2m2025-10-13T01:05:30.108518Z[0m [32m INFO[0m [2mort::logging[0m[2m:[0m Removing initializer 'onnx::Conv_1326'. It is no longer used by any node.
[2m2025-10-13T01:05:30.108537Z[0m [32m INFO[0m [2mort::logging[0m[2m:[0m Removing initializer 'onnx::Conv_1527'. It is no longer used by any node.
[2m2025-10-13T01:05:30.108547Z[0m [32m INFO[0m [2mort::logging[0m[2m:[0m Removing initializer 'model.22.cv2.0.2.weight'. It is no longer used by any node.
[2m2025-10-13T01:05:30.108556Z[0m [32m INFO[0m [2mort::logging[0m[2m:[0m Removing initializer 'onnx::Conv_1335'. It is no longer used by any node.
[2m2025-10-13T01:05:30.108565Z[0m [32m INFO[0m [2mort::logging[0m[2m:[0m Removing initializer 'model.22.cv4.0.2.weight'. It is no longer used by any node.
[2m2025-10-13T01:05:30.108575Z[0m [32m INFO[0m [2mort::logging[0m[2m:[0m Removing initializer 'onnx::Conv_1440'. It is no longer used by any node.
[2m2025-10-13T01:05:30.108583Z[0m [32m INFO[0m [2mort::logging[0m[2m:[0m Removing initializer 'onnx::Conv_1509'. It is no longer used by any node.
[2m2025-10-13T01:05:30.108592Z[0m [32m INFO[0m [2mort::logging[0m[2m:[0m Removing initializer 'onnx::Conv_1446'. It is no longer used by any node.
[2m2025-10-13T01:05:30.108622Z[0m [32m INFO[0m [2mort::logging[0m[2m:[0m Removing initializer 'onnx::Conv_1449'. It is no longer used by any node.
[2m2025-10-13T01:05:30.108631Z[0m [32m INFO[0m [2mort::logging[0m[2m:[0m Removing initializer 'onnx::Conv_1428'. It is no longer used by any node.
[2m2025-10-13T01:05:30.108641Z[0m [32m INFO[0m [2mort::logging[0m[2m:[0m Removing initializer 'onnx::Conv_1455'. It is no longer used by any node.
[2m2025-10-13T01:05:30.108649Z[0m [32m INFO[0m [2mort::logging[0m[2m:[0m Removing initializer 'onnx::Conv_1458'. It is no longer used by any node.
[2m2025-10-13T01:05:30.108658Z[0m [32m INFO[0m [2mort::logging[0m[2m:[0m Removing initializer 'onnx::Conv_1464'. It is no longer used by any node.
[2m2025-10-13T01:05:30.108667Z[0m [32m INFO[0m [2mort::logging[0m[2m:[0m Removing initializer 'onnx::Conv_1467'. It is no longer used by any node.
[2m2025-10-13T01:05:30.108676Z[0m [32m INFO[0m [2mort::logging[0m[2m:[0m Removing initializer 'onnx::Conv_1470'. It is no longer used by any node.
[2m2025-10-13T01:05:30.108685Z[0m [32m INFO[0m [2mort::logging[0m[2m:[0m Removing initializer 'model.22.cv4.2.2.weight'. It is no longer used by any node.
[2m2025-10-13T01:05:30.108694Z[0m [32m INFO[0m [2mort::logging[0m[2m:[0m Removing initializer 'onnx::Conv_1362'. It is no longer used by any node.
[2m2025-10-13T01:05:30.108703Z[0m [32m INFO[0m [2mort::logging[0m[2m:[0m Removing initializer 'onnx::Conv_1473'. It is no longer used by any node.
[2m2025-10-13T01:05:30.108712Z[0m [32m INFO[0m [2mort::logging[0m[2m:[0m Removing initializer 'onnx::Conv_1476'. It is no longer used by any node.
[2m2025-10-13T01:05:30.108721Z[0m [32m INFO[0m [2mort::logging[0m[2m:[0m Removing initializer 'onnx::Conv_1482'. It is no longer used by any node.
[2m2025-10-13T01:05:30.108730Z[0m [32m INFO[0m [2mort::logging[0m[2m:[0m Removing initializer 'onnx::Conv_1338'. It is no longer used by any node.
[2m2025-10-13T01:05:30.108739Z[0m [32m INFO[0m [2mort::logging[0m[2m:[0m Removing initializer 'onnx::Conv_1488'. It is no longer used by any node.
[2m2025-10-13T01:05:30.108748Z[0m [32m INFO[0m [2mort::logging[0m[2m:[0m Removing initializer 'onnx::Conv_1344'. It is no longer used by any node.
[2m2025-10-13T01:05:30.108756Z[0m [32m INFO[0m [2mort::logging[0m[2m:[0m Removing initializer 'onnx::Conv_1491'. It is no longer used by any node.
[2m2025-10-13T01:05:30.108765Z[0m [32m INFO[0m [2mort::logging[0m[2m:[0m Removing initializer 'onnx::Conv_1383'. It is no longer used by any node.
[2m2025-10-13T01:05:30.108774Z[0m [32m INFO[0m [2mort::logging[0m[2m:[0m Removing initializer 'onnx::Conv_1497'. It is no longer used by any node.
[2m2025-10-13T01:05:30.108783Z[0m [32m INFO[0m [2mort::logging[0m[2m:[0m Removing initializer 'onnx::Conv_1332'. It is no longer used by any node.
[2m2025-10-13T01:05:30.108799Z[0m [32m INFO[0m [2mort::logging[0m[2m:[0m Removing initializer 'onnx::Conv_1500'. It is no longer used by any node.
[2m2025-10-13T01:05:30.108808Z[0m [32m INFO[0m [2mort::logging[0m[2m:[0m Removing initializer 'onnx::Conv_1494'. It is no longer used by any node.
[2m2025-10-13T01:05:30.108817Z[0m [32m INFO[0m [2mort::logging[0m[2m:[0m Removing initializer 'onnx::Conv_1503'. It is no longer used by any node.
[2m2025-10-13T01:05:30.108826Z[0m [32m INFO[0m [2mort::logging[0m[2m:[0m Removing initializer 'onnx::Conv_1506'. It is no longer used by any node.
[2m2025-10-13T01:05:30.108835Z[0m [32m INFO[0m [2mort::logging[0m[2m:[0m Removing initializer 'onnx::Conv_1518'. It is no longer used by any node.
[2m2025-10-13T01:05:30.108844Z[0m [32m INFO[0m [2mort::logging[0m[2m:[0m Removing initializer 'onnx::Conv_1521'. It is no longer used by any node.
[2m2025-10-13T01:05:30.108852Z[0m [32m INFO[0m [2mort::logging[0m[2m:[0m Removing initializer 'onnx::Conv_1524'. It is no longer used by any node.
[2m2025-10-13T01:05:30.108861Z[0m [32m INFO[0m [2mort::logging[0m[2m:[0m Removing initializer 'onnx::Conv_1530'. It is no longer used by any node.
[2m2025-10-13T01:05:30.108870Z[0m [32m INFO[0m [2mort::logging[0m[2m:[0m Removing initializer 'onnx::Conv_1533'. It is no longer used by any node.
[2m2025-10-13T01:05:30.108879Z[0m [32m INFO[0m [2mort::logging[0m[2m:[0m Removing initializer 'model.22.cv3.1.2.bias'. It is no longer used by any node.
[2m2025-10-13T01:05:30.108889Z[0m [32m INFO[0m [2mort::logging[0m[2m:[0m Removing initializer 'onnx::Conv_1536'. It is no longer used by any node.
[2m2025-10-13T01:05:30.108897Z[0m [32m INFO[0m [2mort::logging[0m[2m:[0m Removing initializer 'onnx::Conv_1452'. It is no longer used by any node.
[2m2025-10-13T01:05:30.108906Z[0m [32m INFO[0m [2mort::logging[0m[2m:[0m Removing initializer 'onnx::Conv_1398'. It is no longer used by any node.
[2m2025-10-13T01:05:30.108927Z[0m [32m INFO[0m [2mort::logging[0m[2m:[0m Removing initializer 'onnx::Conv_1410'. It is no longer used by any node.
[2m2025-10-13T01:05:30.108936Z[0m [32m INFO[0m [2mort::logging[0m[2m:[0m Removing initializer 'onnx::Conv_1407'. It is no longer used by any node.
[2m2025-10-13T01:05:30.110034Z[0m [32m INFO[0m [2mort::logging[0m[2m:[0m GraphTransformer NhwcTransformer modified: 0 with status: OK
[2m2025-10-13T01:05:30.110266Z[0m [32m INFO[0m [2mort::logging[0m[2m:[0m GraphTransformer ConvAddActivationFusion modified: 0 with status: OK
[2m2025-10-13T01:05:30.110416Z[0m [32m INFO[0m [2mort::logging[0m[2m:[0m GraphTransformer NchwcTransformer modified: 0 with status: OK
[2m2025-10-13T01:05:30.110780Z[0m [32m INFO[0m [2mort::logging[0m[2m:[0m GraphTransformer NhwcTransformer modified: 0 with status: OK
[2m2025-10-13T01:05:30.111003Z[0m [32m INFO[0m [2mort::logging[0m[2m:[0m GraphTransformer ConvAddActivationFusion modified: 0 with status: OK
[2m2025-10-13T01:05:30.111438Z[0m [32m INFO[0m [2mort::logging[0m[2m:[0m GraphTransformer RemoveDuplicateCastTransformer modified: 0 with status: OK
[2m2025-10-13T01:05:30.111457Z[0m [32m INFO[0m [2mort::logging[0m[2m:[0m GraphTransformer CastFloat16Transformer modified: 0 with status: OK
[2m2025-10-13T01:05:30.111471Z[0m [32m INFO[0m [2mort::logging[0m[2m:[0m GraphTransformer MemcpyTransformer modified: 0 with status: OK
[2m2025-10-13T01:05:30.112530Z[0m [32m INFO[0m [2mort::logging[0m[2m:[0m Use DeviceBasedPartition as default
[2m2025-10-13T01:05:30.152139Z[0m [32m INFO[0m [2mort::logging[0m[2m:[0m Saving initialized tensors.
[2m2025-10-13T01:05:30.152212Z[0m [32m INFO[0m [2mort::logging[0m[2m:[0m Extending BFCArena for Cpu. bin_num:0 (requested) num_bytes: 192 (actual) rounded_bytes:256
[2m2025-10-13T01:05:30.152227Z[0m [32m INFO[0m [2mort::logging[0m[2m:[0m Extended allocation by 1048576 bytes.
[2m2025-10-13T01:05:30.152236Z[0m [32m INFO[0m [2mort::logging[0m[2m:[0m Total allocated bytes: 1048576
[2m2025-10-13T01:05:30.152257Z[0m [32m INFO[0m [2mort::logging[0m[2m:[0m Allocated memory at 0x60a5ec746140 to 0x60a5ec846140
[2m2025-10-13T01:05:30.152278Z[0m [32m INFO[0m [2mort::logging[0m[2m:[0m Extending BFCArena for Cpu. bin_num:13 (requested) num_bytes: 2654208 (actual) rounded_bytes:2654208
[2m2025-10-13T01:05:30.152291Z[0m [32m INFO[0m [2mort::logging[0m[2m:[0m Extended allocation by 4194304 bytes.
[2m2025-10-13T01:05:30.152299Z[0m [32m INFO[0m [2mort::logging[0m[2m:[0m Total allocated bytes: 5242880
[2m2025-10-13T01:05:30.152307Z[0m [32m INFO[0m [2mort::logging[0m[2m:[0m Allocated memory at 0x60a5e5778bc0 to 0x60a5e5b78bc0
[2m2025-10-13T01:05:30.152649Z[0m [32m INFO[0m [2mort::logging[0m[2m:[0m Extending BFCArena for Cpu. bin_num:11 (requested) num_bytes: 884736 (actual) rounded_bytes:884736
[2m2025-10-13T01:05:30.152676Z[0m [32m INFO[0m [2mort::logging[0m[2m:[0m Extended allocation by 4194304 bytes.
[2m2025-10-13T01:05:30.152684Z[0m [32m INFO[0m [2mort::logging[0m[2m:[0m Total allocated bytes: 9437184
[2m2025-10-13T01:05:30.152692Z[0m [32m INFO[0m [2mort::logging[0m[2m:[0m Allocated memory at 0x60a5e7508dc0 to 0x60a5e7908dc0
[2m2025-10-13T01:05:30.153105Z[0m [32m INFO[0m [2mort::logging[0m[2m:[0m Extending BFCArena for Cpu. bin_num:1 (requested) num_bytes: 768 (actual) rounded_bytes:768
[2m2025-10-13T01:05:30.153128Z[0m [32m INFO[0m [2mort::logging[0m[2m:[0m Extended allocation by 8388608 bytes.
[2m2025-10-13T01:05:30.153136Z[0m [32m INFO[0m [2mort::logging[0m[2m:[0m Total allocated bytes: 17825792
[2m2025-10-13T01:05:30.153144Z[0m [32m INFO[0m [2mort::logging[0m[2m:[0m Allocated memory at 0x60a5e7908e00 to 0x60a5e8108e00
[2m2025-10-13T01:05:30.154003Z[0m [32m INFO[0m [2mort::logging[0m[2m:[0m Extending BFCArena for Cpu. bin_num:1 (requested) num_bytes: 768 (actual) rounded_bytes:768
[2m2025-10-13T01:05:30.154033Z[0m [32m INFO[0m [2mort::logging[0m[2m:[0m Extended allocation by 16777216 bytes.
[2m2025-10-13T01:05:30.154042Z[0m [32m INFO[0m [2mort::logging[0m[2m:[0m Total allocated bytes: 34603008
[2m2025-10-13T01:05:30.154050Z[0m [32m INFO[0m [2mort::logging[0m[2m:[0m Allocated memory at 0x60a5e8a58e80 to 0x60a5e9a58e80
[2m2025-10-13T01:05:30.155830Z[0m [32m INFO[0m [2mort::logging[0m[2m:[0m Extending BFCArena for Cpu. bin_num:11 (requested) num_bytes: 589824 (actual) rounded_bytes:589824
[2m2025-10-13T01:05:30.155857Z[0m [32m INFO[0m [2mort::logging[0m[2m:[0m Extended allocation by 33554432 bytes.
[2m2025-10-13T01:05:30.155866Z[0m [32m INFO[0m [2mort::logging[0m[2m:[0m Total allocated bytes: 68157440
[2m2025-10-13T01:05:30.155874Z[0m [32m INFO[0m [2mort::logging[0m[2m:[0m Allocated memory at 0x60a5e9a58ec0 to 0x60a5eba58ec0
[2m2025-10-13T01:05:30.159182Z[0m [32m INFO[0m [2mort::logging[0m[2m:[0m Extending BFCArena for Cpu. bin_num:0 (requested) num_bytes: 32 (actual) rounded_bytes:256
[2m2025-10-13T01:05:30.159244Z[0m [32m INFO[0m [2mort::logging[0m[2m:[0m Extended allocation by 67108864 bytes.
[2m2025-10-13T01:05:30.159256Z[0m [32m INFO[0m [2mort::logging[0m[2m:[0m Total allocated bytes: 135266304
[2m2025-10-13T01:05:30.159264Z[0m [32m INFO[0m [2mort::logging[0m[2m:[0m Allocated memory at 0x715abbfff040 to 0x715abffff040
[2m2025-10-13T01:05:30.191906Z[0m [32m INFO[0m [2mort::logging[0m[2m:[0m Done saving initialized tensors
[2m2025-10-13T01:05:30.193468Z[0m [32m INFO[0m [2mort::logging[0m[2m:[0m Session successfully initialized.
[2m2025-10-13T01:05:30.193576Z[0m [32m INFO[0m [2mlum_rust_ws::domains::qr::rust_qreader[0m[2m:[0m ✅ RustQReader ONNX session initialized for Medium model
[2m2025-10-13T01:05:30.193631Z[0m [32m INFO[0m [2mlum_rust_ws::processing::qr_detection[0m[2m:[0m ✅ ONNX Medium model initialized successfully
[2m2025-10-13T01:05:30.193656Z[0m [32m INFO[0m [2mlum_rust_ws[0m[2m:[0m 🤖 ONNX ML models initialized for enhanced QR detection
[2m2025-10-13T01:05:30.198906Z[0m [32m INFO[0m [2mlum_rust_ws[0m[2m:[0m listening on 0.0.0.0:8000
[2m2025-10-13T01:07:18.506243Z[0m [31mERROR[0m [2mlum_rust_ws::middleware::auth[0m[2m:[0m JWT validation failed: InvalidSignature
[2m2025-10-13T01:08:53.337245Z[0m [32m INFO[0m [2mlum_rust_ws::api::auth_v4[0m[2m:[0m 🔐 Processing user login request [3mrequest_id[0m[2m=[0mc83477a1-e74f-473d-8be1-d59b775fe7c6 [3memail[0m[2m=[0mtest@example.com [3mremember_me[0m[2m=[0mfalse
[2m2025-10-13T01:08:54.272738Z[0m [33m WARN[0m [2mlum_rust_ws::api::auth_v4[0m[2m:[0m ❌ Invalid password provided [3mrequest_id[0m[2m=[0mc83477a1-e74f-473d-8be1-d59b775fe7c6 [3memail[0m[2m=[0mtest@example.com
[2m2025-10-13T01:08:54.273311Z[0m [31mERROR[0m [2mtower_http::trace::on_failure[0m[2m:[0m response failed [3mclassification[0m[2m=[0mStatus code: 500 Internal Server Error [3mlatency[0m[2m=[0m936 ms
[2m2025-10-13T01:22:00.254072Z[0m [32m INFO[0m [2mlum_rust_ws::middleware::auth[0m[2m:[0m 🔐 JWT authentication successful [3muser_id[0m[2m=[0m1 [3memail[0m[2m=[0muser1@example.com
[2m2025-10-13T01:22:00.254312Z[0m [31mERROR[0m [2mtower_http::trace::on_failure[0m[2m:[0m response failed [3mclassification[0m[2m=[0mStatus code: 500 Internal Server Error [3mlatency[0m[2m=[0m0 ms
[2m2025-10-13T01:22:17.911704Z[0m [32m INFO[0m [2mlum_rust_ws::middleware::auth[0m[2m:[0m 🔐 JWT authentication successful [3muser_id[0m[2m=[0m1 [3memail[0m[2m=[0muser1@example.com
[2m2025-10-13T01:22:17.911856Z[0m [31mERROR[0m [2mtower_http::trace::on_failure[0m[2m:[0m response failed [3mclassification[0m[2m=[0mStatus code: 500 Internal Server Error [3mlatency[0m[2m=[0m0 ms
[2m2025-10-13T01:24:01.026211Z[0m [32m INFO[0m [2mlum_rust_ws[0m[2m:[0m signal received, starting graceful shutdown
