nohup: ignoring input
[2m2025-12-10T01:24:45.680783Z[0m [32m INFO[0m [2mlum_rust_ws[0m[2m:[0m 🚀 Tokio runtime configured with 8 worker threads
[2m2025-12-10T01:24:45.680828Z[0m [32m INFO[0m [2mlum_rust_ws::monitoring[0m[2m:[0m 🔍 Monitoring system initialized
[2m2025-12-10T01:24:45.680841Z[0m [32m INFO[0m [2mlum_rust_ws[0m[2m:[0m 🔍 Monitoring system initialized
[2m2025-12-10T01:24:45.680858Z[0m [32m INFO[0m [2mlum_rust_ws::optimization[0m[2m:[0m 🔧 Creating optimized database pool with 25 max connections
[2m2025-12-10T01:24:45.963040Z[0m [32m INFO[0m [2mlum_rust_ws::optimization[0m[2m:[0m ✅ Database pool created successfully
[2m2025-12-10T01:24:45.963110Z[0m [32m INFO[0m [2mlum_rust_ws::optimization[0m[2m:[0m 🔧 Creating optimized Redis client
[2m2025-12-10T01:24:45.963156Z[0m [32m INFO[0m [2mlum_rust_ws::optimization[0m[2m:[0m ✅ Redis client created successfully
[2m2025-12-10T01:24:46.151318Z[0m [32m INFO[0m [2mlum_rust_ws::cache[0m[2m:[0m 🔄 Started background cache cleanup task (interval: 300s)
[2m2025-12-10T01:24:46.151576Z[0m [32m INFO[0m [2mlum_rust_ws::domains::qr::service[0m[2m:[0m 🚀 Initializing optimized hybrid QR service (2-level cascade)
[2m2025-12-10T01:24:46.151639Z[0m [32m INFO[0m [2mlum_rust_ws::domains::qr::service[0m[2m:[0m 📊 Expected performance: 85% success with Rust (5-15ms), 12% with Python fallback (30-50ms)
[2m2025-12-10T01:24:46.151659Z[0m [32m INFO[0m [2mlum_rust_ws::shared::performance[0m[2m:[0m 🚀 Initializing PerformanceManager with advanced configuration
[2m2025-12-10T01:24:46.151682Z[0m [32m INFO[0m [2mlum_rust_ws::shared::performance[0m[2m:[0m 📊 QR Detection: 50 max concurrent
[2m2025-12-10T01:24:46.151690Z[0m [32m INFO[0m [2mlum_rust_ws::shared::performance[0m[2m:[0m 📊 OCR Processing: 20 max concurrent
[2m2025-12-10T01:24:46.151697Z[0m [32m INFO[0m [2mlum_rust_ws::shared::performance[0m[2m:[0m 📊 Webhook Processing: 100 max concurrent
[2m2025-12-10T01:24:46.151703Z[0m [32m INFO[0m [2mlum_rust_ws::shared::performance[0m[2m:[0m 📊 API Requests: 200 max concurrent
[2m2025-12-10T01:24:46.151761Z[0m [32m INFO[0m [2mlum_rust_ws::webhook::deduplication[0m[2m:[0m 🔄 MessageDeduplicator initialized with TTL: 300s, max_entries: 10000
[2m2025-12-10T01:24:46.151792Z[0m [32m INFO[0m [2mlum_rust_ws::shared::performance[0m[2m:[0m 🔥 Starting performance warm-up process...
[2m2025-12-10T01:24:46.153594Z[0m [32m INFO[0m [2mlum_rust_ws::shared::performance[0m[2m:[0m ✅ Database connection verified
[2m2025-12-10T01:24:46.154095Z[0m [32m INFO[0m [2mlum_rust_ws::shared::performance[0m[2m:[0m ✅ Redis connection verified
[2m2025-12-10T01:24:46.154260Z[0m [32m INFO[0m [2mlum_rust_ws::shared::performance[0m[2m:[0m 🔥 Performance warm-up completed
[2m2025-12-10T01:24:46.154329Z[0m [32m INFO[0m [2mlum_rust_ws::db::ws_pool[0m[2m:[0m 🔌 Connecting to WS database...
[2m2025-12-10T01:24:46.239849Z[0m [32m INFO[0m [2mlum_rust_ws::db::ws_pool[0m[2m:[0m ✅ WS database pool created successfully
[2m2025-12-10T01:24:46.239953Z[0m [32m INFO[0m [2mlum_rust_ws::state[0m[2m:[0m ✅ WS database pool initialized for ofertas
[2m2025-12-10T01:24:46.239967Z[0m [32m INFO[0m [2mlum_rust_ws::state[0m[2m:[0m ✅ DGI MEF tokens initialized (captcha: 804 chars, session: 24 chars)
[2m2025-12-10T01:24:46.239986Z[0m [32m INFO[0m [2mlum_rust_ws[0m[2m:[0m 🚀 Application state initialized with optimized configuration
[2m2025-12-10T01:24:46.240003Z[0m [32m INFO[0m [2mlum_rust_ws::domains::qr::rust_qreader[0m[2m:[0m 🔧 Initializing RustQReader with ONNX: "models/qreader_detector_small.onnx"
[2m2025-12-10T01:24:46.254086Z[0m [32m INFO[0m [2mort::logging[0m[2m:[0m Session Options {  execution_mode:0 execution_order:DEFAULT enable_profiling:0 optimized_model_filepath:"" enable_mem_pattern:1 enable_mem_reuse:1 enable_cpu_mem_arena:1 profile_file_prefix:onnxruntime_profile_ session_logid: session_log_severity_level:-1 session_log_verbosity_level:0 max_num_graph_transformation_steps:10 graph_optimization_level:3 intra_op_param:OrtThreadPoolParams { thread_pool_size: 0 auto_set_affinity: 0 allow_spinning: 1 dynamic_block_base_: 0 stack_size: 0 affinity_str:  set_denormal_as_zero: 0 } inter_op_param:OrtThreadPoolParams { thread_pool_size: 0 auto_set_affinity: 0 allow_spinning: 1 dynamic_block_base_: 0 stack_size: 0 affinity_str:  set_denormal_as_zero: 0 } use_per_session_threads:1 thread_pool_allow_spinning:1 use_deterministic_compute:0 ep_selection_policy:0 config_options: {  } }
[2m2025-12-10T01:24:46.254155Z[0m [32m INFO[0m [2mort::logging[0m[2m:[0m Flush-to-zero and denormal-as-zero are off
[2m2025-12-10T01:24:46.254164Z[0m [32m INFO[0m [2mort::logging[0m[2m:[0m Creating and using per session threadpools since use_per_session_threads_ is true
[2m2025-12-10T01:24:46.254173Z[0m [32m INFO[0m [2mort::logging[0m[2m:[0m Dynamic block base set to 0
[2m2025-12-10T01:24:46.447366Z[0m [32m INFO[0m [2mort::logging[0m[2m:[0m Initializing session.
[2m2025-12-10T01:24:46.447428Z[0m [32m INFO[0m [2mort::logging[0m[2m:[0m Adding default CPU execution provider.
[2m2025-12-10T01:24:46.447455Z[0m [32m INFO[0m [2mort::logging[0m[2m:[0m Creating BFCArena for Cpu with following configs: initial_chunk_size_bytes: 1048576 max_dead_bytes_per_chunk: 134217728 initial_growth_chunk_size_bytes: 2097152 max_power_of_two_extend_bytes: 1073741824 memory limit: 18446744073709551615 arena_extend_strategy: 0
[2m2025-12-10T01:24:46.449753Z[0m [32m INFO[0m [2mort::logging[0m[2m:[0m This model does not have any local functions defined. AOT Inlining is not performed
[2m2025-12-10T01:24:46.449906Z[0m [32m INFO[0m [2mort::logging[0m[2m:[0m GraphTransformer EnsureUniqueDQForNodeUnit modified: 0 with status: OK
[2m2025-12-10T01:24:46.450098Z[0m [32m INFO[0m [2mort::logging[0m[2m:[0m GraphTransformer Level1_RuleBasedTransformer modified: 1 with status: OK
[2m2025-12-10T01:24:46.452027Z[0m [32m INFO[0m [2mort::logging[0m[2m:[0m Removing initializer '/model.22/Constant_61_output_0'. It is no longer used by any node.
[2m2025-12-10T01:24:46.452063Z[0m [32m INFO[0m [2mort::logging[0m[2m:[0m Removing initializer '/model.18/Constant_4_output_0'. It is no longer used by any node.
[2m2025-12-10T01:24:46.452070Z[0m [32m INFO[0m [2mort::logging[0m[2m:[0m Removing initializer '/model.12/Constant_4_output_0'. It is no longer used by any node.
[2m2025-12-10T01:24:46.452077Z[0m [32m INFO[0m [2mort::logging[0m[2m:[0m Removing initializer '/model.4/Constant_4_output_0'. It is no longer used by any node.
[2m2025-12-10T01:24:46.452090Z[0m [32m INFO[0m [2mort::logging[0m[2m:[0m Removing initializer '/model.2/Constant_4_output_0'. It is no longer used by any node.
[2m2025-12-10T01:24:46.452096Z[0m [32m INFO[0m [2mort::logging[0m[2m:[0m Removing initializer '/model.6/Constant_4_output_0'. It is no longer used by any node.
[2m2025-12-10T01:24:46.452102Z[0m [32m INFO[0m [2mort::logging[0m[2m:[0m Removing initializer '/model.8/Constant_4_output_0'. It is no longer used by any node.
[2m2025-12-10T01:24:46.452107Z[0m [32m INFO[0m [2mort::logging[0m[2m:[0m Removing initializer '/model.15/Constant_4_output_0'. It is no longer used by any node.
[2m2025-12-10T01:24:46.452112Z[0m [32m INFO[0m [2mort::logging[0m[2m:[0m Removing initializer '/model.21/Constant_4_output_0'. It is no longer used by any node.
[2m2025-12-10T01:24:46.452259Z[0m [32m INFO[0m [2mort::logging[0m[2m:[0m GraphTransformer DoubleQDQPairsRemover modified: 0 with status: OK
[2m2025-12-10T01:24:46.452582Z[0m [32m INFO[0m [2mort::logging[0m[2m:[0m Total shared scalar initializer count: 92
[2m2025-12-10T01:24:46.452617Z[0m [32m INFO[0m [2mort::logging[0m[2m:[0m GraphTransformer ConstantSharing modified: 1 with status: OK
[2m2025-12-10T01:24:46.454781Z[0m [32m INFO[0m [2mort::logging[0m[2m:[0m GraphTransformer CommonSubexpressionElimination modified: 1 with status: OK
[2m2025-12-10T01:24:46.456847Z[0m [32m INFO[0m [2mort::logging[0m[2m:[0m GraphTransformer ConstantFolding modified: 1 with status: OK
[2m2025-12-10T01:24:46.458616Z[0m [32m INFO[0m [2mort::logging[0m[2m:[0m Removing initializer '/model.22/Split_output_0'. It is no longer used by any node.
[2m2025-12-10T01:24:46.458645Z[0m [32m INFO[0m [2mort::logging[0m[2m:[0m Removing initializer '/model.22/Split_output_1'. It is no longer used by any node.
[2m2025-12-10T01:24:46.458663Z[0m [32m INFO[0m [2mort::logging[0m[2m:[0m Removing initializer '/model.22/Constant_14_output_0'. It is no longer used by any node.
[2m2025-12-10T01:24:46.458670Z[0m [32m INFO[0m [2mort::logging[0m[2m:[0m Removing initializer '/model.22/Split_output_2'. It is no longer used by any node.
[2m2025-12-10T01:24:46.458844Z[0m [32m INFO[0m [2mort::logging[0m[2m:[0m GraphTransformer MatMulAddFusion modified: 0 with status: OK
[2m2025-12-10T01:24:46.458961Z[0m [32m INFO[0m [2mort::logging[0m[2m:[0m Fused reshape node: /model.22/dfl/Reshape_output_0
[2m2025-12-10T01:24:46.458984Z[0m [32m INFO[0m [2mort::logging[0m[2m:[0m Fused reshape node: /model.22/Reshape_18_output_0
[2m2025-12-10T01:24:46.458994Z[0m [32m INFO[0m [2mort::logging[0m[2m:[0m Fused reshape node: /model.22/Reshape_19_output_0
[2m2025-12-10T01:24:46.459003Z[0m [32m INFO[0m [2mort::logging[0m[2m:[0m Fused reshape node: /model.22/Reshape_13_output_0
[2m2025-12-10T01:24:46.459011Z[0m [32m INFO[0m [2mort::logging[0m[2m:[0m Fused reshape node: /model.22/Reshape_14_output_0
[2m2025-12-10T01:24:46.459020Z[0m [32m INFO[0m [2mort::logging[0m[2m:[0m Fused reshape node: /model.22/Reshape_8_output_0
[2m2025-12-10T01:24:46.459028Z[0m [32m INFO[0m [2mort::logging[0m[2m:[0m Fused reshape node: /model.22/Reshape_9_output_0
[2m2025-12-10T01:24:46.459037Z[0m [32m INFO[0m [2mort::logging[0m[2m:[0m Total fused reshape node count: 7
[2m2025-12-10T01:24:46.459042Z[0m [32m INFO[0m [2mort::logging[0m[2m:[0m GraphTransformer ReshapeFusion modified: 1 with status: OK
[2m2025-12-10T01:24:46.460770Z[0m [32m INFO[0m [2mort::logging[0m[2m:[0m Removing initializer '/model.22/dfl/Constant_3_output_0'. It is no longer used by any node.
[2m2025-12-10T01:24:46.460857Z[0m [32m INFO[0m [2mort::logging[0m[2m:[0m GraphTransformer FreeDimensionOverrideTransformer modified: 0 with status: OK
[2m2025-12-10T01:24:46.460878Z[0m [32m INFO[0m [2mort::logging[0m[2m:[0m GraphTransformer GeluFusionL1 modified: 0 with status: OK
[2m2025-12-10T01:24:46.460885Z[0m [32m INFO[0m [2mort::logging[0m[2m:[0m GraphTransformer LayerNormFusionL1 modified: 0 with status: OK
[2m2025-12-10T01:24:46.461009Z[0m [32m INFO[0m [2mort::logging[0m[2m:[0m GraphTransformer QDQPropagationTransformer modified: 0 with status: OK
[2m2025-12-10T01:24:46.461136Z[0m [32m INFO[0m [2mort::logging[0m[2m:[0m GraphTransformer WeightBiasQuantization modified: 0 with status: OK
[2m2025-12-10T01:24:46.461239Z[0m [32m INFO[0m [2mort::logging[0m[2m:[0m GraphTransformer EnsureUniqueDQForNodeUnit modified: 0 with status: OK
[2m2025-12-10T01:24:46.461329Z[0m [32m INFO[0m [2mort::logging[0m[2m:[0m GraphTransformer RocmBlasAltImpl modified: 0 with status: OK
[2m2025-12-10T01:24:46.461757Z[0m [32m INFO[0m [2mort::logging[0m[2m:[0m GraphTransformer TransposeOptimizer modified: 0 with status: OK
[2m2025-12-10T01:24:46.461922Z[0m [32m INFO[0m [2mort::logging[0m[2m:[0m GraphTransformer Level1_RuleBasedTransformer modified: 0 with status: OK
[2m2025-12-10T01:24:46.462006Z[0m [32m INFO[0m [2mort::logging[0m[2m:[0m GraphTransformer DoubleQDQPairsRemover modified: 0 with status: OK
[2m2025-12-10T01:24:46.462357Z[0m [32m INFO[0m [2mort::logging[0m[2m:[0m GraphTransformer CommonSubexpressionElimination modified: 0 with status: OK
[2m2025-12-10T01:24:46.462507Z[0m [32m INFO[0m [2mort::logging[0m[2m:[0m GraphTransformer ConstantFolding modified: 0 with status: OK
[2m2025-12-10T01:24:46.462593Z[0m [32m INFO[0m [2mort::logging[0m[2m:[0m GraphTransformer MatMulAddFusion modified: 0 with status: OK
[2m2025-12-10T01:24:46.462703Z[0m [32m INFO[0m [2mort::logging[0m[2m:[0m GraphTransformer ReshapeFusion modified: 0 with status: OK
[2m2025-12-10T01:24:46.462713Z[0m [32m INFO[0m [2mort::logging[0m[2m:[0m GraphTransformer FreeDimensionOverrideTransformer modified: 0 with status: OK
[2m2025-12-10T01:24:46.462718Z[0m [32m INFO[0m [2mort::logging[0m[2m:[0m GraphTransformer GeluFusionL1 modified: 0 with status: OK
[2m2025-12-10T01:24:46.462723Z[0m [32m INFO[0m [2mort::logging[0m[2m:[0m GraphTransformer LayerNormFusionL1 modified: 0 with status: OK
[2m2025-12-10T01:24:46.531044Z[0m [32m INFO[0m [2mort::logging[0m[2m:[0m GraphTransformer QDQPropagationTransformer modified: 0 with status: OK
[2m2025-12-10T01:24:46.531248Z[0m [32m INFO[0m [2mort::logging[0m[2m:[0m GraphTransformer WeightBiasQuantization modified: 0 with status: OK
[2m2025-12-10T01:24:46.531337Z[0m [32m INFO[0m [2mort::logging[0m[2m:[0m GraphTransformer EnsureUniqueDQForNodeUnit modified: 0 with status: OK
[2m2025-12-10T01:24:46.531416Z[0m [32m INFO[0m [2mort::logging[0m[2m:[0m GraphTransformer RocmBlasAltImpl modified: 0 with status: OK
[2m2025-12-10T01:24:46.532406Z[0m [32m INFO[0m [2mort::logging[0m[2m:[0m GraphTransformer Level2_RuleBasedTransformer modified: 0 with status: OK
[2m2025-12-10T01:24:46.532879Z[0m [32m INFO[0m [2mort::logging[0m[2m:[0m GraphTransformer TransposeOptimizer_CPUExecutionProvider modified: 0 with status: OK
[2m2025-12-10T01:24:46.532981Z[0m [32m INFO[0m [2mort::logging[0m[2m:[0m GraphTransformer QDQS8ToU8Transformer modified: 0 with status: OK
[2m2025-12-10T01:24:46.533186Z[0m [32m INFO[0m [2mort::logging[0m[2m:[0m GraphTransformer QDQSelectorActionTransformer modified: 0 with status: OK
[2m2025-12-10T01:24:46.533269Z[0m [32m INFO[0m [2mort::logging[0m[2m:[0m GraphTransformer GemmActivationFusion modified: 0 with status: OK
[2m2025-12-10T01:24:46.533380Z[0m [32m INFO[0m [2mort::logging[0m[2m:[0m GraphTransformer MatMulIntegerToFloatFusion modified: 0 with status: OK
[2m2025-12-10T01:24:46.533461Z[0m [32m INFO[0m [2mort::logging[0m[2m:[0m GraphTransformer DynamicQuantizeMatMulFusion modified: 0 with status: OK
[2m2025-12-10T01:24:46.533585Z[0m [32m INFO[0m [2mort::logging[0m[2m:[0m GraphTransformer ConvActivationFusion modified: 0 with status: OK
[2m2025-12-10T01:24:46.533696Z[0m [32m INFO[0m [2mort::logging[0m[2m:[0m GraphTransformer GeluFusionL2 modified: 0 with status: OK
[2m2025-12-10T01:24:46.533797Z[0m [32m INFO[0m [2mort::logging[0m[2m:[0m GraphTransformer LayerNormFusionL2 modified: 0 with status: OK
[2m2025-12-10T01:24:46.533871Z[0m [32m INFO[0m [2mort::logging[0m[2m:[0m GraphTransformer SimplifiedLayerNormFusion modified: 0 with status: OK
[2m2025-12-10T01:24:46.533968Z[0m [32m INFO[0m [2mort::logging[0m[2m:[0m GraphTransformer AttentionFusion modified: 0 with status: OK
[2m2025-12-10T01:24:46.534046Z[0m [32m INFO[0m [2mort::logging[0m[2m:[0m GraphTransformer EmbedLayerNormFusion modified: 0 with status: OK
[2m2025-12-10T01:24:46.534053Z[0m [32m INFO[0m [2mort::logging[0m[2m:[0m GraphTransformer GatherSliceToSplitFusion modified: 0 with status: OK
[2m2025-12-10T01:24:46.534122Z[0m [32m INFO[0m [2mort::logging[0m[2m:[0m GraphTransformer GatherToSliceFusion modified: 0 with status: OK
[2m2025-12-10T01:24:46.534206Z[0m [32m INFO[0m [2mort::logging[0m[2m:[0m GraphTransformer MatmulTransposeFusion modified: 0 with status: OK
[2m2025-12-10T01:24:46.534296Z[0m [32m INFO[0m [2mort::logging[0m[2m:[0m GraphTransformer BiasGeluFusion modified: 0 with status: OK
[2m2025-12-10T01:24:46.534380Z[0m [32m INFO[0m [2mort::logging[0m[2m:[0m GraphTransformer GroupQueryAttentionFusion modified: 0 with status: OK
[2m2025-12-10T01:24:46.534465Z[0m [32m INFO[0m [2mort::logging[0m[2m:[0m GraphTransformer SkipLayerNormFusion modified: 0 with status: OK
[2m2025-12-10T01:24:46.534596Z[0m [32m INFO[0m [2mort::logging[0m[2m:[0m GraphTransformer FastGeluFusion modified: 0 with status: OK
[2m2025-12-10T01:24:46.534948Z[0m [32m INFO[0m [2mort::logging[0m[2m:[0m GraphTransformer QuickGeluFusion modified: 1 with status: OK
[2m2025-12-10T01:24:46.536871Z[0m [32m INFO[0m [2mort::logging[0m[2m:[0m GraphTransformer BiasSoftmaxFusion modified: 0 with status: OK
[2m2025-12-10T01:24:46.536961Z[0m [32m INFO[0m [2mort::logging[0m[2m:[0m GraphTransformer BiasDropoutFusion modified: 0 with status: OK
[2m2025-12-10T01:24:46.537046Z[0m [32m INFO[0m [2mort::logging[0m[2m:[0m GraphTransformer MatMulScaleFusion modified: 0 with status: OK
[2m2025-12-10T01:24:46.537111Z[0m [32m INFO[0m [2mort::logging[0m[2m:[0m GraphTransformer MatMulActivationFusion modified: 0 with status: OK
[2m2025-12-10T01:24:46.537219Z[0m [32m INFO[0m [2mort::logging[0m[2m:[0m GraphTransformer MatMulNBitsFusion modified: 0 with status: OK
[2m2025-12-10T01:24:46.537293Z[0m [32m INFO[0m [2mort::logging[0m[2m:[0m GraphTransformer QDQFinalCleanupTransformer modified: 0 with status: OK
[2m2025-12-10T01:24:46.537361Z[0m [32m INFO[0m [2mort::logging[0m[2m:[0m GraphTransformer Level2_RuleBasedTransformer modified: 0 with status: OK
[2m2025-12-10T01:24:46.537433Z[0m [32m INFO[0m [2mort::logging[0m[2m:[0m GraphTransformer QDQS8ToU8Transformer modified: 0 with status: OK
[2m2025-12-10T01:24:46.537592Z[0m [32m INFO[0m [2mort::logging[0m[2m:[0m GraphTransformer QDQSelectorActionTransformer modified: 0 with status: OK
[2m2025-12-10T01:24:46.537685Z[0m [32m INFO[0m [2mort::logging[0m[2m:[0m GraphTransformer GemmActivationFusion modified: 0 with status: OK
[2m2025-12-10T01:24:46.537778Z[0m [32m INFO[0m [2mort::logging[0m[2m:[0m GraphTransformer MatMulIntegerToFloatFusion modified: 0 with status: OK
[2m2025-12-10T01:24:46.537847Z[0m [32m INFO[0m [2mort::logging[0m[2m:[0m GraphTransformer DynamicQuantizeMatMulFusion modified: 0 with status: OK
[2m2025-12-10T01:24:46.537963Z[0m [32m INFO[0m [2mort::logging[0m[2m:[0m GraphTransformer ConvActivationFusion modified: 0 with status: OK
[2m2025-12-10T01:24:46.538208Z[0m [32m INFO[0m [2mort::logging[0m[2m:[0m GraphTransformer GeluFusionL2 modified: 0 with status: OK
[2m2025-12-10T01:24:46.538287Z[0m [32m INFO[0m [2mort::logging[0m[2m:[0m GraphTransformer LayerNormFusionL2 modified: 0 with status: OK
[2m2025-12-10T01:24:46.538365Z[0m [32m INFO[0m [2mort::logging[0m[2m:[0m GraphTransformer SimplifiedLayerNormFusion modified: 0 with status: OK
[2m2025-12-10T01:24:46.538430Z[0m [32m INFO[0m [2mort::logging[0m[2m:[0m GraphTransformer AttentionFusion modified: 0 with status: OK
[2m2025-12-10T01:24:46.538495Z[0m [32m INFO[0m [2mort::logging[0m[2m:[0m GraphTransformer EmbedLayerNormFusion modified: 0 with status: OK
[2m2025-12-10T01:24:46.538508Z[0m [32m INFO[0m [2mort::logging[0m[2m:[0m GraphTransformer GatherSliceToSplitFusion modified: 0 with status: OK
[2m2025-12-10T01:24:46.538568Z[0m [32m INFO[0m [2mort::logging[0m[2m:[0m GraphTransformer GatherToSliceFusion modified: 0 with status: OK
[2m2025-12-10T01:24:46.538655Z[0m [32m INFO[0m [2mort::logging[0m[2m:[0m GraphTransformer MatmulTransposeFusion modified: 0 with status: OK
[2m2025-12-10T01:24:46.538732Z[0m [32m INFO[0m [2mort::logging[0m[2m:[0m GraphTransformer BiasGeluFusion modified: 0 with status: OK
[2m2025-12-10T01:24:46.538829Z[0m [32m INFO[0m [2mort::logging[0m[2m:[0m GraphTransformer GroupQueryAttentionFusion modified: 0 with status: OK
[2m2025-12-10T01:24:46.538896Z[0m [32m INFO[0m [2mort::logging[0m[2m:[0m GraphTransformer SkipLayerNormFusion modified: 0 with status: OK
[2m2025-12-10T01:24:46.538974Z[0m [32m INFO[0m [2mort::logging[0m[2m:[0m GraphTransformer FastGeluFusion modified: 0 with status: OK
[2m2025-12-10T01:24:46.539051Z[0m [32m INFO[0m [2mort::logging[0m[2m:[0m GraphTransformer QuickGeluFusion modified: 0 with status: OK
[2m2025-12-10T01:24:46.539132Z[0m [32m INFO[0m [2mort::logging[0m[2m:[0m GraphTransformer BiasSoftmaxFusion modified: 0 with status: OK
[2m2025-12-10T01:24:46.539196Z[0m [32m INFO[0m [2mort::logging[0m[2m:[0m GraphTransformer BiasDropoutFusion modified: 0 with status: OK
[2m2025-12-10T01:24:46.539274Z[0m [32m INFO[0m [2mort::logging[0m[2m:[0m GraphTransformer MatMulScaleFusion modified: 0 with status: OK
[2m2025-12-10T01:24:46.539340Z[0m [32m INFO[0m [2mort::logging[0m[2m:[0m GraphTransformer MatMulActivationFusion modified: 0 with status: OK
[2m2025-12-10T01:24:46.539429Z[0m [32m INFO[0m [2mort::logging[0m[2m:[0m GraphTransformer MatMulNBitsFusion modified: 0 with status: OK
[2m2025-12-10T01:24:46.539502Z[0m [32m INFO[0m [2mort::logging[0m[2m:[0m GraphTransformer QDQFinalCleanupTransformer modified: 0 with status: OK
[2m2025-12-10T01:24:46.743693Z[0m [32m INFO[0m [2mort::logging[0m[2m:[0m GraphTransformer NchwcTransformer modified: 1 with status: OK
[2m2025-12-10T01:24:46.748352Z[0m [32m INFO[0m [2mort::logging[0m[2m:[0m Removing initializer 'onnx::Conv_1144'. It is no longer used by any node.
[2m2025-12-10T01:24:46.748399Z[0m [32m INFO[0m [2mort::logging[0m[2m:[0m Removing initializer 'onnx::Conv_1210'. It is no longer used by any node.
[2m2025-12-10T01:24:46.748411Z[0m [32m INFO[0m [2mort::logging[0m[2m:[0m Removing initializer 'onnx::Conv_1198'. It is no longer used by any node.
[2m2025-12-10T01:24:46.748420Z[0m [32m INFO[0m [2mort::logging[0m[2m:[0m Removing initializer 'onnx::Conv_1207'. It is no longer used by any node.
[2m2025-12-10T01:24:46.748429Z[0m [32m INFO[0m [2mort::logging[0m[2m:[0m Removing initializer 'onnx::Conv_1258'. It is no longer used by any node.
[2m2025-12-10T01:24:46.748437Z[0m [32m INFO[0m [2mort::logging[0m[2m:[0m Removing initializer 'onnx::Conv_1228'. It is no longer used by any node.
[2m2025-12-10T01:24:46.748444Z[0m [32m INFO[0m [2mort::logging[0m[2m:[0m Removing initializer 'onnx::Conv_1168'. It is no longer used by any node.
[2m2025-12-10T01:24:46.748453Z[0m [32m INFO[0m [2mort::logging[0m[2m:[0m Removing initializer 'onnx::Conv_1156'. It is no longer used by any node.
[2m2025-12-10T01:24:46.748462Z[0m [32m INFO[0m [2mort::logging[0m[2m:[0m Removing initializer 'onnx::Conv_1141'. It is no longer used by any node.
[2m2025-12-10T01:24:46.748471Z[0m [32m INFO[0m [2mort::logging[0m[2m:[0m Removing initializer 'onnx::Conv_1132'. It is no longer used by any node.
[2m2025-12-10T01:24:46.748480Z[0m [32m INFO[0m [2mort::logging[0m[2m:[0m Removing initializer 'onnx::Conv_1138'. It is no longer used by any node.
[2m2025-12-10T01:24:46.748488Z[0m [32m INFO[0m [2mort::logging[0m[2m:[0m Removing initializer 'onnx::Conv_1267'. It is no longer used by any node.
[2m2025-12-10T01:24:46.748497Z[0m [32m INFO[0m [2mort::logging[0m[2m:[0m Removing initializer 'onnx::Conv_1090'. It is no longer used by any node.
[2m2025-12-10T01:24:46.748506Z[0m [32m INFO[0m [2mort::logging[0m[2m:[0m Removing initializer 'onnx::Conv_1162'. It is no longer used by any node.
[2m2025-12-10T01:24:46.748515Z[0m [32m INFO[0m [2mort::logging[0m[2m:[0m Removing initializer 'model.22.cv3.1.2.bias'. It is no longer used by any node.
[2m2025-12-10T01:24:46.748525Z[0m [32m INFO[0m [2mort::logging[0m[2m:[0m Removing initializer 'model.22.cv4.2.2.weight'. It is no longer used by any node.
[2m2025-12-10T01:24:46.748534Z[0m [32m INFO[0m [2mort::logging[0m[2m:[0m Removing initializer 'onnx::Conv_1189'. It is no longer used by any node.
[2m2025-12-10T01:24:46.748545Z[0m [32m INFO[0m [2mort::logging[0m[2m:[0m Removing initializer 'onnx::Conv_1192'. It is no longer used by any node.
[2m2025-12-10T01:24:46.748554Z[0m [32m INFO[0m [2mort::logging[0m[2m:[0m Removing initializer 'onnx::Conv_1177'. It is no longer used by any node.
[2m2025-12-10T01:24:46.748563Z[0m [32m INFO[0m [2mort::logging[0m[2m:[0m Removing initializer 'onnx::Conv_1240'. It is no longer used by any node.
[2m2025-12-10T01:24:46.748591Z[0m [32m INFO[0m [2mort::logging[0m[2m:[0m Removing initializer 'model.22.cv4.1.2.weight'. It is no longer used by any node.
[2m2025-12-10T01:24:46.748619Z[0m [32m INFO[0m [2mort::logging[0m[2m:[0m Removing initializer 'onnx::Conv_1153'. It is no longer used by any node.
[2m2025-12-10T01:24:46.748635Z[0m [32m INFO[0m [2mort::logging[0m[2m:[0m Removing initializer 'onnx::Conv_1135'. It is no longer used by any node.
[2m2025-12-10T01:24:46.748645Z[0m [32m INFO[0m [2mort::logging[0m[2m:[0m Removing initializer 'onnx::Conv_1096'. It is no longer used by any node.
[2m2025-12-10T01:24:46.748654Z[0m [32m INFO[0m [2mort::logging[0m[2m:[0m Removing initializer 'onnx::Conv_1147'. It is no longer used by any node.
[2m2025-12-10T01:24:46.748663Z[0m [32m INFO[0m [2mort::logging[0m[2m:[0m Removing initializer 'onnx::Conv_1099'. It is no longer used by any node.
[2m2025-12-10T01:24:46.748672Z[0m [32m INFO[0m [2mort::logging[0m[2m:[0m Removing initializer 'model.22.cv4.0.2.weight'. It is no longer used by any node.
[2m2025-12-10T01:24:46.748681Z[0m [32m INFO[0m [2mort::logging[0m[2m:[0m Removing initializer 'onnx::Conv_1123'. It is no longer used by any node.
[2m2025-12-10T01:24:46.748690Z[0m [32m INFO[0m [2mort::logging[0m[2m:[0m Removing initializer 'model.22.dfl.conv.weight'. It is no longer used by any node.
[2m2025-12-10T01:24:46.748700Z[0m [32m INFO[0m [2mort::logging[0m[2m:[0m Removing initializer 'onnx::Conv_1186'. It is no longer used by any node.
[2m2025-12-10T01:24:46.748707Z[0m [32m INFO[0m [2mort::logging[0m[2m:[0m Removing initializer 'onnx::Conv_1120'. It is no longer used by any node.
[2m2025-12-10T01:24:46.748713Z[0m [32m INFO[0m [2mort::logging[0m[2m:[0m Removing initializer 'onnx::Conv_1180'. It is no longer used by any node.
[2m2025-12-10T01:24:46.748718Z[0m [32m INFO[0m [2mort::logging[0m[2m:[0m Removing initializer 'model.22.cv3.1.2.weight'. It is no longer used by any node.
[2m2025-12-10T01:24:46.748724Z[0m [32m INFO[0m [2mort::logging[0m[2m:[0m Removing initializer 'onnx::Conv_1102'. It is no longer used by any node.
[2m2025-12-10T01:24:46.748732Z[0m [32m INFO[0m [2mort::logging[0m[2m:[0m Removing initializer 'model.22.cv3.0.2.bias'. It is no longer used by any node.
[2m2025-12-10T01:24:46.748755Z[0m [32m INFO[0m [2mort::logging[0m[2m:[0m Removing initializer 'onnx::Conv_1225'. It is no longer used by any node.
[2m2025-12-10T01:24:46.748765Z[0m [32m INFO[0m [2mort::logging[0m[2m:[0m Removing initializer 'onnx::Conv_1255'. It is no longer used by any node.
[2m2025-12-10T01:24:46.748774Z[0m [32m INFO[0m [2mort::logging[0m[2m:[0m Removing initializer 'model.22.cv3.0.2.weight'. It is no longer used by any node.
[2m2025-12-10T01:24:46.748783Z[0m [32m INFO[0m [2mort::logging[0m[2m:[0m Removing initializer 'onnx::Conv_1159'. It is no longer used by any node.
[2m2025-12-10T01:24:46.748790Z[0m [32m INFO[0m [2mort::logging[0m[2m:[0m Removing initializer 'onnx::Conv_1231'. It is no longer used by any node.
[2m2025-12-10T01:24:46.748798Z[0m [32m INFO[0m [2mort::logging[0m[2m:[0m Removing initializer 'onnx::Conv_1081'. It is no longer used by any node.
[2m2025-12-10T01:24:46.748807Z[0m [32m INFO[0m [2mort::logging[0m[2m:[0m Removing initializer 'onnx::Conv_1111'. It is no longer used by any node.
[2m2025-12-10T01:24:46.748816Z[0m [32m INFO[0m [2mort::logging[0m[2m:[0m Removing initializer 'onnx::Conv_1078'. It is no longer used by any node.
[2m2025-12-10T01:24:46.748824Z[0m [32m INFO[0m [2mort::logging[0m[2m:[0m Removing initializer 'model.22.cv3.2.2.bias'. It is no longer used by any node.
[2m2025-12-10T01:24:46.748833Z[0m [32m INFO[0m [2mort::logging[0m[2m:[0m Removing initializer 'onnx::Conv_1129'. It is no longer used by any node.
[2m2025-12-10T01:24:46.748841Z[0m [32m INFO[0m [2mort::logging[0m[2m:[0m Removing initializer 'onnx::Conv_1093'. It is no longer used by any node.
[2m2025-12-10T01:24:46.748861Z[0m [32m INFO[0m [2mort::logging[0m[2m:[0m Removing initializer 'onnx::Conv_1204'. It is no longer used by any node.
[2m2025-12-10T01:24:46.748870Z[0m [32m INFO[0m [2mort::logging[0m[2m:[0m Removing initializer 'model.22.cv2.0.2.weight'. It is no longer used by any node.
[2m2025-12-10T01:24:46.748880Z[0m [32m INFO[0m [2mort::logging[0m[2m:[0m Removing initializer 'onnx::Conv_1165'. It is no longer used by any node.
[2m2025-12-10T01:24:46.748889Z[0m [32m INFO[0m [2mort::logging[0m[2m:[0m Removing initializer 'onnx::Conv_1213'. It is no longer used by any node.
[2m2025-12-10T01:24:46.748896Z[0m [32m INFO[0m [2mort::logging[0m[2m:[0m Removing initializer 'onnx::Conv_1105'. It is no longer used by any node.
[2m2025-12-10T01:24:46.748905Z[0m [32m INFO[0m [2mort::logging[0m[2m:[0m Removing initializer 'onnx::Conv_1108'. It is no longer used by any node.
[2m2025-12-10T01:24:46.748916Z[0m [32m INFO[0m [2mort::logging[0m[2m:[0m Removing initializer 'onnx::Conv_1126'. It is no longer used by any node.
[2m2025-12-10T01:24:46.748926Z[0m [32m INFO[0m [2mort::logging[0m[2m:[0m Removing initializer 'model.22.cv2.2.2.weight'. It is no longer used by any node.
[2m2025-12-10T01:24:46.748935Z[0m [32m INFO[0m [2mort::logging[0m[2m:[0m Removing initializer 'onnx::Conv_1084'. It is no longer used by any node.
[2m2025-12-10T01:24:46.748944Z[0m [32m INFO[0m [2mort::logging[0m[2m:[0m Removing initializer 'onnx::Conv_1234'. It is no longer used by any node.
[2m2025-12-10T01:24:46.748953Z[0m [32m INFO[0m [2mort::logging[0m[2m:[0m Removing initializer 'onnx::Conv_1246'. It is no longer used by any node.
[2m2025-12-10T01:24:46.748961Z[0m [32m INFO[0m [2mort::logging[0m[2m:[0m Removing initializer 'onnx::Conv_1150'. It is no longer used by any node.
[2m2025-12-10T01:24:46.748971Z[0m [32m INFO[0m [2mort::logging[0m[2m:[0m Removing initializer 'onnx::Conv_1219'. It is no longer used by any node.
[2m2025-12-10T01:24:46.748979Z[0m [32m INFO[0m [2mort::logging[0m[2m:[0m Removing initializer 'onnx::Conv_1243'. It is no longer used by any node.
[2m2025-12-10T01:24:46.748988Z[0m [32m INFO[0m [2mort::logging[0m[2m:[0m Removing initializer 'onnx::Conv_1201'. It is no longer used by any node.
[2m2025-12-10T01:24:46.748998Z[0m [32m INFO[0m [2mort::logging[0m[2m:[0m Removing initializer 'onnx::Conv_1252'. It is no longer used by any node.
[2m2025-12-10T01:24:46.749007Z[0m [32m INFO[0m [2mort::logging[0m[2m:[0m Removing initializer 'onnx::Conv_1261'. It is no longer used by any node.
[2m2025-12-10T01:24:46.749016Z[0m [32m INFO[0m [2mort::logging[0m[2m:[0m Removing initializer 'onnx::Conv_1264'. It is no longer used by any node.
[2m2025-12-10T01:24:46.749026Z[0m [32m INFO[0m [2mort::logging[0m[2m:[0m Removing initializer 'onnx::Conv_1075'. It is no longer used by any node.
[2m2025-12-10T01:24:46.749035Z[0m [32m INFO[0m [2mort::logging[0m[2m:[0m Removing initializer 'onnx::Conv_1270'. It is no longer used by any node.
[2m2025-12-10T01:24:46.749044Z[0m [32m INFO[0m [2mort::logging[0m[2m:[0m Removing initializer 'onnx::Conv_1237'. It is no longer used by any node.
[2m2025-12-10T01:24:46.749052Z[0m [32m INFO[0m [2mort::logging[0m[2m:[0m Removing initializer 'onnx::Conv_1183'. It is no longer used by any node.
[2m2025-12-10T01:24:46.749062Z[0m [32m INFO[0m [2mort::logging[0m[2m:[0m Removing initializer 'model.22.cv3.2.2.weight'. It is no longer used by any node.
[2m2025-12-10T01:24:46.749071Z[0m [32m INFO[0m [2mort::logging[0m[2m:[0m Removing initializer 'onnx::Conv_1174'. It is no longer used by any node.
[2m2025-12-10T01:24:46.749079Z[0m [32m INFO[0m [2mort::logging[0m[2m:[0m Removing initializer 'onnx::Conv_1171'. It is no longer used by any node.
[2m2025-12-10T01:24:46.749088Z[0m [32m INFO[0m [2mort::logging[0m[2m:[0m Removing initializer 'onnx::Conv_1249'. It is no longer used by any node.
[2m2025-12-10T01:24:46.749104Z[0m [32m INFO[0m [2mort::logging[0m[2m:[0m Removing initializer 'onnx::Conv_1117'. It is no longer used by any node.
[2m2025-12-10T01:24:46.749113Z[0m [32m INFO[0m [2mort::logging[0m[2m:[0m Removing initializer 'onnx::Conv_1216'. It is no longer used by any node.
[2m2025-12-10T01:24:46.749123Z[0m [32m INFO[0m [2mort::logging[0m[2m:[0m Removing initializer 'onnx::Conv_1222'. It is no longer used by any node.
[2m2025-12-10T01:24:46.749134Z[0m [32m INFO[0m [2mort::logging[0m[2m:[0m Removing initializer 'onnx::Conv_1114'. It is no longer used by any node.
[2m2025-12-10T01:24:46.749143Z[0m [32m INFO[0m [2mort::logging[0m[2m:[0m Removing initializer 'onnx::Conv_1087'. It is no longer used by any node.
[2m2025-12-10T01:24:46.749152Z[0m [32m INFO[0m [2mort::logging[0m[2m:[0m Removing initializer 'onnx::Conv_1195'. It is no longer used by any node.
[2m2025-12-10T01:24:46.749161Z[0m [32m INFO[0m [2mort::logging[0m[2m:[0m Removing initializer 'model.22.cv2.1.2.weight'. It is no longer used by any node.
[2m2025-12-10T01:24:46.756318Z[0m [32m INFO[0m [2mort::logging[0m[2m:[0m GraphTransformer NhwcTransformer modified: 0 with status: OK
[2m2025-12-10T01:24:46.756500Z[0m [32m INFO[0m [2mort::logging[0m[2m:[0m GraphTransformer ConvAddActivationFusion modified: 0 with status: OK
[2m2025-12-10T01:24:46.756640Z[0m [32m INFO[0m [2mort::logging[0m[2m:[0m GraphTransformer NchwcTransformer modified: 0 with status: OK
[2m2025-12-10T01:24:46.756952Z[0m [32m INFO[0m [2mort::logging[0m[2m:[0m GraphTransformer NhwcTransformer modified: 0 with status: OK
[2m2025-12-10T01:24:46.757107Z[0m [32m INFO[0m [2mort::logging[0m[2m:[0m GraphTransformer ConvAddActivationFusion modified: 0 with status: OK
[2m2025-12-10T01:24:46.757478Z[0m [32m INFO[0m [2mort::logging[0m[2m:[0m GraphTransformer RemoveDuplicateCastTransformer modified: 0 with status: OK
[2m2025-12-10T01:24:46.757493Z[0m [32m INFO[0m [2mort::logging[0m[2m:[0m GraphTransformer CastFloat16Transformer modified: 0 with status: OK
[2m2025-12-10T01:24:46.757503Z[0m [32m INFO[0m [2mort::logging[0m[2m:[0m GraphTransformer MemcpyTransformer modified: 0 with status: OK
[2m2025-12-10T01:24:46.758467Z[0m [32m INFO[0m [2mort::logging[0m[2m:[0m Use DeviceBasedPartition as default
[2m2025-12-10T01:24:46.931982Z[0m [32m INFO[0m [2mort::logging[0m[2m:[0m Saving initialized tensors.
[2m2025-12-10T01:24:46.932152Z[0m [32m INFO[0m [2mort::logging[0m[2m:[0m Extending BFCArena for Cpu. bin_num:0 (requested) num_bytes: 128 (actual) rounded_bytes:256
[2m2025-12-10T01:24:46.932180Z[0m [32m INFO[0m [2mort::logging[0m[2m:[0m Extended allocation by 1048576 bytes.
[2m2025-12-10T01:24:46.932188Z[0m [32m INFO[0m [2mort::logging[0m[2m:[0m Total allocated bytes: 1048576
[2m2025-12-10T01:24:46.932194Z[0m [32m INFO[0m [2mort::logging[0m[2m:[0m Allocated memory at 0x5e7f0be74d00 to 0x5e7f0bf74d00
[2m2025-12-10T01:24:46.932238Z[0m [32m INFO[0m [2mort::logging[0m[2m:[0m Extending BFCArena for Cpu. bin_num:13 (requested) num_bytes: 2359296 (actual) rounded_bytes:2359296
[2m2025-12-10T01:24:46.932304Z[0m [32m INFO[0m [2mort::logging[0m[2m:[0m Extended allocation by 4194304 bytes.
[2m2025-12-10T01:24:46.932338Z[0m [32m INFO[0m [2mort::logging[0m[2m:[0m Total allocated bytes: 5242880
[2m2025-12-10T01:24:46.932359Z[0m [32m INFO[0m [2mort::logging[0m[2m:[0m Allocated memory at 0x5e7f0bf74d40 to 0x5e7f0c374d40
[2m2025-12-10T01:24:46.934507Z[0m [32m INFO[0m [2mort::logging[0m[2m:[0m Extending BFCArena for Cpu. bin_num:0 (requested) num_bytes: 32 (actual) rounded_bytes:256
[2m2025-12-10T01:24:46.934570Z[0m [32m INFO[0m [2mort::logging[0m[2m:[0m Extended allocation by 4194304 bytes.
[2m2025-12-10T01:24:46.934583Z[0m [32m INFO[0m [2mort::logging[0m[2m:[0m Total allocated bytes: 9437184
[2m2025-12-10T01:24:46.934592Z[0m [32m INFO[0m [2mort::logging[0m[2m:[0m Allocated memory at 0x5e7f0c374d80 to 0x5e7f0c774d80
[2m2025-12-10T01:24:46.937328Z[0m [32m INFO[0m [2mort::logging[0m[2m:[0m Extending BFCArena for Cpu. bin_num:0 (requested) num_bytes: 128 (actual) rounded_bytes:256
[2m2025-12-10T01:24:46.937400Z[0m [32m INFO[0m [2mort::logging[0m[2m:[0m Extended allocation by 8388608 bytes.
[2m2025-12-10T01:24:46.937411Z[0m [32m INFO[0m [2mort::logging[0m[2m:[0m Total allocated bytes: 17825792
[2m2025-12-10T01:24:46.937420Z[0m [32m INFO[0m [2mort::logging[0m[2m:[0m Allocated memory at 0x782a4dffc040 to 0x782a4e7fc040
[2m2025-12-10T01:24:46.944447Z[0m [32m INFO[0m [2mort::logging[0m[2m:[0m Extending BFCArena for Cpu. bin_num:0 (requested) num_bytes: 16 (actual) rounded_bytes:256
[2m2025-12-10T01:24:46.944499Z[0m [32m INFO[0m [2mort::logging[0m[2m:[0m Extended allocation by 16777216 bytes.
[2m2025-12-10T01:24:46.944510Z[0m [32m INFO[0m [2mort::logging[0m[2m:[0m Total allocated bytes: 34603008
[2m2025-12-10T01:24:46.944517Z[0m [32m INFO[0m [2mort::logging[0m[2m:[0m Allocated memory at 0x782a4cffb040 to 0x782a4dffb040
[2m2025-12-10T01:24:46.957372Z[0m [32m INFO[0m [2mort::logging[0m[2m:[0m Extending BFCArena for Cpu. bin_num:6 (requested) num_bytes: 16384 (actual) rounded_bytes:16384
[2m2025-12-10T01:24:46.957428Z[0m [32m INFO[0m [2mort::logging[0m[2m:[0m Extended allocation by 33554432 bytes.
[2m2025-12-10T01:24:46.957439Z[0m [32m INFO[0m [2mort::logging[0m[2m:[0m Total allocated bytes: 68157440
[2m2025-12-10T01:24:46.957448Z[0m [32m INFO[0m [2mort::logging[0m[2m:[0m Allocated memory at 0x782a45fff040 to 0x782a47fff040
[2m2025-12-10T01:24:47.043519Z[0m [32m INFO[0m [2mort::logging[0m[2m:[0m Done saving initialized tensors
[2m2025-12-10T01:24:47.045574Z[0m [32m INFO[0m [2mort::logging[0m[2m:[0m Session successfully initialized.
[2m2025-12-10T01:24:47.045721Z[0m [32m INFO[0m [2mlum_rust_ws::domains::qr::rust_qreader[0m[2m:[0m ✅ RustQReader ONNX session initialized for Small model
[2m2025-12-10T01:24:47.045790Z[0m [32m INFO[0m [2mlum_rust_ws::processing::qr_detection[0m[2m:[0m ✅ ONNX Small model initialized successfully
[2m2025-12-10T01:24:47.045850Z[0m [32m INFO[0m [2mlum_rust_ws::domains::qr::rust_qreader[0m[2m:[0m 🔧 Initializing RustQReader with ONNX: "models/qreader_detector_medium.onnx"
[2m2025-12-10T01:24:47.045943Z[0m [32m INFO[0m [2mort::logging[0m[2m:[0m Session Options {  execution_mode:0 execution_order:DEFAULT enable_profiling:0 optimized_model_filepath:"" enable_mem_pattern:1 enable_mem_reuse:1 enable_cpu_mem_arena:1 profile_file_prefix:onnxruntime_profile_ session_logid: session_log_severity_level:-1 session_log_verbosity_level:0 max_num_graph_transformation_steps:10 graph_optimization_level:3 intra_op_param:OrtThreadPoolParams { thread_pool_size: 0 auto_set_affinity: 0 allow_spinning: 1 dynamic_block_base_: 0 stack_size: 0 affinity_str:  set_denormal_as_zero: 0 } inter_op_param:OrtThreadPoolParams { thread_pool_size: 0 auto_set_affinity: 0 allow_spinning: 1 dynamic_block_base_: 0 stack_size: 0 affinity_str:  set_denormal_as_zero: 0 } use_per_session_threads:1 thread_pool_allow_spinning:1 use_deterministic_compute:0 ep_selection_policy:0 config_options: {  } }
[2m2025-12-10T01:24:47.046008Z[0m [32m INFO[0m [2mort::logging[0m[2m:[0m Creating and using per session threadpools since use_per_session_threads_ is true
[2m2025-12-10T01:24:47.046070Z[0m [32m INFO[0m [2mort::logging[0m[2m:[0m Dynamic block base set to 0
[2m2025-12-10T01:24:47.436225Z[0m [32m INFO[0m [2mort::logging[0m[2m:[0m Initializing session.
[2m2025-12-10T01:24:47.436526Z[0m [32m INFO[0m [2mort::logging[0m[2m:[0m Adding default CPU execution provider.
[2m2025-12-10T01:24:47.436618Z[0m [32m INFO[0m [2mort::logging[0m[2m:[0m Creating BFCArena for Cpu with following configs: initial_chunk_size_bytes: 1048576 max_dead_bytes_per_chunk: 134217728 initial_growth_chunk_size_bytes: 2097152 max_power_of_two_extend_bytes: 1073741824 memory limit: 18446744073709551615 arena_extend_strategy: 0
[2m2025-12-10T01:24:47.436991Z[0m [32m INFO[0m [2mort::logging[0m[2m:[0m This model does not have any local functions defined. AOT Inlining is not performed
[2m2025-12-10T01:24:47.437136Z[0m [32m INFO[0m [2mort::logging[0m[2m:[0m GraphTransformer EnsureUniqueDQForNodeUnit modified: 0 with status: OK
[2m2025-12-10T01:24:47.437357Z[0m [32m INFO[0m [2mort::logging[0m[2m:[0m GraphTransformer Level1_RuleBasedTransformer modified: 1 with status: OK
[2m2025-12-10T01:24:47.439730Z[0m [32m INFO[0m [2mort::logging[0m[2m:[0m Removing initializer '/model.22/Constant_61_output_0'. It is no longer used by any node.
[2m2025-12-10T01:24:47.439840Z[0m [32m INFO[0m [2mort::logging[0m[2m:[0m Removing initializer '/model.8/Constant_4_output_0'. It is no longer used by any node.
[2m2025-12-10T01:24:47.439916Z[0m [32m INFO[0m [2mort::logging[0m[2m:[0m Removing initializer '/model.12/Constant_4_output_0'. It is no longer used by any node.
[2m2025-12-10T01:24:47.439986Z[0m [32m INFO[0m [2mort::logging[0m[2m:[0m Removing initializer '/model.6/Constant_4_output_0'. It is no longer used by any node.
[2m2025-12-10T01:24:47.440061Z[0m [32m INFO[0m [2mort::logging[0m[2m:[0m Removing initializer '/model.4/Constant_4_output_0'. It is no longer used by any node.
[2m2025-12-10T01:24:47.440130Z[0m [32m INFO[0m [2mort::logging[0m[2m:[0m Removing initializer '/model.18/Constant_4_output_0'. It is no longer used by any node.
[2m2025-12-10T01:24:47.440195Z[0m [32m INFO[0m [2mort::logging[0m[2m:[0m Removing initializer '/model.2/Constant_4_output_0'. It is no longer used by any node.
[2m2025-12-10T01:24:47.440266Z[0m [32m INFO[0m [2mort::logging[0m[2m:[0m Removing initializer '/model.15/Constant_4_output_0'. It is no longer used by any node.
[2m2025-12-10T01:24:47.440312Z[0m [32m INFO[0m [2mort::logging[0m[2m:[0m Removing initializer '/model.21/Constant_4_output_0'. It is no longer used by any node.
[2m2025-12-10T01:24:47.440697Z[0m [32m INFO[0m [2mort::logging[0m[2m:[0m GraphTransformer DoubleQDQPairsRemover modified: 0 with status: OK
[2m2025-12-10T01:24:47.441184Z[0m [32m INFO[0m [2mort::logging[0m[2m:[0m Total shared scalar initializer count: 92
[2m2025-12-10T01:24:47.441272Z[0m [32m INFO[0m [2mort::logging[0m[2m:[0m GraphTransformer ConstantSharing modified: 1 with status: OK
[2m2025-12-10T01:24:47.443989Z[0m [32m INFO[0m [2mort::logging[0m[2m:[0m GraphTransformer CommonSubexpressionElimination modified: 1 with status: OK
[2m2025-12-10T01:24:47.446382Z[0m [32m INFO[0m [2mort::logging[0m[2m:[0m GraphTransformer ConstantFolding modified: 1 with status: OK
[2m2025-12-10T01:24:47.448423Z[0m [32m INFO[0m [2mort::logging[0m[2m:[0m Removing initializer '/model.22/Split_output_2'. It is no longer used by any node.
[2m2025-12-10T01:24:47.448528Z[0m [32m INFO[0m [2mort::logging[0m[2m:[0m Removing initializer '/model.22/Split_output_1'. It is no longer used by any node.
[2m2025-12-10T01:24:47.448591Z[0m [32m INFO[0m [2mort::logging[0m[2m:[0m Removing initializer '/model.22/Constant_14_output_0'. It is no longer used by any node.
[2m2025-12-10T01:24:47.448692Z[0m [32m INFO[0m [2mort::logging[0m[2m:[0m Removing initializer '/model.22/Split_output_0'. It is no longer used by any node.
[2m2025-12-10T01:24:47.448946Z[0m [32m INFO[0m [2mort::logging[0m[2m:[0m GraphTransformer MatMulAddFusion modified: 0 with status: OK
[2m2025-12-10T01:24:47.449146Z[0m [32m INFO[0m [2mort::logging[0m[2m:[0m Fused reshape node: /model.22/dfl/Reshape_output_0
[2m2025-12-10T01:24:47.449235Z[0m [32m INFO[0m [2mort::logging[0m[2m:[0m Fused reshape node: /model.22/Reshape_18_output_0
[2m2025-12-10T01:24:47.449315Z[0m [32m INFO[0m [2mort::logging[0m[2m:[0m Fused reshape node: /model.22/Reshape_19_output_0
[2m2025-12-10T01:24:47.449395Z[0m [32m INFO[0m [2mort::logging[0m[2m:[0m Fused reshape node: /model.22/Reshape_13_output_0
[2m2025-12-10T01:24:47.449485Z[0m [32m INFO[0m [2mort::logging[0m[2m:[0m Fused reshape node: /model.22/Reshape_14_output_0
[2m2025-12-10T01:24:47.449555Z[0m [32m INFO[0m [2mort::logging[0m[2m:[0m Fused reshape node: /model.22/Reshape_8_output_0
[2m2025-12-10T01:24:47.449654Z[0m [32m INFO[0m [2mort::logging[0m[2m:[0m Fused reshape node: /model.22/Reshape_9_output_0
[2m2025-12-10T01:24:47.449748Z[0m [32m INFO[0m [2mort::logging[0m[2m:[0m Total fused reshape node count: 7
[2m2025-12-10T01:24:47.449820Z[0m [32m INFO[0m [2mort::logging[0m[2m:[0m GraphTransformer ReshapeFusion modified: 1 with status: OK
[2m2025-12-10T01:24:47.452916Z[0m [32m INFO[0m [2mort::logging[0m[2m:[0m Removing initializer '/model.22/dfl/Constant_3_output_0'. It is no longer used by any node.
[2m2025-12-10T01:24:47.453153Z[0m [32m INFO[0m [2mort::logging[0m[2m:[0m GraphTransformer FreeDimensionOverrideTransformer modified: 0 with status: OK
[2m2025-12-10T01:24:47.453293Z[0m [32m INFO[0m [2mort::logging[0m[2m:[0m GraphTransformer GeluFusionL1 modified: 0 with status: OK
[2m2025-12-10T01:24:47.453416Z[0m [32m INFO[0m [2mort::logging[0m[2m:[0m GraphTransformer LayerNormFusionL1 modified: 0 with status: OK
[2m2025-12-10T01:24:47.453769Z[0m [32m INFO[0m [2mort::logging[0m[2m:[0m GraphTransformer QDQPropagationTransformer modified: 0 with status: OK
[2m2025-12-10T01:24:47.454102Z[0m [32m INFO[0m [2mort::logging[0m[2m:[0m GraphTransformer WeightBiasQuantization modified: 0 with status: OK
[2m2025-12-10T01:24:47.454392Z[0m [32m INFO[0m [2mort::logging[0m[2m:[0m GraphTransformer EnsureUniqueDQForNodeUnit modified: 0 with status: OK
[2m2025-12-10T01:24:47.454697Z[0m [32m INFO[0m [2mort::logging[0m[2m:[0m GraphTransformer RocmBlasAltImpl modified: 0 with status: OK
[2m2025-12-10T01:24:47.455477Z[0m [32m INFO[0m [2mort::logging[0m[2m:[0m GraphTransformer TransposeOptimizer modified: 0 with status: OK
[2m2025-12-10T01:24:47.455895Z[0m [32m INFO[0m [2mort::logging[0m[2m:[0m GraphTransformer Level1_RuleBasedTransformer modified: 0 with status: OK
[2m2025-12-10T01:24:47.456182Z[0m [32m INFO[0m [2mort::logging[0m[2m:[0m GraphTransformer DoubleQDQPairsRemover modified: 0 with status: OK
[2m2025-12-10T01:24:47.457049Z[0m [32m INFO[0m [2mort::logging[0m[2m:[0m GraphTransformer CommonSubexpressionElimination modified: 0 with status: OK
[2m2025-12-10T01:24:47.457433Z[0m [32m INFO[0m [2mort::logging[0m[2m:[0m GraphTransformer ConstantFolding modified: 0 with status: OK
[2m2025-12-10T01:24:47.457753Z[0m [32m INFO[0m [2mort::logging[0m[2m:[0m GraphTransformer MatMulAddFusion modified: 0 with status: OK
[2m2025-12-10T01:24:47.458055Z[0m [32m INFO[0m [2mort::logging[0m[2m:[0m GraphTransformer ReshapeFusion modified: 0 with status: OK
[2m2025-12-10T01:24:47.458195Z[0m [32m INFO[0m [2mort::logging[0m[2m:[0m GraphTransformer FreeDimensionOverrideTransformer modified: 0 with status: OK
[2m2025-12-10T01:24:47.458249Z[0m [32m INFO[0m [2mort::logging[0m[2m:[0m GraphTransformer GeluFusionL1 modified: 0 with status: OK
[2m2025-12-10T01:24:47.458292Z[0m [32m INFO[0m [2mort::logging[0m[2m:[0m GraphTransformer LayerNormFusionL1 modified: 0 with status: OK
[2m2025-12-10T01:24:47.458440Z[0m [32m INFO[0m [2mort::logging[0m[2m:[0m GraphTransformer QDQPropagationTransformer modified: 0 with status: OK
[2m2025-12-10T01:24:47.458561Z[0m [32m INFO[0m [2mort::logging[0m[2m:[0m GraphTransformer WeightBiasQuantization modified: 0 with status: OK
[2m2025-12-10T01:24:47.458669Z[0m [32m INFO[0m [2mort::logging[0m[2m:[0m GraphTransformer EnsureUniqueDQForNodeUnit modified: 0 with status: OK
[2m2025-12-10T01:24:47.458771Z[0m [32m INFO[0m [2mort::logging[0m[2m:[0m GraphTransformer RocmBlasAltImpl modified: 0 with status: OK
[2m2025-12-10T01:24:47.459560Z[0m [32m INFO[0m [2mort::logging[0m[2m:[0m GraphTransformer Level2_RuleBasedTransformer modified: 0 with status: OK
[2m2025-12-10T01:24:47.459982Z[0m [32m INFO[0m [2mort::logging[0m[2m:[0m GraphTransformer TransposeOptimizer_CPUExecutionProvider modified: 0 with status: OK
[2m2025-12-10T01:24:47.460089Z[0m [32m INFO[0m [2mort::logging[0m[2m:[0m GraphTransformer QDQS8ToU8Transformer modified: 0 with status: OK
[2m2025-12-10T01:24:47.460368Z[0m [32m INFO[0m [2mort::logging[0m[2m:[0m GraphTransformer QDQSelectorActionTransformer modified: 0 with status: OK
[2m2025-12-10T01:24:47.460484Z[0m [32m INFO[0m [2mort::logging[0m[2m:[0m GraphTransformer GemmActivationFusion modified: 0 with status: OK
[2m2025-12-10T01:24:47.460590Z[0m [32m INFO[0m [2mort::logging[0m[2m:[0m GraphTransformer MatMulIntegerToFloatFusion modified: 0 with status: OK
[2m2025-12-10T01:24:47.460873Z[0m [32m INFO[0m [2mort::logging[0m[2m:[0m GraphTransformer DynamicQuantizeMatMulFusion modified: 0 with status: OK
[2m2025-12-10T01:24:47.461228Z[0m [32m INFO[0m [2mort::logging[0m[2m:[0m GraphTransformer ConvActivationFusion modified: 0 with status: OK
[2m2025-12-10T01:24:47.461521Z[0m [32m INFO[0m [2mort::logging[0m[2m:[0m GraphTransformer GeluFusionL2 modified: 0 with status: OK
[2m2025-12-10T01:24:47.461840Z[0m [32m INFO[0m [2mort::logging[0m[2m:[0m GraphTransformer LayerNormFusionL2 modified: 0 with status: OK
[2m2025-12-10T01:24:47.462036Z[0m [32m INFO[0m [2mort::logging[0m[2m:[0m GraphTransformer SimplifiedLayerNormFusion modified: 0 with status: OK
[2m2025-12-10T01:24:47.462263Z[0m [32m INFO[0m [2mort::logging[0m[2m:[0m GraphTransformer AttentionFusion modified: 0 with status: OK
[2m2025-12-10T01:24:47.462444Z[0m [32m INFO[0m [2mort::logging[0m[2m:[0m GraphTransformer EmbedLayerNormFusion modified: 0 with status: OK
[2m2025-12-10T01:24:47.462519Z[0m [32m INFO[0m [2mort::logging[0m[2m:[0m GraphTransformer GatherSliceToSplitFusion modified: 0 with status: OK
[2m2025-12-10T01:24:47.462692Z[0m [32m INFO[0m [2mort::logging[0m[2m:[0m GraphTransformer GatherToSliceFusion modified: 0 with status: OK
[2m2025-12-10T01:24:47.462899Z[0m [32m INFO[0m [2mort::logging[0m[2m:[0m GraphTransformer MatmulTransposeFusion modified: 0 with status: OK
[2m2025-12-10T01:24:47.463180Z[0m [32m INFO[0m [2mort::logging[0m[2m:[0m GraphTransformer BiasGeluFusion modified: 0 with status: OK
[2m2025-12-10T01:24:47.463456Z[0m [32m INFO[0m [2mort::logging[0m[2m:[0m GraphTransformer GroupQueryAttentionFusion modified: 0 with status: OK
[2m2025-12-10T01:24:47.531212Z[0m [32m INFO[0m [2mort::logging[0m[2m:[0m GraphTransformer SkipLayerNormFusion modified: 0 with status: OK
[2m2025-12-10T01:24:47.531844Z[0m [32m INFO[0m [2mort::logging[0m[2m:[0m GraphTransformer FastGeluFusion modified: 0 with status: OK
[2m2025-12-10T01:24:47.534406Z[0m [32m INFO[0m [2mort::logging[0m[2m:[0m GraphTransformer QuickGeluFusion modified: 1 with status: OK
[2m2025-12-10T01:24:47.537930Z[0m [32m INFO[0m [2mort::logging[0m[2m:[0m GraphTransformer BiasSoftmaxFusion modified: 0 with status: OK
[2m2025-12-10T01:24:47.538209Z[0m [32m INFO[0m [2mort::logging[0m[2m:[0m GraphTransformer BiasDropoutFusion modified: 0 with status: OK
[2m2025-12-10T01:24:47.538480Z[0m [32m INFO[0m [2mort::logging[0m[2m:[0m GraphTransformer MatMulScaleFusion modified: 0 with status: OK
[2m2025-12-10T01:24:47.538698Z[0m [32m INFO[0m [2mort::logging[0m[2m:[0m GraphTransformer MatMulActivationFusion modified: 0 with status: OK
[2m2025-12-10T01:24:47.538983Z[0m [32m INFO[0m [2mort::logging[0m[2m:[0m GraphTransformer MatMulNBitsFusion modified: 0 with status: OK
[2m2025-12-10T01:24:47.539220Z[0m [32m INFO[0m [2mort::logging[0m[2m:[0m GraphTransformer QDQFinalCleanupTransformer modified: 0 with status: OK
[2m2025-12-10T01:24:47.539472Z[0m [32m INFO[0m [2mort::logging[0m[2m:[0m GraphTransformer Level2_RuleBasedTransformer modified: 0 with status: OK
[2m2025-12-10T01:24:47.539752Z[0m [32m INFO[0m [2mort::logging[0m[2m:[0m GraphTransformer QDQS8ToU8Transformer modified: 0 with status: OK
[2m2025-12-10T01:24:47.540164Z[0m [32m INFO[0m [2mort::logging[0m[2m:[0m GraphTransformer QDQSelectorActionTransformer modified: 0 with status: OK
[2m2025-12-10T01:24:47.540408Z[0m [32m INFO[0m [2mort::logging[0m[2m:[0m GraphTransformer GemmActivationFusion modified: 0 with status: OK
[2m2025-12-10T01:24:47.540856Z[0m [32m INFO[0m [2mort::logging[0m[2m:[0m GraphTransformer MatMulIntegerToFloatFusion modified: 0 with status: OK
[2m2025-12-10T01:24:47.541112Z[0m [32m INFO[0m [2mort::logging[0m[2m:[0m GraphTransformer DynamicQuantizeMatMulFusion modified: 0 with status: OK
[2m2025-12-10T01:24:47.541457Z[0m [32m INFO[0m [2mort::logging[0m[2m:[0m GraphTransformer ConvActivationFusion modified: 0 with status: OK
[2m2025-12-10T01:24:47.541749Z[0m [32m INFO[0m [2mort::logging[0m[2m:[0m GraphTransformer GeluFusionL2 modified: 0 with status: OK
[2m2025-12-10T01:24:47.542008Z[0m [32m INFO[0m [2mort::logging[0m[2m:[0m GraphTransformer LayerNormFusionL2 modified: 0 with status: OK
[2m2025-12-10T01:24:47.542248Z[0m [32m INFO[0m [2mort::logging[0m[2m:[0m GraphTransformer SimplifiedLayerNormFusion modified: 0 with status: OK
[2m2025-12-10T01:24:47.542462Z[0m [32m INFO[0m [2mort::logging[0m[2m:[0m GraphTransformer AttentionFusion modified: 0 with status: OK
[2m2025-12-10T01:24:47.542691Z[0m [32m INFO[0m [2mort::logging[0m[2m:[0m GraphTransformer EmbedLayerNormFusion modified: 0 with status: OK
[2m2025-12-10T01:24:47.542715Z[0m [32m INFO[0m [2mort::logging[0m[2m:[0m GraphTransformer GatherSliceToSplitFusion modified: 0 with status: OK
[2m2025-12-10T01:24:47.542843Z[0m [32m INFO[0m [2mort::logging[0m[2m:[0m GraphTransformer GatherToSliceFusion modified: 0 with status: OK
[2m2025-12-10T01:24:47.542973Z[0m [32m INFO[0m [2mort::logging[0m[2m:[0m GraphTransformer MatmulTransposeFusion modified: 0 with status: OK
[2m2025-12-10T01:24:47.543093Z[0m [32m INFO[0m [2mort::logging[0m[2m:[0m GraphTransformer BiasGeluFusion modified: 0 with status: OK
[2m2025-12-10T01:24:47.543199Z[0m [32m INFO[0m [2mort::logging[0m[2m:[0m GraphTransformer GroupQueryAttentionFusion modified: 0 with status: OK
[2m2025-12-10T01:24:47.543309Z[0m [32m INFO[0m [2mort::logging[0m[2m:[0m GraphTransformer SkipLayerNormFusion modified: 0 with status: OK
[2m2025-12-10T01:24:47.543435Z[0m [32m INFO[0m [2mort::logging[0m[2m:[0m GraphTransformer FastGeluFusion modified: 0 with status: OK
[2m2025-12-10T01:24:47.543573Z[0m [32m INFO[0m [2mort::logging[0m[2m:[0m GraphTransformer QuickGeluFusion modified: 0 with status: OK
[2m2025-12-10T01:24:47.543724Z[0m [32m INFO[0m [2mort::logging[0m[2m:[0m GraphTransformer BiasSoftmaxFusion modified: 0 with status: OK
[2m2025-12-10T01:24:47.543851Z[0m [32m INFO[0m [2mort::logging[0m[2m:[0m GraphTransformer BiasDropoutFusion modified: 0 with status: OK
[2m2025-12-10T01:24:47.543998Z[0m [32m INFO[0m [2mort::logging[0m[2m:[0m GraphTransformer MatMulScaleFusion modified: 0 with status: OK
[2m2025-12-10T01:24:47.544122Z[0m [32m INFO[0m [2mort::logging[0m[2m:[0m GraphTransformer MatMulActivationFusion modified: 0 with status: OK
[2m2025-12-10T01:24:47.544295Z[0m [32m INFO[0m [2mort::logging[0m[2m:[0m GraphTransformer MatMulNBitsFusion modified: 0 with status: OK
[2m2025-12-10T01:24:47.544431Z[0m [32m INFO[0m [2mort::logging[0m[2m:[0m GraphTransformer QDQFinalCleanupTransformer modified: 0 with status: OK
[2m2025-12-10T01:24:48.149767Z[0m [32m INFO[0m [2mort::logging[0m[2m:[0m GraphTransformer NchwcTransformer modified: 1 with status: OK
[2m2025-12-10T01:24:48.153855Z[0m [32m INFO[0m [2mort::logging[0m[2m:[0m Removing initializer 'onnx::Conv_1320'. It is no longer used by any node.
[2m2025-12-10T01:24:48.153977Z[0m [32m INFO[0m [2mort::logging[0m[2m:[0m Removing initializer 'onnx::Conv_1437'. It is no longer used by any node.
[2m2025-12-10T01:24:48.154056Z[0m [32m INFO[0m [2mort::logging[0m[2m:[0m Removing initializer 'onnx::Conv_1431'. It is no longer used by any node.
[2m2025-12-10T01:24:48.154497Z[0m [32m INFO[0m [2mort::logging[0m[2m:[0m Removing initializer 'onnx::Conv_1425'. It is no longer used by any node.
[2m2025-12-10T01:24:48.154582Z[0m [32m INFO[0m [2mort::logging[0m[2m:[0m Removing initializer 'onnx::Conv_1479'. It is no longer used by any node.
[2m2025-12-10T01:24:48.154677Z[0m [32m INFO[0m [2mort::logging[0m[2m:[0m Removing initializer 'onnx::Conv_1419'. It is no longer used by any node.
[2m2025-12-10T01:24:48.154767Z[0m [32m INFO[0m [2mort::logging[0m[2m:[0m Removing initializer 'onnx::Conv_1401'. It is no longer used by any node.
[2m2025-12-10T01:24:48.154838Z[0m [32m INFO[0m [2mort::logging[0m[2m:[0m Removing initializer 'onnx::Conv_1281'. It is no longer used by any node.
[2m2025-12-10T01:24:48.154906Z[0m [32m INFO[0m [2mort::logging[0m[2m:[0m Removing initializer 'onnx::Conv_1434'. It is no longer used by any node.
[2m2025-12-10T01:24:48.154974Z[0m [32m INFO[0m [2mort::logging[0m[2m:[0m Removing initializer 'onnx::Conv_1395'. It is no longer used by any node.
[2m2025-12-10T01:24:48.155041Z[0m [32m INFO[0m [2mort::logging[0m[2m:[0m Removing initializer 'model.22.cv3.2.2.weight'. It is no longer used by any node.
[2m2025-12-10T01:24:48.155109Z[0m [32m INFO[0m [2mort::logging[0m[2m:[0m Removing initializer 'onnx::Conv_1371'. It is no longer used by any node.
[2m2025-12-10T01:24:48.155176Z[0m [32m INFO[0m [2mort::logging[0m[2m:[0m Removing initializer 'onnx::Conv_1389'. It is no longer used by any node.
[2m2025-12-10T01:24:48.155243Z[0m [32m INFO[0m [2mort::logging[0m[2m:[0m Removing initializer 'onnx::Conv_1386'. It is no longer used by any node.
[2m2025-12-10T01:24:48.155311Z[0m [32m INFO[0m [2mort::logging[0m[2m:[0m Removing initializer 'onnx::Conv_1380'. It is no longer used by any node.
[2m2025-12-10T01:24:48.155377Z[0m [32m INFO[0m [2mort::logging[0m[2m:[0m Removing initializer 'onnx::Conv_1413'. It is no longer used by any node.
[2m2025-12-10T01:24:48.155444Z[0m [32m INFO[0m [2mort::logging[0m[2m:[0m Removing initializer 'onnx::Conv_1290'. It is no longer used by any node.
[2m2025-12-10T01:24:48.155511Z[0m [32m INFO[0m [2mort::logging[0m[2m:[0m Removing initializer 'onnx::Conv_1365'. It is no longer used by any node.
[2m2025-12-10T01:24:48.155578Z[0m [32m INFO[0m [2mort::logging[0m[2m:[0m Removing initializer 'onnx::Conv_1368'. It is no longer used by any node.
[2m2025-12-10T01:24:48.155681Z[0m [32m INFO[0m [2mort::logging[0m[2m:[0m Removing initializer 'onnx::Conv_1359'. It is no longer used by any node.
[2m2025-12-10T01:24:48.155769Z[0m [32m INFO[0m [2mort::logging[0m[2m:[0m Removing initializer 'onnx::Conv_1404'. It is no longer used by any node.
[2m2025-12-10T01:24:48.155841Z[0m [32m INFO[0m [2mort::logging[0m[2m:[0m Removing initializer 'onnx::Conv_1356'. It is no longer used by any node.
[2m2025-12-10T01:24:48.155908Z[0m [32m INFO[0m [2mort::logging[0m[2m:[0m Removing initializer 'onnx::Conv_1350'. It is no longer used by any node.
[2m2025-12-10T01:24:48.155966Z[0m [32m INFO[0m [2mort::logging[0m[2m:[0m Removing initializer 'onnx::Conv_1341'. It is no longer used by any node.
[2m2025-12-10T01:24:48.156005Z[0m [32m INFO[0m [2mort::logging[0m[2m:[0m Removing initializer 'model.22.cv2.1.2.weight'. It is no longer used by any node.
[2m2025-12-10T01:24:48.156057Z[0m [32m INFO[0m [2mort::logging[0m[2m:[0m Removing initializer 'onnx::Conv_1392'. It is no longer used by any node.
[2m2025-12-10T01:24:48.156096Z[0m [32m INFO[0m [2mort::logging[0m[2m:[0m Removing initializer 'onnx::Conv_1485'. It is no longer used by any node.
[2m2025-12-10T01:24:48.156149Z[0m [32m INFO[0m [2mort::logging[0m[2m:[0m Removing initializer 'model.22.dfl.conv.weight'. It is no longer used by any node.
[2m2025-12-10T01:24:48.156188Z[0m [32m INFO[0m [2mort::logging[0m[2m:[0m Removing initializer 'model.22.cv4.1.2.weight'. It is no longer used by any node.
[2m2025-12-10T01:24:48.156250Z[0m [32m INFO[0m [2mort::logging[0m[2m:[0m Removing initializer 'onnx::Conv_1284'. It is no longer used by any node.
[2m2025-12-10T01:24:48.156311Z[0m [32m INFO[0m [2mort::logging[0m[2m:[0m Removing initializer 'onnx::Conv_1377'. It is no longer used by any node.
[2m2025-12-10T01:24:48.156342Z[0m [32m INFO[0m [2mort::logging[0m[2m:[0m Removing initializer 'onnx::Conv_1293'. It is no longer used by any node.
[2m2025-12-10T01:24:48.156399Z[0m [32m INFO[0m [2mort::logging[0m[2m:[0m Removing initializer 'model.22.cv3.0.2.bias'. It is no longer used by any node.
[2m2025-12-10T01:24:48.156431Z[0m [32m INFO[0m [2mort::logging[0m[2m:[0m Removing initializer 'onnx::Conv_1302'. It is no longer used by any node.
[2m2025-12-10T01:24:48.156489Z[0m [32m INFO[0m [2mort::logging[0m[2m:[0m Removing initializer 'onnx::Conv_1311'. It is no longer used by any node.
[2m2025-12-10T01:24:48.156519Z[0m [32m INFO[0m [2mort::logging[0m[2m:[0m Removing initializer 'onnx::Conv_1317'. It is no longer used by any node.
[2m2025-12-10T01:24:48.156577Z[0m [32m INFO[0m [2mort::logging[0m[2m:[0m Removing initializer 'model.22.cv3.1.2.weight'. It is no longer used by any node.
[2m2025-12-10T01:24:48.156625Z[0m [32m INFO[0m [2mort::logging[0m[2m:[0m Removing initializer 'onnx::Conv_1347'. It is no longer used by any node.
[2m2025-12-10T01:24:48.156693Z[0m [32m INFO[0m [2mort::logging[0m[2m:[0m Removing initializer 'onnx::Conv_1515'. It is no longer used by any node.
[2m2025-12-10T01:24:48.156770Z[0m [32m INFO[0m [2mort::logging[0m[2m:[0m Removing initializer 'model.22.cv2.2.2.weight'. It is no longer used by any node.
[2m2025-12-10T01:24:48.156803Z[0m [32m INFO[0m [2mort::logging[0m[2m:[0m Removing initializer 'onnx::Conv_1374'. It is no longer used by any node.
[2m2025-12-10T01:24:48.156831Z[0m [32m INFO[0m [2mort::logging[0m[2m:[0m Removing initializer 'model.22.cv3.0.2.weight'. It is no longer used by any node.
[2m2025-12-10T01:24:48.156864Z[0m [32m INFO[0m [2mort::logging[0m[2m:[0m Removing initializer 'onnx::Conv_1329'. It is no longer used by any node.
[2m2025-12-10T01:24:48.156916Z[0m [32m INFO[0m [2mort::logging[0m[2m:[0m Removing initializer 'model.22.cv3.2.2.bias'. It is no longer used by any node.
[2m2025-12-10T01:24:48.156955Z[0m [32m INFO[0m [2mort::logging[0m[2m:[0m Removing initializer 'onnx::Conv_1323'. It is no longer used by any node.
[2m2025-12-10T01:24:48.157007Z[0m [32m INFO[0m [2mort::logging[0m[2m:[0m Removing initializer 'onnx::Conv_1443'. It is no longer used by any node.
[2m2025-12-10T01:24:48.157016Z[0m [32m INFO[0m [2mort::logging[0m[2m:[0m Removing initializer 'onnx::Conv_1296'. It is no longer used by any node.
[2m2025-12-10T01:24:48.157021Z[0m [32m INFO[0m [2mort::logging[0m[2m:[0m Removing initializer 'onnx::Conv_1422'. It is no longer used by any node.
[2m2025-12-10T01:24:48.157026Z[0m [32m INFO[0m [2mort::logging[0m[2m:[0m Removing initializer 'onnx::Conv_1299'. It is no longer used by any node.
[2m2025-12-10T01:24:48.157031Z[0m [32m INFO[0m [2mort::logging[0m[2m:[0m Removing initializer 'onnx::Conv_1512'. It is no longer used by any node.
[2m2025-12-10T01:24:48.157037Z[0m [32m INFO[0m [2mort::logging[0m[2m:[0m Removing initializer 'onnx::Conv_1416'. It is no longer used by any node.
[2m2025-12-10T01:24:48.157041Z[0m [32m INFO[0m [2mort::logging[0m[2m:[0m Removing initializer 'onnx::Conv_1353'. It is no longer used by any node.
[2m2025-12-10T01:24:48.157046Z[0m [32m INFO[0m [2mort::logging[0m[2m:[0m Removing initializer 'onnx::Conv_1308'. It is no longer used by any node.
[2m2025-12-10T01:24:48.157051Z[0m [32m INFO[0m [2mort::logging[0m[2m:[0m Removing initializer 'onnx::Conv_1461'. It is no longer used by any node.
[2m2025-12-10T01:24:48.157056Z[0m [32m INFO[0m [2mort::logging[0m[2m:[0m Removing initializer 'onnx::Conv_1314'. It is no longer used by any node.
[2m2025-12-10T01:24:48.157066Z[0m [32m INFO[0m [2mort::logging[0m[2m:[0m Removing initializer 'onnx::Conv_1287'. It is no longer used by any node.
[2m2025-12-10T01:24:48.157071Z[0m [32m INFO[0m [2mort::logging[0m[2m:[0m Removing initializer 'onnx::Conv_1305'. It is no longer used by any node.
[2m2025-12-10T01:24:48.157076Z[0m [32m INFO[0m [2mort::logging[0m[2m:[0m Removing initializer 'onnx::Conv_1326'. It is no longer used by any node.
[2m2025-12-10T01:24:48.157081Z[0m [32m INFO[0m [2mort::logging[0m[2m:[0m Removing initializer 'onnx::Conv_1527'. It is no longer used by any node.
[2m2025-12-10T01:24:48.157086Z[0m [32m INFO[0m [2mort::logging[0m[2m:[0m Removing initializer 'model.22.cv2.0.2.weight'. It is no longer used by any node.
[2m2025-12-10T01:24:48.157092Z[0m [32m INFO[0m [2mort::logging[0m[2m:[0m Removing initializer 'onnx::Conv_1335'. It is no longer used by any node.
[2m2025-12-10T01:24:48.157096Z[0m [32m INFO[0m [2mort::logging[0m[2m:[0m Removing initializer 'model.22.cv4.0.2.weight'. It is no longer used by any node.
[2m2025-12-10T01:24:48.157101Z[0m [32m INFO[0m [2mort::logging[0m[2m:[0m Removing initializer 'onnx::Conv_1440'. It is no longer used by any node.
[2m2025-12-10T01:24:48.157107Z[0m [32m INFO[0m [2mort::logging[0m[2m:[0m Removing initializer 'onnx::Conv_1509'. It is no longer used by any node.
[2m2025-12-10T01:24:48.157112Z[0m [32m INFO[0m [2mort::logging[0m[2m:[0m Removing initializer 'onnx::Conv_1446'. It is no longer used by any node.
[2m2025-12-10T01:24:48.157118Z[0m [32m INFO[0m [2mort::logging[0m[2m:[0m Removing initializer 'onnx::Conv_1449'. It is no longer used by any node.
[2m2025-12-10T01:24:48.157122Z[0m [32m INFO[0m [2mort::logging[0m[2m:[0m Removing initializer 'onnx::Conv_1428'. It is no longer used by any node.
[2m2025-12-10T01:24:48.157127Z[0m [32m INFO[0m [2mort::logging[0m[2m:[0m Removing initializer 'onnx::Conv_1455'. It is no longer used by any node.
[2m2025-12-10T01:24:48.157132Z[0m [32m INFO[0m [2mort::logging[0m[2m:[0m Removing initializer 'onnx::Conv_1458'. It is no longer used by any node.
[2m2025-12-10T01:24:48.157137Z[0m [32m INFO[0m [2mort::logging[0m[2m:[0m Removing initializer 'onnx::Conv_1464'. It is no longer used by any node.
[2m2025-12-10T01:24:48.157142Z[0m [32m INFO[0m [2mort::logging[0m[2m:[0m Removing initializer 'onnx::Conv_1467'. It is no longer used by any node.
[2m2025-12-10T01:24:48.157146Z[0m [32m INFO[0m [2mort::logging[0m[2m:[0m Removing initializer 'onnx::Conv_1470'. It is no longer used by any node.
[2m2025-12-10T01:24:48.157151Z[0m [32m INFO[0m [2mort::logging[0m[2m:[0m Removing initializer 'model.22.cv4.2.2.weight'. It is no longer used by any node.
[2m2025-12-10T01:24:48.157157Z[0m [32m INFO[0m [2mort::logging[0m[2m:[0m Removing initializer 'onnx::Conv_1362'. It is no longer used by any node.
[2m2025-12-10T01:24:48.157161Z[0m [32m INFO[0m [2mort::logging[0m[2m:[0m Removing initializer 'onnx::Conv_1473'. It is no longer used by any node.
[2m2025-12-10T01:24:48.157166Z[0m [32m INFO[0m [2mort::logging[0m[2m:[0m Removing initializer 'onnx::Conv_1476'. It is no longer used by any node.
[2m2025-12-10T01:24:48.157171Z[0m [32m INFO[0m [2mort::logging[0m[2m:[0m Removing initializer 'onnx::Conv_1482'. It is no longer used by any node.
[2m2025-12-10T01:24:48.157176Z[0m [32m INFO[0m [2mort::logging[0m[2m:[0m Removing initializer 'onnx::Conv_1338'. It is no longer used by any node.
[2m2025-12-10T01:24:48.157180Z[0m [32m INFO[0m [2mort::logging[0m[2m:[0m Removing initializer 'onnx::Conv_1488'. It is no longer used by any node.
[2m2025-12-10T01:24:48.157185Z[0m [32m INFO[0m [2mort::logging[0m[2m:[0m Removing initializer 'onnx::Conv_1344'. It is no longer used by any node.
[2m2025-12-10T01:24:48.157190Z[0m [32m INFO[0m [2mort::logging[0m[2m:[0m Removing initializer 'onnx::Conv_1491'. It is no longer used by any node.
[2m2025-12-10T01:24:48.157195Z[0m [32m INFO[0m [2mort::logging[0m[2m:[0m Removing initializer 'onnx::Conv_1383'. It is no longer used by any node.
[2m2025-12-10T01:24:48.157204Z[0m [32m INFO[0m [2mort::logging[0m[2m:[0m Removing initializer 'onnx::Conv_1497'. It is no longer used by any node.
[2m2025-12-10T01:24:48.157209Z[0m [32m INFO[0m [2mort::logging[0m[2m:[0m Removing initializer 'onnx::Conv_1332'. It is no longer used by any node.
[2m2025-12-10T01:24:48.157213Z[0m [32m INFO[0m [2mort::logging[0m[2m:[0m Removing initializer 'onnx::Conv_1500'. It is no longer used by any node.
[2m2025-12-10T01:24:48.157218Z[0m [32m INFO[0m [2mort::logging[0m[2m:[0m Removing initializer 'onnx::Conv_1494'. It is no longer used by any node.
[2m2025-12-10T01:24:48.157223Z[0m [32m INFO[0m [2mort::logging[0m[2m:[0m Removing initializer 'onnx::Conv_1503'. It is no longer used by any node.
[2m2025-12-10T01:24:48.157228Z[0m [32m INFO[0m [2mort::logging[0m[2m:[0m Removing initializer 'onnx::Conv_1506'. It is no longer used by any node.
[2m2025-12-10T01:24:48.157233Z[0m [32m INFO[0m [2mort::logging[0m[2m:[0m Removing initializer 'onnx::Conv_1518'. It is no longer used by any node.
[2m2025-12-10T01:24:48.157237Z[0m [32m INFO[0m [2mort::logging[0m[2m:[0m Removing initializer 'onnx::Conv_1521'. It is no longer used by any node.
[2m2025-12-10T01:24:48.157242Z[0m [32m INFO[0m [2mort::logging[0m[2m:[0m Removing initializer 'onnx::Conv_1524'. It is no longer used by any node.
[2m2025-12-10T01:24:48.157247Z[0m [32m INFO[0m [2mort::logging[0m[2m:[0m Removing initializer 'onnx::Conv_1530'. It is no longer used by any node.
[2m2025-12-10T01:24:48.157252Z[0m [32m INFO[0m [2mort::logging[0m[2m:[0m Removing initializer 'onnx::Conv_1533'. It is no longer used by any node.
[2m2025-12-10T01:24:48.157256Z[0m [32m INFO[0m [2mort::logging[0m[2m:[0m Removing initializer 'model.22.cv3.1.2.bias'. It is no longer used by any node.
[2m2025-12-10T01:24:48.157262Z[0m [32m INFO[0m [2mort::logging[0m[2m:[0m Removing initializer 'onnx::Conv_1536'. It is no longer used by any node.
[2m2025-12-10T01:24:48.157266Z[0m [32m INFO[0m [2mort::logging[0m[2m:[0m Removing initializer 'onnx::Conv_1452'. It is no longer used by any node.
[2m2025-12-10T01:24:48.157271Z[0m [32m INFO[0m [2mort::logging[0m[2m:[0m Removing initializer 'onnx::Conv_1398'. It is no longer used by any node.
[2m2025-12-10T01:24:48.157276Z[0m [32m INFO[0m [2mort::logging[0m[2m:[0m Removing initializer 'onnx::Conv_1410'. It is no longer used by any node.
[2m2025-12-10T01:24:48.157281Z[0m [32m INFO[0m [2mort::logging[0m[2m:[0m Removing initializer 'onnx::Conv_1407'. It is no longer used by any node.
[2m2025-12-10T01:24:48.158414Z[0m [32m INFO[0m [2mort::logging[0m[2m:[0m GraphTransformer NhwcTransformer modified: 0 with status: OK
[2m2025-12-10T01:24:48.158692Z[0m [32m INFO[0m [2mort::logging[0m[2m:[0m GraphTransformer ConvAddActivationFusion modified: 0 with status: OK
[2m2025-12-10T01:24:48.231042Z[0m [32m INFO[0m [2mort::logging[0m[2m:[0m GraphTransformer NchwcTransformer modified: 0 with status: OK
[2m2025-12-10T01:24:48.231583Z[0m [32m INFO[0m [2mort::logging[0m[2m:[0m GraphTransformer NhwcTransformer modified: 0 with status: OK
[2m2025-12-10T01:24:48.231932Z[0m [32m INFO[0m [2mort::logging[0m[2m:[0m GraphTransformer ConvAddActivationFusion modified: 0 with status: OK
[2m2025-12-10T01:24:48.232423Z[0m [32m INFO[0m [2mort::logging[0m[2m:[0m GraphTransformer RemoveDuplicateCastTransformer modified: 0 with status: OK
[2m2025-12-10T01:24:48.232431Z[0m [32m INFO[0m [2mort::logging[0m[2m:[0m GraphTransformer CastFloat16Transformer modified: 0 with status: OK
[2m2025-12-10T01:24:48.232441Z[0m [32m INFO[0m [2mort::logging[0m[2m:[0m GraphTransformer MemcpyTransformer modified: 0 with status: OK
[2m2025-12-10T01:24:48.233654Z[0m [32m INFO[0m [2mort::logging[0m[2m:[0m Use DeviceBasedPartition as default
[2m2025-12-10T01:24:48.448441Z[0m [32m INFO[0m [2mort::logging[0m[2m:[0m Saving initialized tensors.
[2m2025-12-10T01:24:48.448774Z[0m [32m INFO[0m [2mort::logging[0m[2m:[0m Extending BFCArena for Cpu. bin_num:10 (requested) num_bytes: 442368 (actual) rounded_bytes:442368
[2m2025-12-10T01:24:48.448866Z[0m [32m INFO[0m [2mort::logging[0m[2m:[0m Extended allocation by 1048576 bytes.
[2m2025-12-10T01:24:48.448939Z[0m [32m INFO[0m [2mort::logging[0m[2m:[0m Total allocated bytes: 1048576
[2m2025-12-10T01:24:48.449008Z[0m [32m INFO[0m [2mort::logging[0m[2m:[0m Allocated memory at 0x5e7f0a4f4a40 to 0x5e7f0a5f4a40
[2m2025-12-10T01:24:48.449204Z[0m [32m INFO[0m [2mort::logging[0m[2m:[0m Extending BFCArena for Cpu. bin_num:12 (requested) num_bytes: 1327104 (actual) rounded_bytes:1327104
[2m2025-12-10T01:24:48.449298Z[0m [32m INFO[0m [2mort::logging[0m[2m:[0m Extended allocation by 2097152 bytes.
[2m2025-12-10T01:24:48.449375Z[0m [32m INFO[0m [2mort::logging[0m[2m:[0m Total allocated bytes: 3145728
[2m2025-12-10T01:24:48.449453Z[0m [32m INFO[0m [2mort::logging[0m[2m:[0m Allocated memory at 0x5e7f164bf480 to 0x5e7f166bf480
[2m2025-12-10T01:24:48.449709Z[0m [32m INFO[0m [2mort::logging[0m[2m:[0m Extending BFCArena for Cpu. bin_num:11 (requested) num_bytes: 884736 (actual) rounded_bytes:884736
[2m2025-12-10T01:24:48.449802Z[0m [32m INFO[0m [2mort::logging[0m[2m:[0m Extended allocation by 4194304 bytes.
[2m2025-12-10T01:24:48.449861Z[0m [32m INFO[0m [2mort::logging[0m[2m:[0m Total allocated bytes: 7340032
[2m2025-12-10T01:24:48.449918Z[0m [32m INFO[0m [2mort::logging[0m[2m:[0m Allocated memory at 0x5e7f09194ac0 to 0x5e7f09594ac0
[2m2025-12-10T01:24:48.450400Z[0m [32m INFO[0m [2mort::logging[0m[2m:[0m Extending BFCArena for Cpu. bin_num:1 (requested) num_bytes: 384 (actual) rounded_bytes:512
[2m2025-12-10T01:24:48.450489Z[0m [32m INFO[0m [2mort::logging[0m[2m:[0m Extended allocation by 8388608 bytes.
[2m2025-12-10T01:24:48.450561Z[0m [32m INFO[0m [2mort::logging[0m[2m:[0m Total allocated bytes: 15728640
[2m2025-12-10T01:24:48.450649Z[0m [32m INFO[0m [2mort::logging[0m[2m:[0m Allocated memory at 0x5e7f0acd4c80 to 0x5e7f0b4d4c80
[2m2025-12-10T01:24:48.451528Z[0m [32m INFO[0m [2mort::logging[0m[2m:[0m Extending BFCArena for Cpu. bin_num:13 (requested) num_bytes: 2985984 (actual) rounded_bytes:2985984
[2m2025-12-10T01:24:48.451630Z[0m [32m INFO[0m [2mort::logging[0m[2m:[0m Extended allocation by 16777216 bytes.
[2m2025-12-10T01:24:48.451696Z[0m [32m INFO[0m [2mort::logging[0m[2m:[0m Total allocated bytes: 32505856
[2m2025-12-10T01:24:48.451769Z[0m [32m INFO[0m [2mort::logging[0m[2m:[0m Allocated memory at 0x5e7f0c774dc0 to 0x5e7f0d774dc0
[2m2025-12-10T01:24:48.454264Z[0m [32m INFO[0m [2mort::logging[0m[2m:[0m Extending BFCArena for Cpu. bin_num:1 (requested) num_bytes: 384 (actual) rounded_bytes:512
[2m2025-12-10T01:24:48.454356Z[0m [32m INFO[0m [2mort::logging[0m[2m:[0m Extended allocation by 33554432 bytes.
[2m2025-12-10T01:24:48.454431Z[0m [32m INFO[0m [2mort::logging[0m[2m:[0m Total allocated bytes: 66060288
[2m2025-12-10T01:24:48.454498Z[0m [32m INFO[0m [2mort::logging[0m[2m:[0m Allocated memory at 0x5e7f0d774e00 to 0x5e7f0f774e00
[2m2025-12-10T01:24:48.531037Z[0m [32m INFO[0m [2mort::logging[0m[2m:[0m Extending BFCArena for Cpu. bin_num:13 (requested) num_bytes: 2985984 (actual) rounded_bytes:2985984
[2m2025-12-10T01:24:48.531210Z[0m [32m INFO[0m [2mort::logging[0m[2m:[0m Extended allocation by 67108864 bytes.
[2m2025-12-10T01:24:48.531290Z[0m [32m INFO[0m [2mort::logging[0m[2m:[0m Total allocated bytes: 133169152
[2m2025-12-10T01:24:48.531582Z[0m [32m INFO[0m [2mort::logging[0m[2m:[0m Allocated memory at 0x782a2bfff040 to 0x782a2ffff040
[2m2025-12-10T01:24:48.645437Z[0m [32m INFO[0m [2mort::logging[0m[2m:[0m Done saving initialized tensors
[2m2025-12-10T01:24:48.648460Z[0m [32m INFO[0m [2mort::logging[0m[2m:[0m Session successfully initialized.
[2m2025-12-10T01:24:48.648658Z[0m [32m INFO[0m [2mlum_rust_ws::domains::qr::rust_qreader[0m[2m:[0m ✅ RustQReader ONNX session initialized for Medium model
[2m2025-12-10T01:24:48.648759Z[0m [32m INFO[0m [2mlum_rust_ws::processing::qr_detection[0m[2m:[0m ✅ ONNX Medium model initialized successfully
[2m2025-12-10T01:24:48.648833Z[0m [32m INFO[0m [2mlum_rust_ws[0m[2m:[0m 🤖 ONNX ML models initialized for enhanced QR detection
[2m2025-12-10T01:24:48.648917Z[0m [32m INFO[0m [2mlum_rust_ws::services::push_notification_service[0m[2m:[0m FCM HTTP v1 configured for project: lum-rewards-app
[2m2025-12-10T01:24:48.946111Z[0m [32m INFO[0m [2mlum_rust_ws[0m[2m:[0m 📲 Push notification service initialized (FCM HTTP v1)
[2m2025-12-10T01:24:48.946273Z[0m [32m INFO[0m [2mlum_rust_ws[0m[2m:[0m 🔄 Push notification queue worker started (polling every 5s)
[2m2025-12-10T01:24:48.946390Z[0m [32m INFO[0m [2mlum_rust_ws::services::push_notification_service[0m[2m:[0m FCM HTTP v1 configured for project: lum-rewards-app
[2m2025-12-10T01:24:49.450979Z[0m [32m INFO[0m [2mlum_rust_ws[0m[2m:[0m 🔗 Webhook service initialized (merchant notifications ready)
[2m2025-12-10T01:24:49.451298Z[0m [32m INFO[0m [2mlum_rust_ws[0m[2m:[0m 🚦 Rate limiter service initialized (abuse prevention active)
[2m2025-12-10T01:24:49.451802Z[0m [32m INFO[0m [2mlum_rust_ws::services::scheduled_jobs_service[0m[2m:[0m Starting scheduled jobs...
[2m2025-12-10T01:24:49.452043Z[0m [32m INFO[0m [2mtokio_cron_scheduler::job_scheduler[0m[2m:[0m Uninited
[2m2025-12-10T01:24:49.454622Z[0m [32m INFO[0m [2mtokio_cron_scheduler::job_scheduler[0m[2m:[0m Job creator created
[2m2025-12-10T01:24:49.454688Z[0m [32m INFO[0m [2mlum_rust_ws::services::scheduled_jobs_service[0m[2m:[0m Added expire_redemptions job (hourly)
[2m2025-12-10T01:24:49.531267Z[0m [32m INFO[0m [2mtokio_cron_scheduler::job_scheduler[0m[2m:[0m Job creator created
[2m2025-12-10T01:24:49.531469Z[0m [32m INFO[0m [2mlum_rust_ws::services::scheduled_jobs_service[0m[2m:[0m Added cleanup_old_qr_codes job (daily at 3 AM)
[2m2025-12-10T01:24:49.549274Z[0m [32m INFO[0m [2mlum_rust_ws::services::push_notification_service[0m[2m:[0m Starting push notification queue worker (FCM HTTP v1, poll interval: 5s)
[2m2025-12-10T01:24:49.553451Z[0m [32m INFO[0m [2mtokio_cron_scheduler::job_scheduler[0m[2m:[0m Job creator created
[2m2025-12-10T01:24:49.553584Z[0m [32m INFO[0m [2mlum_rust_ws::services::scheduled_jobs_service[0m[2m:[0m Added refresh_integrity_views job (daily at 3:15 AM)
[2m2025-12-10T01:24:49.631579Z[0m [32m INFO[0m [2mtokio_cron_scheduler::job_scheduler[0m[2m:[0m Job creator created
[2m2025-12-10T01:24:49.631873Z[0m [32m INFO[0m [2mlum_rust_ws::services::scheduled_jobs_service[0m[2m:[0m Added recalculate_merchant_stats job (daily at 4 AM)
[2m2025-12-10T01:24:49.632028Z[0m [32m INFO[0m [2mtokio_cron_scheduler::job_scheduler[0m[2m:[0m Job creator created
[2m2025-12-10T01:24:49.632066Z[0m [32m INFO[0m [2mlum_rust_ws::services::scheduled_jobs_service[0m[2m:[0m Added expiration_alerts job (every 5 minutes)
[2m2025-12-10T01:24:49.632161Z[0m [32m INFO[0m [2mlum_rust_ws::services::scheduled_jobs_service[0m[2m:[0m All scheduled jobs started successfully
[2m2025-12-10T01:24:49.632232Z[0m [32m INFO[0m [2mlum_rust_ws[0m[2m:[0m ⏰ Scheduled jobs service started (nightly validation, expiration checks)
[2m2025-12-10T01:24:49.632334Z[0m [32m INFO[0m [2mlum_rust_ws[0m[2m:[0m ⏰ OfertasWs refresh scheduler initialized (10am & 3pm Panamá)
[2m2025-12-10T01:24:49.633507Z[0m [32m INFO[0m [2mlum_rust_ws::security[0m[2m:[0m 🌐 CORS configured with origins: https://lumapp.org,https://admin.lumapp.org
[2m2025-12-10T01:24:49.635949Z[0m [32m INFO[0m [2mlum_rust_ws[0m[2m:[0m listening on 0.0.0.0:8000
[2m2025-12-10T01:24:49.634008Z[0m [32m INFO[0m [2mtokio_cron_scheduler::job_scheduler[0m[2m:[0m Uninited
[2m2025-12-10T01:24:49.636331Z[0m [32m INFO[0m [2mtokio_cron_scheduler::job_scheduler[0m[2m:[0m Job creator created
[2m2025-12-10T01:24:49.636467Z[0m [32m INFO[0m [2mtokio_cron_scheduler::job_scheduler[0m[2m:[0m Job creator created
[2m2025-12-10T01:24:49.636522Z[0m [32m INFO[0m [2mlum_rust_ws::tasks::ofertasws_refresh[0m[2m:[0m ✅ OfertasWs refresh scheduler started
[2m2025-12-10T01:24:49.636588Z[0m [32m INFO[0m [2mlum_rust_ws::tasks::ofertasws_refresh[0m[2m:[0m    → 10am Panamá (3pm UTC): Daily refresh
[2m2025-12-10T01:24:49.636639Z[0m [32m INFO[0m [2mlum_rust_ws::tasks::ofertasws_refresh[0m[2m:[0m    → 3pm Panamá (8pm UTC): Daily refresh
[2m2025-12-10T01:25:00.172973Z[0m [32m INFO[0m [2mlum_rust_ws::services::scheduled_jobs_service[0m[2m:[0m Running expiration_alerts job...
[2m2025-12-10T01:25:00.176595Z[0m [32m INFO[0m [2mlum_rust_ws::services::scheduled_jobs_service[0m[2m:[0m Sent 0 expiration alerts
[2m2025-12-10T01:25:02.064013Z[0m [32m INFO[0m [2mlum_rust_ws::middleware::auth[0m[2m:[0m 🔐 JWT authentication successful [3muser_id[0m[2m=[0m1 [3memail[0m[2m=[0mandresfelipevalenciag@gmail.com
[2m2025-12-10T01:25:02.064299Z[0m [32m INFO[0m [2mlum_rust_ws::middleware::auth[0m[2m:[0m 🔐 JWT authentication successful [3muser_id[0m[2m=[0m1 [3memail[0m[2m=[0mandresfelipevalenciag@gmail.com
[2m2025-12-10T01:25:02.064565Z[0m [32m INFO[0m [2mlum_rust_ws::api::user_products_v4[0m[2m:[0m 🛒 Fetching user products for user_id: 1 [056261b2-bfb2-457a-b4e8-781e2c807a71]
[2m2025-12-10T01:25:02.149663Z[0m [32m INFO[0m [2mlum_rust_ws::api::user_products_v4[0m[2m:[0m ✅ Successfully fetched 3 products for user 1 (total: 1524, deleted: 0, date_filter: none) in 85ms [056261b2-bfb2-457a-b4e8-781e2c807a71]
[2m2025-12-10T01:25:02.242441Z[0m [32m INFO[0m [2mlum_rust_ws::middleware::auth[0m[2m:[0m 🔐 JWT authentication successful [3muser_id[0m[2m=[0m1 [3memail[0m[2m=[0mandresfelipevalenciag@gmail.com
[2m2025-12-10T01:25:02.242653Z[0m [32m INFO[0m [2mlum_rust_ws::middleware::auth[0m[2m:[0m 🔐 JWT authentication successful [3muser_id[0m[2m=[0m1 [3memail[0m[2m=[0mandresfelipevalenciag@gmail.com
[2m2025-12-10T01:25:02.242693Z[0m [32m INFO[0m [2mlum_rust_ws::api::user_products_v4[0m[2m:[0m 🛒 Fetching user products for user_id: 1 [1dbb4e37-60af-4476-99b7-5f617315cf9a]
[2m2025-12-10T01:25:02.242706Z[0m [32m INFO[0m [2mlum_rust_ws::api::user_products_v4[0m[2m:[0m 🗓️ Using update_date filter: 2025-10-31 10:40:50.209311 [1dbb4e37-60af-4476-99b7-5f617315cf9a]
[2m2025-12-10T01:25:02.333414Z[0m [32m INFO[0m [2mlum_rust_ws::api::user_products_v4[0m[2m:[0m ✅ Successfully fetched 0 products for user 1 (total: 1524, deleted: 0, date_filter: 2025-10-31T10:40:50.209311Z) in 90ms [1dbb4e37-60af-4476-99b7-5f617315cf9a]
[2m2025-12-10T01:25:02.435598Z[0m [32m INFO[0m [2mlum_rust_ws::middleware::auth[0m[2m:[0m 🔐 JWT authentication successful [3muser_id[0m[2m=[0m1 [3memail[0m[2m=[0mandresfelipevalenciag@gmail.com
[2m2025-12-10T01:25:02.435703Z[0m [32m INFO[0m [2mlum_rust_ws::middleware::auth[0m[2m:[0m 🔐 JWT authentication successful [3muser_id[0m[2m=[0m1 [3memail[0m[2m=[0mandresfelipevalenciag@gmail.com
[2m2025-12-10T01:25:02.435731Z[0m [32m INFO[0m [2mlum_rust_ws::api::user_issuers_v4[0m[2m:[0m 📋 Fetching user issuers for user_id: 1 [b6f4f533-9a78-425c-9750-dee94bf1f78a]
[2m2025-12-10T01:25:02.440392Z[0m [32m INFO[0m [2mlum_rust_ws::api::user_issuers_v4[0m[2m:[0m ✅ Successfully fetched 3 issuers for user 1 (total: 109, deleted: 0, date_filter: none) in 4ms [b6f4f533-9a78-425c-9750-dee94bf1f78a]
[2m2025-12-10T01:25:02.545029Z[0m [32m INFO[0m [2mlum_rust_ws::middleware::auth[0m[2m:[0m 🔐 JWT authentication successful [3muser_id[0m[2m=[0m1 [3memail[0m[2m=[0mandresfelipevalenciag@gmail.com
[2m2025-12-10T01:25:02.545243Z[0m [32m INFO[0m [2mlum_rust_ws::middleware::auth[0m[2m:[0m 🔐 JWT authentication successful [3muser_id[0m[2m=[0m1 [3memail[0m[2m=[0mandresfelipevalenciag@gmail.com
[2m2025-12-10T01:25:02.545381Z[0m [32m INFO[0m [2mlum_rust_ws::api::user_issuers_v4[0m[2m:[0m 📋 Fetching user issuers for user_id: 1 [f5a370b0-dc17-4676-aa38-1510e4060410]
[2m2025-12-10T01:25:02.545466Z[0m [32m INFO[0m [2mlum_rust_ws::api::user_issuers_v4[0m[2m:[0m 🗓️ Using update_date filter: 2025-10-31 10:40:50.209311 [f5a370b0-dc17-4676-aa38-1510e4060410]
[2m2025-12-10T01:25:02.631619Z[0m [32m INFO[0m [2mlum_rust_ws::api::user_issuers_v4[0m[2m:[0m ✅ Successfully fetched 0 issuers for user 1 (total: 109, deleted: 0, date_filter: 2025-10-31T10:40:50.209311Z) in 86ms [f5a370b0-dc17-4676-aa38-1510e4060410]
[2m2025-12-10T01:25:09.732438Z[0m [32m INFO[0m [2mlum_rust_ws::middleware::auth[0m[2m:[0m 🔐 JWT authentication successful [3muser_id[0m[2m=[0m1 [3memail[0m[2m=[0mandresfelipevalenciag@gmail.com
[2m2025-12-10T01:25:09.732510Z[0m [32m INFO[0m [2mlum_rust_ws::middleware::auth[0m[2m:[0m 🔐 JWT authentication successful [3muser_id[0m[2m=[0m1 [3memail[0m[2m=[0mandresfelipevalenciag@gmail.com
[2m2025-12-10T01:25:09.732534Z[0m [32m INFO[0m [2mlum_rust_ws::api::user_products_v4[0m[2m:[0m 🛒 Fetching user products for user_id: 1 [b730602e-ca61-42a1-b08b-d86b0a786135]
[2m2025-12-10T01:25:09.732544Z[0m [32m INFO[0m [2mlum_rust_ws::api::user_products_v4[0m[2m:[0m 🗓️ Using update_date filter: 2025-10-31 10:40:50.209311 [b730602e-ca61-42a1-b08b-d86b0a786135]
[2m2025-12-10T01:25:09.741689Z[0m [32m INFO[0m [2mlum_rust_ws::api::user_products_v4[0m[2m:[0m ✅ Successfully fetched 0 products for user 1 (total: 1524, deleted: 0, date_filter: 2025-10-31T10:40:50.209311Z) in 9ms [b730602e-ca61-42a1-b08b-d86b0a786135]
[2m2025-12-10T01:25:16.940014Z[0m [32m INFO[0m [2mlum_rust_ws::middleware::auth[0m[2m:[0m 🔐 JWT authentication successful [3muser_id[0m[2m=[0m1 [3memail[0m[2m=[0mandresfelipevalenciag@gmail.com
[2m2025-12-10T01:25:16.940108Z[0m [32m INFO[0m [2mlum_rust_ws::middleware::auth[0m[2m:[0m 🔐 JWT authentication successful [3muser_id[0m[2m=[0m1 [3memail[0m[2m=[0mandresfelipevalenciag@gmail.com
[2m2025-12-10T01:25:16.940138Z[0m [32m INFO[0m [2mlum_rust_ws::api::user_issuers_v4[0m[2m:[0m 📋 Fetching user issuers for user_id: 1 [d18fa73c-de18-4fe0-960f-18cc70a0e7f5]
[2m2025-12-10T01:25:16.947575Z[0m [32m INFO[0m [2mlum_rust_ws::api::user_issuers_v4[0m[2m:[0m ✅ Successfully fetched 3 issuers for user 1 (total: 109, deleted: 0, date_filter: none) in 7ms [d18fa73c-de18-4fe0-960f-18cc70a0e7f5]
[2m2025-12-10T01:25:30.161795Z[0m [32m INFO[0m [2mlum_rust_ws::middleware::auth[0m[2m:[0m 🔐 JWT authentication successful [3muser_id[0m[2m=[0m1 [3memail[0m[2m=[0mandresfelipevalenciag@gmail.com
[2m2025-12-10T01:25:30.161872Z[0m [32m INFO[0m [2mlum_rust_ws::middleware::auth[0m[2m:[0m 🔐 JWT authentication successful [3muser_id[0m[2m=[0m1 [3memail[0m[2m=[0mandresfelipevalenciag@gmail.com
[2m2025-12-10T01:25:30.161912Z[0m [32m INFO[0m [2mlum_rust_ws::api::user_issuers_v4[0m[2m:[0m 📋 Fetching user issuers for user_id: 1 [c9548a04-3700-48a6-b41b-af45f1d654e2]
[2m2025-12-10T01:25:30.161925Z[0m [32m INFO[0m [2mlum_rust_ws::api::user_issuers_v4[0m[2m:[0m 🗓️ Using update_date filter: 2025-10-31 10:40:50.209311 [c9548a04-3700-48a6-b41b-af45f1d654e2]
[2m2025-12-10T01:25:30.232239Z[0m [32m INFO[0m [2mlum_rust_ws::api::user_issuers_v4[0m[2m:[0m ✅ Successfully fetched 0 issuers for user 1 (total: 109, deleted: 0, date_filter: 2025-10-31T10:40:50.209311Z) in 70ms [c9548a04-3700-48a6-b41b-af45f1d654e2]
[2m2025-12-10T01:25:41.956158Z[0m [32m INFO[0m [2mlum_rust_ws::middleware::auth[0m[2m:[0m 🔐 JWT authentication successful [3muser_id[0m[2m=[0m1 [3memail[0m[2m=[0mandresfelipevalenciag@gmail.com
[2m2025-12-10T01:25:41.956234Z[0m [32m INFO[0m [2mlum_rust_ws::middleware::auth[0m[2m:[0m 🔐 JWT authentication successful [3muser_id[0m[2m=[0m1 [3memail[0m[2m=[0mandresfelipevalenciag@gmail.com
[2m2025-12-10T01:25:41.956285Z[0m [32m INFO[0m [2mlum_rust_ws::api::user_products_v4[0m[2m:[0m 🛒 Fetching user products for user_id: 1 [cfd6def1-f7cb-4895-a43d-d2deca0cc854]
[2m2025-12-10T01:25:41.956298Z[0m [32m INFO[0m [2mlum_rust_ws::api::user_products_v4[0m[2m:[0m 🗓️ Using update_date filter: 2024-01-01 00:00:00 [cfd6def1-f7cb-4895-a43d-d2deca0cc854]
[2m2025-12-10T01:25:41.970947Z[0m [32m INFO[0m [2mlum_rust_ws::api::user_products_v4[0m[2m:[0m ✅ Successfully fetched 5 products for user 1 (total: 1524, deleted: 0, date_filter: 2024-01-01T00:00:00Z) in 14ms [cfd6def1-f7cb-4895-a43d-d2deca0cc854]
[2m2025-12-10T01:27:38.339926Z[0m [32m INFO[0m [2mlum_rust_ws::api::root_v4[0m[2m:[0m Request 37b00b07-760c-4401-bba8-aea5ae1c53b4: Root endpoint accessed
[2m2025-12-10T01:28:28.857958Z[0m [32m INFO[0m [2mlum_rust_ws[0m[2m:[0m signal received, starting graceful shutdown
[2m2025-12-10T01:28:28.859699Z[0m [32m INFO[0m [2mlum_rust_ws[0m[2m:[0m ✅ Server shutdown completed
